<?xml version="1.0" encoding="UTF-8"?>
<coverage generated="1780742084632" clover="3.2.0">
  <project timestamp="1780742084632" name="All files">
    <metrics statements="980" coveredstatements="970" conditionals="612" coveredconditionals="536" methods="164" coveredmethods="162" elements="1756" coveredelements="1668" complexity="0" loc="980" ncloc="980" packages="1" files="4" classes="4"/>
    <file name="frontend.js" path="/home/u1017/memory_scheduling/frontend_test/frontend.js">
      <metrics statements="359" coveredstatements="352" conditionals="230" coveredconditionals="198" methods="49" coveredmethods="48"/>
      <line num="1" count="1" type="stmt"/>
      <line num="2" count="1" type="stmt"/>
      <line num="4" count="1" type="stmt"/>
      <line num="5" count="1" type="stmt"/>
      <line num="6" count="1" type="stmt"/>
      <line num="7" count="1" type="stmt"/>
      <line num="8" count="1" type="stmt"/>
      <line num="9" count="1" type="stmt"/>
      <line num="12" count="45" type="cond" truecount="1" falsecount="1"/>
      <line num="13" count="45" type="stmt"/>
      <line num="23" count="45" type="stmt"/>
      <line num="26" count="1" type="stmt"/>
      <line num="27" count="4" type="stmt"/>
      <line num="28" count="4" type="stmt"/>
      <line num="30" count="4" type="stmt"/>
      <line num="31" count="4" type="stmt"/>
      <line num="33" count="4" type="cond" truecount="2" falsecount="0"/>
      <line num="34" count="3" type="stmt"/>
      <line num="35" count="3" type="stmt"/>
      <line num="36" count="2" type="stmt"/>
      <line num="37" count="2" type="stmt"/>
      <line num="39" count="2" type="stmt"/>
      <line num="40" count="2" type="stmt"/>
      <line num="42" count="2" type="cond" truecount="2" falsecount="0"/>
      <line num="43" count="1" type="stmt"/>
      <line num="46" count="2" type="cond" truecount="2" falsecount="0"/>
      <line num="47" count="2" type="cond" truecount="2" falsecount="0"/>
      <line num="49" count="2" type="cond" truecount="1" falsecount="1"/>
      <line num="50" count="2" type="stmt"/>
      <line num="51" count="2" type="cond" truecount="2" falsecount="0"/>
      <line num="52" count="2" type="cond" truecount="2" falsecount="0"/>
      <line num="54" count="2" type="cond" truecount="4" falsecount="0"/>
      <line num="55" count="1" type="stmt"/>
      <line num="56" count="1" type="cond" truecount="2" falsecount="0"/>
      <line num="57" count="1" type="cond" truecount="1" falsecount="1"/>
      <line num="58" count="1" type="stmt"/>
      <line num="59" count="1" type="stmt"/>
      <line num="60" count="1" type="stmt"/>
      <line num="63" count="1" type="stmt"/>
      <line num="65" count="1" type="cond" truecount="1" falsecount="1"/>
      <line num="66" count="1" type="stmt"/>
      <line num="67" count="1" type="stmt"/>
      <line num="68" count="1" type="stmt"/>
      <line num="69" count="1" type="stmt"/>
      <line num="71" count="1" type="stmt"/>
      <line num="72" count="1" type="stmt"/>
      <line num="73" count="1" type="cond" truecount="1" falsecount="1"/>
      <line num="74" count="0" type="stmt"/>
      <line num="75" count="0" type="stmt"/>
      <line num="79" count="1" type="cond" truecount="1" falsecount="1"/>
      <line num="80" count="0" type="stmt"/>
      <line num="81" count="0" type="stmt"/>
      <line num="82" count="0" type="stmt"/>
      <line num="84" count="1" type="stmt"/>
      <line num="87" count="0" type="stmt"/>
      <line num="93" count="1" type="stmt"/>
      <line num="97" count="1" type="stmt"/>
      <line num="98" count="1" type="stmt"/>
      <line num="102" count="3" type="stmt"/>
      <line num="103" count="3" type="stmt"/>
      <line num="104" count="3" type="stmt"/>
      <line num="105" count="3" type="stmt"/>
      <line num="108" count="1" type="stmt"/>
      <line num="109" count="2" type="stmt"/>
      <line num="110" count="2" type="stmt"/>
      <line num="111" count="2" type="cond" truecount="5" falsecount="0"/>
      <line num="112" count="1" type="stmt"/>
      <line num="115" count="2" type="stmt"/>
      <line num="116" count="2" type="cond" truecount="2" falsecount="0"/>
      <line num="117" count="1" type="stmt"/>
      <line num="122" count="6" type="stmt"/>
      <line num="123" count="6" type="cond" truecount="2" falsecount="0"/>
      <line num="124" count="4" type="stmt"/>
      <line num="125" count="4" type="stmt"/>
      <line num="127" count="3" type="stmt"/>
      <line num="128" count="3" type="stmt"/>
      <line num="129" count="3" type="stmt"/>
      <line num="130" count="3" type="stmt"/>
      <line num="131" count="3" type="stmt"/>
      <line num="133" count="3" type="stmt"/>
      <line num="134" count="3" type="cond" truecount="4" falsecount="0"/>
      <line num="135" count="1" type="stmt"/>
      <line num="136" count="1" type="stmt"/>
      <line num="139" count="2" type="stmt"/>
      <line num="142" count="1" type="stmt"/>
      <line num="148" count="2" type="cond" truecount="2" falsecount="0"/>
      <line num="149" count="1" type="stmt"/>
      <line num="150" count="1" type="stmt"/>
      <line num="151" count="1" type="stmt"/>
      <line num="156" count="8" type="stmt"/>
      <line num="157" count="8" type="stmt"/>
      <line num="158" count="8" type="stmt"/>
      <line num="159" count="8" type="cond" truecount="2" falsecount="0"/>
      <line num="160" count="7" type="stmt"/>
      <line num="161" count="7" type="stmt"/>
      <line num="163" count="7" type="stmt"/>
      <line num="164" count="3" type="stmt"/>
      <line num="166" count="1" type="stmt"/>
      <line num="169" count="1" type="stmt"/>
      <line num="170" count="1" type="stmt"/>
      <line num="171" count="12" type="stmt"/>
      <line num="173" count="1" type="stmt"/>
      <line num="174" count="6" type="stmt"/>
      <line num="179" count="3" type="stmt"/>
      <line num="180" count="3" type="stmt"/>
      <line num="182" count="3" type="stmt"/>
      <line num="183" count="3" type="stmt"/>
      <line num="184" count="2" type="cond" truecount="1" falsecount="1"/>
      <line num="185" count="2" type="stmt"/>
      <line num="186" count="2" type="stmt"/>
      <line num="188" count="2" type="stmt"/>
      <line num="189" count="1" type="stmt"/>
      <line num="192" count="1" type="stmt"/>
      <line num="197" count="5" type="stmt"/>
      <line num="198" count="5" type="stmt"/>
      <line num="200" count="5" type="cond" truecount="2" falsecount="0"/>
      <line num="201" count="2" type="stmt"/>
      <line num="202" count="2" type="stmt"/>
      <line num="205" count="3" type="stmt"/>
      <line num="207" count="3" type="stmt"/>
      <line num="208" count="3" type="stmt"/>
      <line num="209" count="3" type="cond" truecount="2" falsecount="0"/>
      <line num="210" count="2" type="stmt"/>
      <line num="211" count="2" type="cond" truecount="2" falsecount="0"/>
      <line num="212" count="1" type="stmt"/>
      <line num="213" count="1" type="stmt"/>
      <line num="216" count="1" type="stmt"/>
      <line num="223" count="1" type="stmt"/>
      <line num="226" count="1" type="stmt"/>
      <line num="231" count="3" type="cond" truecount="2" falsecount="0"/>
      <line num="232" count="1" type="stmt"/>
      <line num="235" count="2" type="stmt"/>
      <line num="236" count="2" type="stmt"/>
      <line num="237" count="2" type="stmt"/>
      <line num="241" count="2" type="cond" truecount="2" falsecount="0"/>
      <line num="242" count="1" type="stmt"/>
      <line num="244" count="1" type="stmt"/>
      <line num="245" count="1" type="stmt"/>
      <line num="247" count="1" type="stmt"/>
      <line num="248" count="1" type="cond" truecount="1" falsecount="1"/>
      <line num="249" count="0" type="stmt"/>
      <line num="253" count="1" type="stmt"/>
      <line num="254" count="1" type="cond" truecount="1" falsecount="1"/>
      <line num="257" count="1" type="stmt"/>
      <line num="258" count="1" type="stmt"/>
      <line num="263" count="5" type="stmt"/>
      <line num="264" count="5" type="stmt"/>
      <line num="265" count="5" type="stmt"/>
      <line num="267" count="5" type="cond" truecount="2" falsecount="0"/>
      <line num="268" count="3" type="stmt"/>
      <line num="269" count="3" type="stmt"/>
      <line num="270" count="3" type="stmt"/>
      <line num="273" count="2" type="stmt"/>
      <line num="274" count="2" type="stmt"/>
      <line num="276" count="2" type="stmt"/>
      <line num="277" count="2" type="stmt"/>
      <line num="278" count="2" type="cond" truecount="2" falsecount="0"/>
      <line num="279" count="1" type="stmt"/>
      <line num="280" count="1" type="stmt"/>
      <line num="281" count="1" type="stmt"/>
      <line num="283" count="1" type="stmt"/>
      <line num="285" count="1" type="stmt"/>
      <line num="288" count="1" type="stmt"/>
      <line num="289" count="1" type="stmt"/>
      <line num="290" count="1" type="stmt"/>
      <line num="295" count="10" type="stmt"/>
      <line num="296" count="10" type="stmt"/>
      <line num="297" count="10" type="stmt"/>
      <line num="298" count="10" type="stmt"/>
      <line num="299" count="10" type="stmt"/>
      <line num="300" count="10" type="stmt"/>
      <line num="302" count="10" type="cond" truecount="2" falsecount="0"/>
      <line num="303" count="1" type="stmt"/>
      <line num="304" count="1" type="stmt"/>
      <line num="305" count="1" type="stmt"/>
      <line num="306" count="1" type="stmt"/>
      <line num="309" count="9" type="stmt"/>
      <line num="310" count="9" type="stmt"/>
      <line num="311" count="9" type="stmt"/>
      <line num="312" count="9" type="stmt"/>
      <line num="313" count="9" type="stmt"/>
      <line num="315" count="9" type="stmt"/>
      <line num="316" count="9" type="stmt"/>
      <line num="317" count="9" type="cond" truecount="1" falsecount="1"/>
      <line num="318" count="9" type="stmt"/>
      <line num="321" count="9" type="stmt"/>
      <line num="323" count="9" type="cond" truecount="2" falsecount="0"/>
      <line num="324" count="1" type="stmt"/>
      <line num="327" count="8" type="stmt"/>
      <line num="329" count="8" type="cond" truecount="4" falsecount="0"/>
      <line num="330" count="1" type="stmt"/>
      <line num="331" count="1" type="stmt"/>
      <line num="332" count="1" type="stmt"/>
      <line num="333" count="1" type="stmt"/>
      <line num="339" count="1" type="stmt"/>
      <line num="340" count="1" type="stmt"/>
      <line num="343" count="7" type="stmt"/>
      <line num="344" count="7" type="stmt"/>
      <line num="345" count="7" type="stmt"/>
      <line num="348" count="1" type="stmt"/>
      <line num="349" count="1" type="stmt"/>
      <line num="350" count="1" type="stmt"/>
      <line num="360" count="48" type="stmt"/>
      <line num="361" count="48" type="cond" truecount="2" falsecount="0"/>
      <line num="362" count="9" type="stmt"/>
      <line num="365" count="48" type="stmt"/>
      <line num="366" count="48" type="stmt"/>
      <line num="367" count="96" type="cond" truecount="2" falsecount="0"/>
      <line num="368" count="48" type="stmt"/>
      <line num="370" count="48" type="stmt"/>
      <line num="374" count="48" type="cond" truecount="2" falsecount="0"/>
      <line num="376" count="38" type="cond" truecount="2" falsecount="0"/>
      <line num="378" count="2" type="cond" truecount="1" falsecount="1"/>
      <line num="380" count="38" type="stmt"/>
      <line num="381" count="38" type="stmt"/>
      <line num="382" count="38" type="stmt"/>
      <line num="384" count="38" type="cond" truecount="2" falsecount="0"/>
      <line num="385" count="38" type="stmt"/>
      <line num="387" count="38" type="stmt"/>
      <line num="391" count="42" type="stmt"/>
      <line num="392" count="42" type="stmt"/>
      <line num="393" count="42" type="stmt"/>
      <line num="395" count="42" type="stmt"/>
      <line num="396" count="42" type="stmt"/>
      <line num="398" count="42" type="stmt"/>
      <line num="402" count="1" type="stmt"/>
      <line num="403" count="1" type="stmt"/>
      <line num="404" count="1" type="stmt"/>
      <line num="405" count="1" type="stmt"/>
      <line num="409" count="44" type="stmt"/>
      <line num="410" count="44" type="stmt"/>
      <line num="412" count="44" type="cond" truecount="2" falsecount="0"/>
      <line num="413" count="40" type="stmt"/>
      <line num="414" count="40" type="stmt"/>
      <line num="417" count="4" type="stmt"/>
      <line num="418" count="4" type="stmt"/>
      <line num="419" count="9" type="cond" truecount="2" falsecount="0"/>
      <line num="420" count="9" type="stmt"/>
      <line num="422" count="4" type="stmt"/>
      <line num="426" count="211" type="cond" truecount="8" falsecount="0"/>
      <line num="427" count="108" type="stmt"/>
      <line num="429" count="103" type="stmt"/>
      <line num="433" count="44" type="stmt"/>
      <line num="435" count="44" type="cond" truecount="2" falsecount="0"/>
      <line num="436" count="14" type="stmt"/>
      <line num="441" count="14" type="stmt"/>
      <line num="444" count="30" type="stmt"/>
      <line num="445" count="95" type="stmt"/>
      <line num="446" count="95" type="stmt"/>
      <line num="447" count="95" type="cond" truecount="5" falsecount="0"/>
      <line num="448" count="95" type="stmt"/>
      <line num="450" count="95" type="stmt"/>
      <line num="481" count="518" type="stmt"/>
      <line num="490" count="218" type="stmt"/>
      <line num="494" count="1" type="stmt"/>
      <line num="495" count="1" type="stmt"/>
      <line num="496" count="1" type="stmt"/>
      <line num="500" count="40" type="cond" truecount="2" falsecount="0"/>
      <line num="501" count="23" type="cond" truecount="2" falsecount="2"/>
      <line num="503" count="88" type="cond" truecount="4" falsecount="0"/>
      <line num="505" count="40" type="stmt"/>
      <line num="509" count="103" type="cond" truecount="2" falsecount="0"/>
      <line num="510" count="45" type="stmt"/>
      <line num="511" count="45" type="stmt"/>
      <line num="512" count="45" type="stmt"/>
      <line num="513" count="45" type="stmt"/>
      <line num="515" count="45" type="stmt"/>
      <line num="516" count="45" type="stmt"/>
      <line num="518" count="45" type="cond" truecount="2" falsecount="0"/>
      <line num="522" count="10" type="stmt"/>
      <line num="523" count="10" type="stmt"/>
      <line num="524" count="10" type="stmt"/>
      <line num="526" count="10" type="stmt"/>
      <line num="527" count="10" type="cond" truecount="4" falsecount="0"/>
      <line num="528" count="1" type="stmt"/>
      <line num="529" count="1" type="stmt"/>
      <line num="532" count="9" type="stmt"/>
      <line num="533" count="9" type="stmt"/>
      <line num="535" count="9" type="cond" truecount="4" falsecount="0"/>
      <line num="536" count="48" type="stmt"/>
      <line num="539" count="9" type="cond" truecount="2" falsecount="0"/>
      <line num="540" count="6" type="stmt"/>
      <line num="541" count="48" type="cond" truecount="2" falsecount="1"/>
      <line num="544" count="6" type="stmt"/>
      <line num="547" count="9" type="cond" truecount="2" falsecount="0"/>
      <line num="548" count="3" type="stmt"/>
      <line num="549" count="5" type="cond" truecount="3" falsecount="0"/>
      <line num="552" count="3" type="stmt"/>
      <line num="555" count="9" type="cond" truecount="2" falsecount="0"/>
      <line num="556" count="4" type="stmt"/>
      <line num="557" count="4" type="stmt"/>
      <line num="560" count="5" type="cond" truecount="2" falsecount="2"/>
      <line num="561" count="5" type="stmt"/>
      <line num="563" count="5" type="stmt"/>
      <line num="565" count="5" type="stmt"/>
      <line num="566" count="7" type="stmt"/>
      <line num="567" count="7" type="stmt"/>
      <line num="568" count="7" type="cond" truecount="4" falsecount="1"/>
      <line num="569" count="7" type="stmt"/>
      <line num="571" count="7" type="stmt"/>
      <line num="598" count="5" type="stmt"/>
      <line num="602" count="3" type="stmt"/>
      <line num="604" count="3" type="stmt"/>
      <line num="605" count="3" type="stmt"/>
      <line num="606" count="3" type="stmt"/>
      <line num="607" count="3" type="stmt"/>
      <line num="608" count="3" type="stmt"/>
      <line num="610" count="3" type="cond" truecount="6" falsecount="0"/>
      <line num="611" count="1" type="stmt"/>
      <line num="612" count="1" type="stmt"/>
      <line num="615" count="2" type="stmt"/>
      <line num="616" count="2" type="stmt"/>
      <line num="617" count="2" type="stmt"/>
      <line num="618" count="2" type="stmt"/>
      <line num="620" count="2" type="stmt"/>
      <line num="621" count="2" type="stmt"/>
      <line num="632" count="2" type="cond" truecount="2" falsecount="0"/>
      <line num="633" count="1" type="stmt"/>
      <line num="635" count="1" type="stmt"/>
      <line num="636" count="1" type="stmt"/>
      <line num="638" count="1" type="stmt"/>
      <line num="639" count="1" type="cond" truecount="1" falsecount="1"/>
      <line num="642" count="1" type="stmt"/>
      <line num="643" count="1" type="stmt"/>
      <line num="645" count="2" type="stmt"/>
      <line num="646" count="2" type="stmt"/>
      <line num="647" count="2" type="stmt"/>
      <line num="652" count="2" type="stmt"/>
      <line num="653" count="2" type="stmt"/>
      <line num="654" count="1" type="stmt"/>
      <line num="655" count="1" type="cond" truecount="4" falsecount="1"/>
      <line num="656" count="1" type="cond" truecount="4" falsecount="0"/>
      <line num="658" count="1" type="stmt"/>
      <line num="659" count="1" type="cond" truecount="1" falsecount="1"/>
      <line num="660" count="1" type="cond" truecount="1" falsecount="1"/>
      <line num="662" count="1" type="stmt"/>
      <line num="670" count="1" type="stmt"/>
      <line num="672" count="1" type="stmt"/>
      <line num="673" count="1" type="stmt"/>
      <line num="678" count="3" type="stmt"/>
      <line num="679" count="3" type="stmt"/>
      <line num="680" count="2" type="stmt"/>
      <line num="681" count="2" type="stmt"/>
      <line num="683" count="2" type="stmt"/>
      <line num="684" count="2" type="cond" truecount="1" falsecount="1"/>
      <line num="685" count="2" type="stmt"/>
      <line num="688" count="2" type="cond" truecount="2" falsecount="0"/>
      <line num="689" count="2" type="cond" truecount="2" falsecount="0"/>
      <line num="690" count="1" type="stmt"/>
      <line num="691" count="1" type="stmt"/>
      <line num="694" count="1" type="stmt"/>
      <line num="695" count="1" type="cond" truecount="4" falsecount="0"/>
      <line num="696" count="1" type="cond" truecount="6" falsecount="1"/>
      <line num="698" count="1" type="stmt"/>
      <line num="711" count="1" type="stmt"/>
      <line num="712" count="1" type="stmt"/>
      <line num="713" count="1" type="stmt"/>
      <line num="715" count="1" type="stmt"/>
      <line num="716" count="1" type="stmt"/>
    </file>
    <file name="login.js" path="/home/u1017/memory_scheduling/frontend_test/login.js">
      <metrics statements="19" coveredstatements="19" conditionals="8" coveredconditionals="8" methods="3" coveredmethods="3"/>
      <line num="2" count="5" type="stmt"/>
      <line num="3" count="5" type="stmt"/>
      <line num="4" count="5" type="stmt"/>
      <line num="5" count="5" type="stmt"/>
      <line num="6" count="5" type="stmt"/>
      <line num="8" count="5" type="stmt"/>
      <line num="9" count="10" type="stmt"/>
      <line num="11" count="5" type="cond" truecount="6" falsecount="0"/>
      <line num="12" count="4" type="stmt"/>
      <line num="13" count="4" type="stmt"/>
      <line num="16" count="1" type="stmt"/>
      <line num="25" count="1" type="stmt"/>
      <line num="26" count="1" type="stmt"/>
      <line num="27" count="1" type="stmt"/>
      <line num="30" count="1" type="stmt"/>
      <line num="31" count="2" type="stmt"/>
      <line num="32" count="2" type="cond" truecount="2" falsecount="0"/>
      <line num="33" count="1" type="stmt"/>
      <line num="34" count="1" type="stmt"/>
    </file>
    <file name="my_notice_archive.js" path="/home/u1017/memory_scheduling/frontend_test/my_notice_archive.js">
      <metrics statements="203" coveredstatements="201" conditionals="152" coveredconditionals="129" methods="51" coveredmethods="51"/>
      <line num="6" count="20" type="stmt"/>
      <line num="9" count="20" type="stmt"/>
      <line num="10" count="20" type="stmt"/>
      <line num="11" count="20" type="stmt"/>
      <line num="14" count="20" type="stmt"/>
      <line num="58" count="17" type="cond" truecount="4" falsecount="0"/>
      <line num="59" count="10" type="stmt"/>
      <line num="60" count="10" type="cond" truecount="2" falsecount="0"/>
      <line num="61" count="9" type="stmt"/>
      <line num="62" count="9" type="stmt"/>
      <line num="67" count="173" type="cond" truecount="2" falsecount="0"/>
      <line num="77" count="70" type="cond" truecount="1" falsecount="1"/>
      <line num="85" count="89" type="stmt"/>
      <line num="86" count="89" type="stmt"/>
      <line num="87" count="89" type="cond" truecount="2" falsecount="0"/>
      <line num="88" count="20" type="stmt"/>
      <line num="89" count="19" type="cond" truecount="1" falsecount="1"/>
      <line num="91" count="1" type="stmt"/>
      <line num="96" count="2" type="stmt"/>
      <line num="97" count="2" type="stmt"/>
      <line num="98" count="2" type="stmt"/>
      <line num="106" count="30" type="stmt"/>
      <line num="122" count="14" type="cond" truecount="2" falsecount="0"/>
      <line num="123" count="5" type="cond" truecount="2" falsecount="0"/>
      <line num="124" count="1" type="cond" truecount="1" falsecount="1"/>
      <line num="125" count="1" type="stmt"/>
      <line num="130" count="14" type="stmt"/>
      <line num="137" count="14" type="cond" truecount="1" falsecount="1"/>
      <line num="142" count="14" type="cond" truecount="1" falsecount="1"/>
      <line num="147" count="48" type="stmt"/>
      <line num="148" count="19" type="cond" truecount="2" falsecount="0"/>
      <line num="149" count="4" type="stmt"/>
      <line num="151" count="15" type="cond" truecount="2" falsecount="0"/>
      <line num="152" count="4" type="cond" truecount="2" falsecount="0"/>
      <line num="153" count="4" type="cond" truecount="2" falsecount="0"/>
      <line num="154" count="4" type="stmt"/>
      <line num="156" count="11" type="cond" truecount="2" falsecount="0"/>
      <line num="157" count="3" type="cond" truecount="2" falsecount="0"/>
      <line num="158" count="3" type="cond" truecount="2" falsecount="0"/>
      <line num="159" count="3" type="stmt"/>
      <line num="162" count="8" type="stmt"/>
      <line num="167" count="88" type="stmt"/>
      <line num="171" count="43" type="stmt"/>
      <line num="172" count="43" type="stmt"/>
      <line num="173" count="43" type="stmt"/>
      <line num="175" count="43" type="stmt"/>
      <line num="176" count="14" type="stmt"/>
      <line num="177" count="14" type="stmt"/>
      <line num="179" count="43" type="stmt"/>
      <line num="188" count="43" type="stmt"/>
      <line num="190" count="43" type="stmt"/>
      <line num="202" count="43" type="stmt"/>
      <line num="203" count="14" type="cond" truecount="1" falsecount="1"/>
      <line num="204" count="14" type="cond" truecount="2" falsecount="0"/>
      <line num="205" count="13" type="stmt"/>
      <line num="207" count="1" type="stmt"/>
      <line num="211" count="43" type="stmt"/>
      <line num="212" count="43" type="stmt"/>
      <line num="213" count="43" type="stmt"/>
      <line num="214" count="43" type="stmt"/>
      <line num="215" count="43" type="stmt"/>
      <line num="216" count="43" type="stmt"/>
      <line num="217" count="43" type="stmt"/>
      <line num="218" count="43" type="stmt"/>
      <line num="219" count="43" type="stmt"/>
      <line num="220" count="43" type="stmt"/>
      <line num="225" count="43" type="cond" truecount="2" falsecount="0"/>
      <line num="226" count="35" type="stmt"/>
      <line num="227" count="35" type="stmt"/>
      <line num="230" count="14" type="stmt"/>
      <line num="252" count="43" type="cond" truecount="2" falsecount="0"/>
      <line num="253" count="35" type="stmt"/>
      <line num="254" count="35" type="stmt"/>
      <line num="257" count="14" type="stmt"/>
      <line num="309" count="43" type="cond" truecount="2" falsecount="0"/>
      <line num="310" count="35" type="stmt"/>
      <line num="311" count="35" type="stmt"/>
      <line num="312" count="35" type="stmt"/>
      <line num="315" count="8" type="stmt"/>
      <line num="317" count="8" type="stmt"/>
      <line num="323" count="43" type="stmt"/>
      <line num="324" count="26" type="stmt"/>
      <line num="325" count="1" type="stmt"/>
      <line num="331" count="43" type="stmt"/>
      <line num="332" count="13" type="stmt"/>
      <line num="333" count="2" type="stmt"/>
      <line num="334" count="2" type="stmt"/>
      <line num="341" count="43" type="stmt"/>
      <line num="342" count="43" type="stmt"/>
      <line num="344" count="43" type="stmt"/>
      <line num="345" count="43" type="stmt"/>
      <line num="346" count="43" type="stmt"/>
      <line num="347" count="43" type="stmt"/>
      <line num="348" count="43" type="stmt"/>
      <line num="349" count="43" type="stmt"/>
      <line num="358" count="2" type="stmt"/>
      <line num="359" count="1" type="stmt"/>
      <line num="360" count="1" type="stmt"/>
      <line num="361" count="1" type="stmt"/>
      <line num="366" count="2" type="stmt"/>
      <line num="367" count="2" type="stmt"/>
      <line num="369" count="2" type="cond" truecount="2" falsecount="0"/>
      <line num="370" count="1" type="stmt"/>
      <line num="371" count="1" type="stmt"/>
      <line num="374" count="1" type="cond" truecount="1" falsecount="1"/>
      <line num="375" count="1" type="cond" truecount="1" falsecount="1"/>
      <line num="376" count="1" type="cond" truecount="1" falsecount="1"/>
      <line num="378" count="1" type="stmt"/>
      <line num="379" count="1" type="cond" truecount="1" falsecount="1"/>
      <line num="380" count="1" type="cond" truecount="1" falsecount="1"/>
      <line num="381" count="1" type="cond" truecount="1" falsecount="1"/>
      <line num="382" count="1" type="cond" truecount="1" falsecount="1"/>
      <line num="384" count="1" type="cond" truecount="1" falsecount="1"/>
      <line num="386" count="1" type="stmt"/>
      <line num="387" count="1" type="cond" truecount="2" falsecount="0"/>
      <line num="389" count="1" type="stmt"/>
      <line num="398" count="1" type="stmt"/>
      <line num="403" count="2" type="cond" truecount="2" falsecount="0"/>
      <line num="404" count="1" type="stmt"/>
      <line num="405" count="1" type="stmt"/>
      <line num="406" count="1" type="stmt"/>
      <line num="411" count="1" type="stmt"/>
      <line num="412" count="1" type="stmt"/>
      <line num="413" count="1" type="stmt"/>
      <line num="414" count="1" type="stmt"/>
      <line num="419" count="34" type="cond" truecount="2" falsecount="0"/>
      <line num="420" count="11" type="stmt"/>
      <line num="421" count="11" type="stmt"/>
      <line num="429" count="28" type="stmt"/>
      <line num="430" count="28" type="cond" truecount="2" falsecount="0"/>
      <line num="431" count="8" type="stmt"/>
      <line num="432" count="8" type="stmt"/>
      <line num="434" count="1" type="stmt"/>
      <line num="439" count="20" type="cond" truecount="1" falsecount="1"/>
      <line num="440" count="20" type="stmt"/>
      <line num="441" count="20" type="stmt"/>
      <line num="443" count="0" type="cond" truecount="0" falsecount="2"/>
      <line num="447" count="8" type="cond" truecount="2" falsecount="0"/>
      <line num="449" count="7" type="cond" truecount="2" falsecount="0"/>
      <line num="450" count="7" type="cond" truecount="2" falsecount="0"/>
      <line num="451" count="7" type="cond" truecount="2" falsecount="0"/>
      <line num="453" count="7" type="stmt"/>
      <line num="459" count="7" type="cond" truecount="3" falsecount="1"/>
      <line num="461" count="7" type="cond" truecount="2" falsecount="0"/>
      <line num="462" count="7" type="stmt"/>
      <line num="463" count="7" type="cond" truecount="2" falsecount="0"/>
      <line num="464" count="2" type="stmt"/>
      <line num="465" count="2" type="stmt"/>
      <line num="466" count="2" type="stmt"/>
      <line num="467" count="2" type="stmt"/>
      <line num="469" count="5" type="stmt"/>
      <line num="470" count="5" type="stmt"/>
      <line num="471" count="5" type="stmt"/>
      <line num="472" count="5" type="stmt"/>
      <line num="473" count="5" type="stmt"/>
      <line num="479" count="8" type="stmt"/>
      <line num="480" count="8" type="stmt"/>
      <line num="481" count="8" type="stmt"/>
      <line num="485" count="6" type="stmt"/>
      <line num="490" count="2" type="stmt"/>
      <line num="491" count="2" type="stmt"/>
      <line num="492" count="2" type="cond" truecount="2" falsecount="0"/>
      <line num="493" count="1" type="stmt"/>
      <line num="494" count="1" type="stmt"/>
      <line num="497" count="1" type="stmt"/>
      <line num="498" count="1" type="stmt"/>
      <line num="500" count="1" type="stmt"/>
      <line num="502" count="1" type="stmt"/>
      <line num="504" count="1" type="stmt"/>
      <line num="508" count="0" type="stmt"/>
      <line num="513" count="3" type="cond" truecount="2" falsecount="0"/>
      <line num="515" count="2" type="stmt"/>
      <line num="517" count="2" type="stmt"/>
      <line num="518" count="2" type="stmt"/>
      <line num="519" count="2" type="stmt"/>
      <line num="521" count="2" type="stmt"/>
      <line num="523" count="2" type="stmt"/>
      <line num="524" count="2" type="stmt"/>
      <line num="525" count="2" type="stmt"/>
      <line num="534" count="20" type="stmt"/>
      <line num="535" count="20" type="stmt"/>
      <line num="536" count="20" type="stmt"/>
      <line num="538" count="20" type="stmt"/>
      <line num="539" count="20" type="stmt"/>
      <line num="542" count="20" type="stmt"/>
      <line num="545" count="20" type="stmt"/>
      <line num="546" count="8" type="stmt"/>
      <line num="547" count="8" type="cond" truecount="1" falsecount="1"/>
      <line num="548" count="8" type="stmt"/>
      <line num="551" count="20" type="stmt"/>
      <line num="555" count="20" type="stmt"/>
      <line num="556" count="244" type="stmt"/>
      <line num="558" count="244" type="cond" truecount="2" falsecount="0"/>
      <line num="560" count="12" type="cond" truecount="2" falsecount="0"/>
      <line num="565" count="8" type="stmt"/>
      <line num="568" count="4" type="stmt"/>
      <line num="573" count="20" type="stmt"/>
      <line num="574" count="20" type="stmt"/>
      <line num="575" count="20" type="stmt"/>
      <line num="576" count="20" type="stmt"/>
      <line num="579" count="20" type="stmt"/>
      <line num="581" count="20" type="cond" truecount="3" falsecount="1"/>
      <line num="582" count="20" type="stmt"/>
    </file>
    <file name="schedule_page.js" path="/home/u1017/memory_scheduling/frontend_test/schedule_page.js">
      <metrics statements="399" coveredstatements="398" conditionals="222" coveredconditionals="201" methods="61" coveredmethods="60"/>
      <line num="4" count="101" type="stmt"/>
      <line num="5" count="101" type="stmt"/>
      <line num="6" count="101" type="stmt"/>
      <line num="7" count="101" type="stmt"/>
      <line num="10" count="101" type="stmt"/>
      <line num="11" count="101" type="stmt"/>
      <line num="13" count="101" type="stmt"/>
      <line num="14" count="101" type="stmt"/>
      <line num="15" count="101" type="stmt"/>
      <line num="20" count="101" type="stmt"/>
      <line num="35" count="2324" type="stmt"/>
      <line num="37" count="101" type="stmt"/>
      <line num="69" count="249" type="stmt"/>
      <line num="70" count="249" type="stmt"/>
      <line num="71" count="249" type="cond" truecount="2" falsecount="0"/>
      <line num="72" count="125" type="stmt"/>
      <line num="80" count="26" type="stmt"/>
      <line num="81" count="26" type="stmt"/>
      <line num="84" count="101" type="stmt"/>
      <line num="85" count="20963" type="stmt"/>
      <line num="86" count="20963" type="stmt"/>
      <line num="87" count="20963" type="stmt"/>
      <line num="88" count="20963" type="stmt"/>
      <line num="91" count="10532" type="stmt"/>
      <line num="93" count="101" type="stmt"/>
      <line num="94" count="246" type="stmt"/>
      <line num="95" count="246" type="stmt"/>
      <line num="98" count="101" type="stmt"/>
      <line num="99" count="250" type="stmt"/>
      <line num="103" count="327" type="cond" truecount="4" falsecount="0"/>
      <line num="104" count="326" type="cond" truecount="2" falsecount="0"/>
      <line num="110" count="9" type="cond" truecount="4" falsecount="0"/>
      <line num="112" count="7" type="stmt"/>
      <line num="113" count="7" type="stmt"/>
      <line num="115" count="7" type="stmt"/>
      <line num="116" count="7" type="stmt"/>
      <line num="118" count="7" type="stmt"/>
      <line num="119" count="13" type="stmt"/>
      <line num="120" count="13" type="stmt"/>
      <line num="123" count="7" type="stmt"/>
      <line num="127" count="10421" type="cond" truecount="2" falsecount="0"/>
      <line num="128" count="718" type="cond" truecount="2" falsecount="0"/>
      <line num="130" count="296" type="stmt"/>
      <line num="131" count="296" type="cond" truecount="2" falsecount="0"/>
      <line num="135" count="9" type="cond" truecount="4" falsecount="0"/>
      <line num="136" count="1" type="stmt"/>
      <line num="138" count="8" type="cond" truecount="2" falsecount="0"/>
      <line num="139" count="2" type="stmt"/>
      <line num="141" count="6" type="cond" truecount="1" falsecount="1"/>
      <line num="145" count="9" type="cond" truecount="4" falsecount="0"/>
      <line num="146" count="3" type="stmt"/>
      <line num="147" count="3" type="stmt"/>
      <line num="148" count="3" type="stmt"/>
      <line num="149" count="6" type="cond" truecount="2" falsecount="0"/>
      <line num="150" count="5" type="stmt"/>
      <line num="151" count="5" type="stmt"/>
      <line num="153" count="1" type="stmt"/>
      <line num="154" count="1" type="stmt"/>
      <line num="159" count="14" type="stmt"/>
      <line num="160" count="14" type="stmt"/>
      <line num="162" count="14" type="cond" truecount="2" falsecount="0"/>
      <line num="163" count="14" type="cond" truecount="2" falsecount="0"/>
      <line num="165" count="14" type="cond" truecount="4" falsecount="0"/>
      <line num="166" count="5" type="stmt"/>
      <line num="167" count="5" type="stmt"/>
      <line num="168" count="5" type="stmt"/>
      <line num="169" count="5" type="stmt"/>
      <line num="170" count="5" type="stmt"/>
      <line num="171" count="9" type="cond" truecount="2" falsecount="0"/>
      <line num="172" count="5" type="stmt"/>
      <line num="173" count="5" type="stmt"/>
      <line num="174" count="4" type="cond" truecount="2" falsecount="0"/>
      <line num="175" count="1" type="stmt"/>
      <line num="176" count="1" type="stmt"/>
      <line num="179" count="14" type="stmt"/>
      <line num="180" count="14" type="stmt"/>
      <line num="187" count="128" type="stmt"/>
      <line num="188" count="124" type="cond" truecount="2" falsecount="0"/>
      <line num="189" count="1" type="stmt"/>
      <line num="191" count="123" type="cond" truecount="1" falsecount="1"/>
      <line num="193" count="123" type="stmt"/>
      <line num="194" count="123" type="cond" truecount="2" falsecount="0"/>
      <line num="198" count="116" type="stmt"/>
      <line num="199" count="116" type="stmt"/>
      <line num="200" count="116" type="stmt"/>
      <line num="202" count="115" type="stmt"/>
      <line num="204" count="115" type="stmt"/>
      <line num="205" count="20" type="stmt"/>
      <line num="206" count="20" type="cond" truecount="1" falsecount="1"/>
      <line num="208" count="20" type="stmt"/>
      <line num="210" count="20" type="cond" truecount="2" falsecount="0"/>
      <line num="211" count="20" type="stmt"/>
      <line num="223" count="115" type="stmt"/>
      <line num="224" count="115" type="stmt"/>
      <line num="225" count="115" type="stmt"/>
      <line num="227" count="1" type="stmt"/>
      <line num="228" count="1" type="stmt"/>
      <line num="233" count="3" type="stmt"/>
      <line num="243" count="6" type="stmt"/>
      <line num="249" count="4" type="stmt"/>
      <line num="250" count="4" type="stmt"/>
      <line num="252" count="4" type="stmt"/>
      <line num="253" count="4" type="stmt"/>
      <line num="254" count="6" type="cond" truecount="2" falsecount="0"/>
      <line num="257" count="4" type="cond" truecount="2" falsecount="0"/>
      <line num="258" count="1" type="stmt"/>
      <line num="259" count="1" type="stmt"/>
      <line num="262" count="3" type="stmt"/>
      <line num="263" count="3" type="stmt"/>
      <line num="264" count="3" type="stmt"/>
      <line num="265" count="2" type="stmt"/>
      <line num="266" count="2" type="stmt"/>
      <line num="267" count="2" type="cond" truecount="1" falsecount="1"/>
      <line num="268" count="2" type="stmt"/>
      <line num="269" count="2" type="cond" truecount="1" falsecount="1"/>
      <line num="270" count="2" type="stmt"/>
      <line num="274" count="1" type="stmt"/>
      <line num="278" count="3" type="stmt"/>
      <line num="279" count="3" type="stmt"/>
      <line num="283" count="6" type="cond" truecount="2" falsecount="0"/>
      <line num="284" count="6" type="stmt"/>
      <line num="290" count="103" type="stmt"/>
      <line num="292" count="103" type="stmt"/>
      <line num="293" count="927" type="stmt"/>
      <line num="294" count="927" type="stmt"/>
      <line num="295" count="927" type="stmt"/>
      <line num="296" count="927" type="stmt"/>
      <line num="301" count="209" type="cond" truecount="2" falsecount="0"/>
      <line num="302" count="209" type="stmt"/>
      <line num="304" count="209" type="stmt"/>
      <line num="305" count="1460" type="stmt"/>
      <line num="306" count="1460" type="stmt"/>
      <line num="307" count="1460" type="stmt"/>
      <line num="308" count="1460" type="stmt"/>
      <line num="313" count="105" type="stmt"/>
      <line num="314" count="105" type="stmt"/>
      <line num="315" count="105" type="stmt"/>
      <line num="316" count="105" type="stmt"/>
      <line num="317" count="105" type="stmt"/>
      <line num="318" count="105" type="stmt"/>
      <line num="320" count="105" type="cond" truecount="2" falsecount="0"/>
      <line num="321" count="1" type="stmt"/>
      <line num="324" count="105" type="cond" truecount="4" falsecount="0"/>
      <line num="325" count="2" type="stmt"/>
      <line num="326" count="2" type="cond" truecount="2" falsecount="0"/>
      <line num="327" count="2" type="cond" truecount="1" falsecount="1"/>
      <line num="328" count="2" type="stmt"/>
      <line num="331" count="105" type="cond" truecount="2" falsecount="0"/>
      <line num="332" count="2" type="stmt"/>
      <line num="335" count="105" type="cond" truecount="4" falsecount="0"/>
      <line num="336" count="1" type="stmt"/>
      <line num="337" count="1" type="stmt"/>
      <line num="339" count="104" type="stmt"/>
      <line num="342" count="105" type="cond" truecount="2" falsecount="0"/>
      <line num="343" count="1" type="stmt"/>
      <line num="344" count="7" type="cond" truecount="2" falsecount="0"/>
      <line num="345" count="1" type="stmt"/>
      <line num="355" count="246" type="cond" truecount="2" falsecount="0"/>
      <line num="356" count="246" type="stmt"/>
      <line num="358" count="246" type="cond" truecount="2" falsecount="0"/>
      <line num="359" count="231" type="stmt"/>
      <line num="360" count="231" type="stmt"/>
      <line num="363" count="15" type="stmt"/>
      <line num="364" count="22" type="stmt"/>
      <line num="365" count="22" type="stmt"/>
      <line num="368" count="22" type="cond" truecount="1" falsecount="1"/>
      <line num="374" count="22" type="stmt"/>
      <line num="391" count="22" type="stmt"/>
      <line num="392" count="22" type="stmt"/>
      <line num="393" count="22" type="stmt"/>
      <line num="394" count="22" type="stmt"/>
      <line num="396" count="22" type="stmt"/>
      <line num="397" count="3" type="stmt"/>
      <line num="399" count="3" type="cond" truecount="2" falsecount="0"/>
      <line num="401" count="2" type="stmt"/>
      <line num="402" count="2" type="stmt"/>
      <line num="403" count="2" type="stmt"/>
      <line num="405" count="1" type="stmt"/>
      <line num="406" count="1" type="cond" truecount="1" falsecount="1"/>
      <line num="407" count="1" type="stmt"/>
      <line num="410" count="1" type="stmt"/>
      <line num="411" count="1" type="stmt"/>
      <line num="412" count="1" type="stmt"/>
      <line num="414" count="1" type="stmt"/>
      <line num="415" count="1" type="stmt"/>
      <line num="419" count="22" type="stmt"/>
      <line num="420" count="22" type="stmt"/>
      <line num="425" count="237" type="cond" truecount="1" falsecount="1"/>
      <line num="427" count="237" type="cond" truecount="4" falsecount="0"/>
      <line num="428" count="7" type="stmt"/>
      <line num="429" count="7" type="stmt"/>
      <line num="431" count="230" type="cond" truecount="2" falsecount="0"/>
      <line num="432" count="10" type="stmt"/>
      <line num="433" count="220" type="cond" truecount="1" falsecount="1"/>
      <line num="434" count="220" type="stmt"/>
      <line num="436" count="0" type="stmt"/>
      <line num="439" count="237" type="stmt"/>
      <line num="446" count="35" type="cond" truecount="10" falsecount="0"/>
      <line num="448" count="1" type="stmt"/>
      <line num="450" count="7" type="stmt"/>
      <line num="452" count="1" type="stmt"/>
      <line num="454" count="1" type="stmt"/>
      <line num="456" count="1" type="stmt"/>
      <line num="458" count="1" type="stmt"/>
      <line num="460" count="1" type="stmt"/>
      <line num="462" count="1" type="stmt"/>
      <line num="464" count="20" type="stmt"/>
      <line num="466" count="1" type="stmt"/>
      <line num="471" count="10416" type="stmt"/>
      <line num="472" count="10416" type="cond" truecount="2" falsecount="0"/>
      <line num="474" count="10416" type="stmt"/>
      <line num="475" count="10416" type="stmt"/>
      <line num="477" count="10416" type="cond" truecount="2" falsecount="0"/>
      <line num="478" count="10416" type="cond" truecount="2" falsecount="0"/>
      <line num="479" count="10416" type="cond" truecount="2" falsecount="0"/>
      <line num="480" count="10416" type="cond" truecount="4" falsecount="0"/>
      <line num="482" count="10416" type="stmt"/>
      <line num="487" count="10416" type="stmt"/>
      <line num="489" count="10416" type="stmt"/>
      <line num="490" count="25" type="stmt"/>
      <line num="491" count="25" type="stmt"/>
      <line num="492" count="25" type="stmt"/>
      <line num="493" count="25" type="stmt"/>
      <line num="496" count="10416" type="cond" truecount="2" falsecount="0"/>
      <line num="497" count="2" type="stmt"/>
      <line num="498" count="2" type="stmt"/>
      <line num="499" count="2" type="stmt"/>
      <line num="500" count="2" type="stmt"/>
      <line num="503" count="10416" type="stmt"/>
      <line num="504" count="6" type="stmt"/>
      <line num="506" count="6" type="cond" truecount="5" falsecount="0"/>
      <line num="507" count="4" type="stmt"/>
      <line num="508" count="4" type="stmt"/>
      <line num="510" count="2" type="stmt"/>
      <line num="511" count="2" type="stmt"/>
      <line num="512" count="2" type="stmt"/>
      <line num="515" count="6" type="stmt"/>
      <line num="516" count="6" type="stmt"/>
      <line num="518" count="6" type="stmt"/>
      <line num="519" count="6" type="stmt"/>
      <line num="520" count="6" type="stmt"/>
      <line num="523" count="10416" type="stmt"/>
      <line num="527" count="248" type="stmt"/>
      <line num="528" count="248" type="stmt"/>
      <line num="530" count="248" type="stmt"/>
      <line num="531" count="248" type="stmt"/>
      <line num="533" count="248" type="stmt"/>
      <line num="534" count="248" type="stmt"/>
      <line num="535" count="248" type="stmt"/>
      <line num="536" count="248" type="stmt"/>
      <line num="538" count="248" type="stmt"/>
      <line num="539" count="252" type="stmt"/>
      <line num="540" count="252" type="stmt"/>
      <line num="541" count="252" type="stmt"/>
      <line num="544" count="248" type="stmt"/>
      <line num="545" count="7442" type="stmt"/>
      <line num="546" count="7442" type="stmt"/>
      <line num="549" count="248" type="stmt"/>
      <line num="550" count="248" type="stmt"/>
      <line num="552" count="248" type="stmt"/>
      <line num="553" count="2722" type="stmt"/>
      <line num="554" count="2722" type="stmt"/>
      <line num="562" count="1" type="stmt"/>
      <line num="566" count="5" type="stmt"/>
      <line num="568" count="5" type="stmt"/>
      <line num="569" count="5" type="stmt"/>
      <line num="570" count="5" type="stmt"/>
      <line num="571" count="5" type="stmt"/>
      <line num="572" count="5" type="cond" truecount="2" falsecount="0"/>
      <line num="574" count="5" type="cond" truecount="2" falsecount="0"/>
      <line num="576" count="4" type="cond" truecount="4" falsecount="1"/>
      <line num="580" count="4" type="cond" truecount="2" falsecount="0"/>
      <line num="581" count="1" type="stmt"/>
      <line num="582" count="1" type="stmt"/>
      <line num="586" count="3" type="stmt"/>
      <line num="587" count="3" type="stmt"/>
      <line num="588" count="3" type="stmt"/>
      <line num="591" count="3" type="cond" truecount="2" falsecount="0"/>
      <line num="592" count="1" type="stmt"/>
      <line num="593" count="1" type="stmt"/>
      <line num="596" count="2" type="stmt"/>
      <line num="597" count="2" type="stmt"/>
      <line num="600" count="2" type="stmt"/>
      <line num="601" count="2" type="stmt"/>
      <line num="613" count="1" type="stmt"/>
      <line num="614" count="1" type="stmt"/>
      <line num="615" count="1" type="stmt"/>
      <line num="617" count="1" type="stmt"/>
      <line num="618" count="1" type="stmt"/>
      <line num="620" count="1" type="stmt"/>
      <line num="621" count="1" type="stmt"/>
      <line num="626" count="5" type="cond" truecount="4" falsecount="1"/>
      <line num="629" count="5" type="cond" truecount="4" falsecount="1"/>
      <line num="633" count="5" type="stmt"/>
      <line num="635" count="5" type="cond" truecount="2" falsecount="0"/>
      <line num="636" count="1" type="stmt"/>
      <line num="637" count="1" type="stmt"/>
      <line num="640" count="4" type="stmt"/>
      <line num="642" count="4" type="cond" truecount="2" falsecount="0"/>
      <line num="643" count="1" type="stmt"/>
      <line num="644" count="1" type="stmt"/>
      <line num="647" count="3" type="cond" truecount="2" falsecount="0"/>
      <line num="649" count="2" type="stmt"/>
      <line num="650" count="2" type="stmt"/>
      <line num="652" count="2" type="stmt"/>
      <line num="653" count="2" type="stmt"/>
      <line num="654" count="2" type="stmt"/>
      <line num="655" count="1" type="stmt"/>
      <line num="657" count="1" type="stmt"/>
      <line num="658" count="1" type="stmt"/>
      <line num="663" count="1" type="stmt"/>
      <line num="668" count="1" type="stmt"/>
      <line num="672" count="1" type="stmt"/>
      <line num="677" count="1" type="stmt"/>
      <line num="684" count="109" type="stmt"/>
      <line num="685" count="109" type="cond" truecount="2" falsecount="0"/>
      <line num="686" count="2" type="stmt"/>
      <line num="687" count="2" type="stmt"/>
      <line num="689" count="1" type="stmt"/>
      <line num="694" count="104" type="cond" truecount="2" falsecount="0"/>
      <line num="695" count="102" type="stmt"/>
      <line num="696" count="102" type="stmt"/>
      <line num="698" count="2" type="cond" truecount="2" falsecount="0"/>
      <line num="702" count="11" type="cond" truecount="2" falsecount="0"/>
      <line num="703" count="5" type="cond" truecount="2" falsecount="0"/>
      <line num="704" count="5" type="cond" truecount="2" falsecount="0"/>
      <line num="705" count="5" type="cond" truecount="2" falsecount="0"/>
      <line num="707" count="5" type="stmt"/>
      <line num="713" count="5" type="cond" truecount="3" falsecount="1"/>
      <line num="715" count="5" type="cond" truecount="2" falsecount="0"/>
      <line num="716" count="5" type="stmt"/>
      <line num="717" count="5" type="cond" truecount="2" falsecount="0"/>
      <line num="718" count="3" type="stmt"/>
      <line num="719" count="3" type="stmt"/>
      <line num="720" count="3" type="stmt"/>
      <line num="721" count="3" type="stmt"/>
      <line num="723" count="2" type="stmt"/>
      <line num="724" count="3" type="stmt"/>
      <line num="725" count="3" type="stmt"/>
      <line num="726" count="3" type="stmt"/>
      <line num="727" count="3" type="stmt"/>
      <line num="733" count="5" type="stmt"/>
      <line num="734" count="5" type="stmt"/>
      <line num="735" count="5" type="stmt"/>
      <line num="739" count="7" type="stmt"/>
      <line num="744" count="6" type="stmt"/>
      <line num="745" count="6" type="stmt"/>
      <line num="746" count="5" type="cond" truecount="2" falsecount="0"/>
      <line num="747" count="1" type="stmt"/>
      <line num="748" count="1" type="stmt"/>
      <line num="750" count="4" type="stmt"/>
      <line num="751" count="4" type="stmt"/>
      <line num="753" count="4" type="stmt"/>
      <line num="755" count="4" type="stmt"/>
      <line num="757" count="2" type="stmt"/>
      <line num="761" count="1" type="stmt"/>
      <line num="766" count="3" type="cond" truecount="2" falsecount="0"/>
      <line num="769" count="2" type="stmt"/>
      <line num="772" count="2" type="stmt"/>
      <line num="773" count="2" type="stmt"/>
      <line num="774" count="2" type="stmt"/>
      <line num="776" count="2" type="stmt"/>
      <line num="778" count="2" type="stmt"/>
      <line num="779" count="2" type="stmt"/>
      <line num="785" count="101" type="stmt"/>
      <line num="786" count="101" type="stmt"/>
      <line num="787" count="101" type="stmt"/>
      <line num="788" count="101" type="stmt"/>
      <line num="789" count="101" type="stmt"/>
      <line num="790" count="101" type="stmt"/>
      <line num="791" count="101" type="stmt"/>
      <line num="793" count="101" type="stmt"/>
      <line num="794" count="2" type="stmt"/>
      <line num="795" count="2" type="cond" truecount="2" falsecount="0"/>
      <line num="796" count="1" type="stmt"/>
      <line num="799" count="101" type="stmt"/>
      <line num="801" count="101" type="stmt"/>
      <line num="802" count="818" type="stmt"/>
      <line num="805" count="818" type="cond" truecount="2" falsecount="0"/>
      <line num="808" count="5" type="cond" truecount="2" falsecount="0"/>
      <line num="813" count="2" type="stmt"/>
      <line num="817" count="3" type="stmt"/>
      <line num="823" count="101" type="stmt"/>
      <line num="824" count="101" type="stmt"/>
      <line num="826" count="101" type="stmt"/>
      <line num="827" count="101" type="stmt"/>
      <line num="828" count="101" type="stmt"/>
      <line num="829" count="101" type="stmt"/>
      <line num="831" count="101" type="stmt"/>
      <line num="832" count="101" type="stmt"/>
      <line num="833" count="101" type="stmt"/>
      <line num="834" count="101" type="stmt"/>
      <line num="835" count="101" type="stmt"/>
      <line num="836" count="101" type="stmt"/>
      <line num="839" count="101" type="stmt"/>
      <line num="841" count="101" type="cond" truecount="3" falsecount="1"/>
      <line num="842" count="101" type="stmt"/>
      <line num="848" count="101" type="cond" truecount="3" falsecount="1"/>
      <line num="849" count="101" type="stmt"/>
    </file>
  </project>
</coverage>
