{"/home/u1020/memory_scheduling/frontend_test/frontend.js": {"path":"/home/u1020/memory_scheduling/frontend_test/frontend.js","statementMap":{"0":{"start":{"line":1,"column":21},"end":{"line":1,"column":44}},"1":{"start":{"line":2,"column":23},"end":{"line":2,"column":25}},"2":{"start":{"line":4,"column":17},"end":{"line":4,"column":19}},"3":{"start":{"line":5,"column":29},"end":{"line":5,"column":31}},"4":{"start":{"line":6,"column":22},"end":{"line":6,"column":26}},"5":{"start":{"line":7,"column":18},"end":{"line":7,"column":23}},"6":{"start":{"line":8,"column":18},"end":{"line":8,"column":19}},"7":{"start":{"line":9,"column":18},"end":{"line":9,"column":24}},"8":{"start":{"line":21,"column":2},"end":{"line":21,"column":27}},"9":{"start":{"line":21,"column":20},"end":{"line":21,"column":27}},"10":{"start":{"line":22,"column":16},"end":{"line":31,"column":3}},"11":{"start":{"line":32,"column":2},"end":{"line":32,"column":67}},"12":{"start":{"line":35,"column":0},"end":{"line":99,"column":2}},"13":{"start":{"line":36,"column":2},"end":{"line":36,"column":20}},"14":{"start":{"line":37,"column":2},"end":{"line":37,"column":27}},"15":{"start":{"line":39,"column":23},"end":{"line":39,"column":60}},"16":{"start":{"line":40,"column":22},"end":{"line":40,"column":63}},"17":{"start":{"line":42,"column":2},"end":{"line":98,"column":3}},"18":{"start":{"line":43,"column":4},"end":{"line":73,"column":5}},"19":{"start":{"line":44,"column":20},"end":{"line":44,"column":43}},"20":{"start":{"line":45,"column":25},"end":{"line":45,"column":68}},"21":{"start":{"line":46,"column":26},"end":{"line":46,"column":64}},"22":{"start":{"line":48,"column":6},"end":{"line":48,"column":42}},"23":{"start":{"line":49,"column":6},"end":{"line":49,"column":37}},"24":{"start":{"line":51,"column":6},"end":{"line":53,"column":7}},"25":{"start":{"line":52,"column":8},"end":{"line":52,"column":40}},"26":{"start":{"line":55,"column":6},"end":{"line":55,"column":77}},"27":{"start":{"line":56,"column":6},"end":{"line":56,"column":73}},"28":{"start":{"line":58,"column":6},"end":{"line":58,"column":42}},"29":{"start":{"line":59,"column":6},"end":{"line":59,"column":38}},"30":{"start":{"line":60,"column":6},"end":{"line":60,"column":41}},"31":{"start":{"line":61,"column":6},"end":{"line":61,"column":36}},"32":{"start":{"line":63,"column":6},"end":{"line":70,"column":7}},"33":{"start":{"line":64,"column":8},"end":{"line":64,"column":32}},"34":{"start":{"line":65,"column":8},"end":{"line":65,"column":50}},"35":{"start":{"line":66,"column":13},"end":{"line":70,"column":7}},"36":{"start":{"line":67,"column":23},"end":{"line":67,"column":56}},"37":{"start":{"line":68,"column":8},"end":{"line":68,"column":63}},"38":{"start":{"line":69,"column":8},"end":{"line":69,"column":135}},"39":{"start":{"line":72,"column":6},"end":{"line":72,"column":41}},"40":{"start":{"line":74,"column":9},"end":{"line":98,"column":3}},"41":{"start":{"line":75,"column":4},"end":{"line":97,"column":5}},"42":{"start":{"line":76,"column":19},"end":{"line":76,"column":43}},"43":{"start":{"line":77,"column":25},"end":{"line":77,"column":68}},"44":{"start":{"line":78,"column":21},"end":{"line":78,"column":54}},"45":{"start":{"line":80,"column":25},"end":{"line":80,"column":30}},"46":{"start":{"line":81,"column":6},"end":{"line":86,"column":7}},"47":{"start":{"line":81,"column":19},"end":{"line":81,"column":20}},"48":{"start":{"line":82,"column":8},"end":{"line":85,"column":9}},"49":{"start":{"line":83,"column":10},"end":{"line":83,"column":30}},"50":{"start":{"line":84,"column":10},"end":{"line":84,"column":16}},"51":{"start":{"line":88,"column":6},"end":{"line":94,"column":7}},"52":{"start":{"line":89,"column":8},"end":{"line":89,"column":39}},"53":{"start":{"line":90,"column":8},"end":{"line":90,"column":88}},"54":{"start":{"line":91,"column":8},"end":{"line":91,"column":33}},"55":{"start":{"line":93,"column":8},"end":{"line":93,"column":99}},"56":{"start":{"line":96,"column":6},"end":{"line":96,"column":55}},"57":{"start":{"line":102,"column":2},"end":{"line":102,"column":70}},"58":{"start":{"line":106,"column":2},"end":{"line":106,"column":63}},"59":{"start":{"line":107,"column":2},"end":{"line":107,"column":33}},"60":{"start":{"line":111,"column":2},"end":{"line":111,"column":66}},"61":{"start":{"line":112,"column":2},"end":{"line":112,"column":50}},"62":{"start":{"line":113,"column":2},"end":{"line":113,"column":171}},"63":{"start":{"line":114,"column":2},"end":{"line":114,"column":57}},"64":{"start":{"line":117,"column":0},"end":{"line":128,"column":3}},"65":{"start":{"line":118,"column":27},"end":{"line":118,"column":71}},"66":{"start":{"line":119,"column":19},"end":{"line":119,"column":61}},"67":{"start":{"line":120,"column":2},"end":{"line":122,"column":3}},"68":{"start":{"line":121,"column":4},"end":{"line":121,"column":38}},"69":{"start":{"line":124,"column":16},"end":{"line":124,"column":54}},"70":{"start":{"line":125,"column":2},"end":{"line":127,"column":3}},"71":{"start":{"line":126,"column":4},"end":{"line":126,"column":23}},"72":{"start":{"line":131,"column":23},"end":{"line":131,"column":60}},"73":{"start":{"line":132,"column":2},"end":{"line":153,"column":3}},"74":{"start":{"line":133,"column":4},"end":{"line":152,"column":5}},"75":{"start":{"line":134,"column":19},"end":{"line":134,"column":43}},"76":{"start":{"line":136,"column":6},"end":{"line":136,"column":79}},"77":{"start":{"line":137,"column":6},"end":{"line":137,"column":69}},"78":{"start":{"line":138,"column":6},"end":{"line":138,"column":73}},"79":{"start":{"line":139,"column":6},"end":{"line":139,"column":71}},"80":{"start":{"line":140,"column":6},"end":{"line":140,"column":76}},"81":{"start":{"line":142,"column":33},"end":{"line":142,"column":76}},"82":{"start":{"line":143,"column":6},"end":{"line":149,"column":7}},"83":{"start":{"line":144,"column":8},"end":{"line":146,"column":19}},"84":{"start":{"line":145,"column":10},"end":{"line":145,"column":71}},"85":{"start":{"line":148,"column":8},"end":{"line":148,"column":102}},"86":{"start":{"line":151,"column":6},"end":{"line":151,"column":54}},"87":{"start":{"line":157,"column":2},"end":{"line":161,"column":3}},"88":{"start":{"line":158,"column":4},"end":{"line":158,"column":45}},"89":{"start":{"line":159,"column":4},"end":{"line":159,"column":49}},"90":{"start":{"line":160,"column":4},"end":{"line":160,"column":28}},"91":{"start":{"line":165,"column":21},"end":{"line":165,"column":64}},"92":{"start":{"line":166,"column":20},"end":{"line":166,"column":36}},"93":{"start":{"line":167,"column":2},"end":{"line":186,"column":3}},"94":{"start":{"line":168,"column":21},"end":{"line":168,"column":64}},"95":{"start":{"line":169,"column":4},"end":{"line":178,"column":5}},"96":{"start":{"line":170,"column":25},"end":{"line":170,"column":46}},"97":{"start":{"line":171,"column":6},"end":{"line":171,"column":63}},"98":{"start":{"line":171,"column":34},"end":{"line":171,"column":61}},"99":{"start":{"line":173,"column":6},"end":{"line":174,"column":106}},"100":{"start":{"line":174,"column":30},"end":{"line":174,"column":95}},"101":{"start":{"line":175,"column":6},"end":{"line":175,"column":50}},"102":{"start":{"line":175,"column":21},"end":{"line":175,"column":50}},"103":{"start":{"line":177,"column":6},"end":{"line":177,"column":35}},"104":{"start":{"line":180,"column":4},"end":{"line":180,"column":48}},"105":{"start":{"line":181,"column":23},"end":{"line":181,"column":77}},"106":{"start":{"line":182,"column":4},"end":{"line":182,"column":61}},"107":{"start":{"line":182,"column":32},"end":{"line":182,"column":59}},"108":{"start":{"line":184,"column":4},"end":{"line":185,"column":106}},"109":{"start":{"line":185,"column":30},"end":{"line":185,"column":95}},"110":{"start":{"line":190,"column":27},"end":{"line":190,"column":70}},"111":{"start":{"line":191,"column":2},"end":{"line":191,"column":73}},"112":{"start":{"line":193,"column":2},"end":{"line":204,"column":3}},"113":{"start":{"line":194,"column":21},"end":{"line":194,"column":64}},"114":{"start":{"line":195,"column":4},"end":{"line":201,"column":5}},"115":{"start":{"line":196,"column":25},"end":{"line":196,"column":46}},"116":{"start":{"line":197,"column":6},"end":{"line":197,"column":63}},"117":{"start":{"line":197,"column":34},"end":{"line":197,"column":61}},"118":{"start":{"line":199,"column":6},"end":{"line":200,"column":106}},"119":{"start":{"line":200,"column":30},"end":{"line":200,"column":95}},"120":{"start":{"line":203,"column":4},"end":{"line":203,"column":80}},"121":{"start":{"line":208,"column":23},"end":{"line":208,"column":72}},"122":{"start":{"line":209,"column":23},"end":{"line":209,"column":65}},"123":{"start":{"line":211,"column":2},"end":{"line":214,"column":3}},"124":{"start":{"line":212,"column":4},"end":{"line":212,"column":143}},"125":{"start":{"line":213,"column":4},"end":{"line":213,"column":11}},"126":{"start":{"line":216,"column":2},"end":{"line":216,"column":134}},"127":{"start":{"line":218,"column":2},"end":{"line":238,"column":3}},"128":{"start":{"line":219,"column":21},"end":{"line":219,"column":105}},"129":{"start":{"line":220,"column":4},"end":{"line":235,"column":5}},"130":{"start":{"line":221,"column":21},"end":{"line":221,"column":42}},"131":{"start":{"line":222,"column":6},"end":{"line":225,"column":7}},"132":{"start":{"line":223,"column":8},"end":{"line":223,"column":137}},"133":{"start":{"line":224,"column":8},"end":{"line":224,"column":15}},"134":{"start":{"line":227,"column":6},"end":{"line":232,"column":18}},"135":{"start":{"line":227,"column":47},"end":{"line":232,"column":7}},"136":{"start":{"line":234,"column":6},"end":{"line":234,"column":35}},"137":{"start":{"line":237,"column":4},"end":{"line":237,"column":138}},"138":{"start":{"line":242,"column":2},"end":{"line":244,"column":3}},"139":{"start":{"line":243,"column":4},"end":{"line":243,"column":11}},"140":{"start":{"line":246,"column":2},"end":{"line":270,"column":3}},"141":{"start":{"line":247,"column":16},"end":{"line":247,"column":120}},"142":{"start":{"line":248,"column":21},"end":{"line":250,"column":6}},"143":{"start":{"line":252,"column":4},"end":{"line":266,"column":5}},"144":{"start":{"line":253,"column":6},"end":{"line":253,"column":60}},"145":{"start":{"line":255,"column":6},"end":{"line":255,"column":31}},"146":{"start":{"line":256,"column":6},"end":{"line":256,"column":31}},"147":{"start":{"line":258,"column":29},"end":{"line":258,"column":72}},"148":{"start":{"line":259,"column":6},"end":{"line":261,"column":7}},"149":{"start":{"line":260,"column":8},"end":{"line":260,"column":33}},"150":{"start":{"line":264,"column":24},"end":{"line":264,"column":45}},"151":{"start":{"line":265,"column":6},"end":{"line":265,"column":62}},"152":{"start":{"line":268,"column":4},"end":{"line":268,"column":35}},"153":{"start":{"line":269,"column":4},"end":{"line":269,"column":49}},"154":{"start":{"line":274,"column":21},"end":{"line":274,"column":64}},"155":{"start":{"line":275,"column":22},"end":{"line":275,"column":60}},"156":{"start":{"line":276,"column":23},"end":{"line":276,"column":39}},"157":{"start":{"line":278,"column":2},"end":{"line":282,"column":3}},"158":{"start":{"line":279,"column":4},"end":{"line":279,"column":68}},"159":{"start":{"line":280,"column":4},"end":{"line":280,"column":32}},"160":{"start":{"line":281,"column":4},"end":{"line":281,"column":11}},"161":{"start":{"line":284,"column":2},"end":{"line":284,"column":72}},"162":{"start":{"line":285,"column":2},"end":{"line":285,"column":30}},"163":{"start":{"line":287,"column":2},"end":{"line":302,"column":3}},"164":{"start":{"line":288,"column":21},"end":{"line":288,"column":105}},"165":{"start":{"line":289,"column":4},"end":{"line":297,"column":5}},"166":{"start":{"line":290,"column":21},"end":{"line":290,"column":42}},"167":{"start":{"line":291,"column":6},"end":{"line":292,"column":100}},"168":{"start":{"line":292,"column":24},"end":{"line":292,"column":89}},"169":{"start":{"line":294,"column":6},"end":{"line":294,"column":35}},"170":{"start":{"line":296,"column":6},"end":{"line":296,"column":39}},"171":{"start":{"line":299,"column":4},"end":{"line":299,"column":48}},"172":{"start":{"line":300,"column":4},"end":{"line":300,"column":80}},"173":{"start":{"line":301,"column":4},"end":{"line":301,"column":33}},"174":{"start":{"line":306,"column":21},"end":{"line":306,"column":70}},"175":{"start":{"line":307,"column":16},"end":{"line":307,"column":60}},"176":{"start":{"line":308,"column":21},"end":{"line":308,"column":64}},"177":{"start":{"line":309,"column":17},"end":{"line":309,"column":50}},"178":{"start":{"line":310,"column":21},"end":{"line":310,"column":58}},"179":{"start":{"line":311,"column":21},"end":{"line":311,"column":58}},"180":{"start":{"line":313,"column":2},"end":{"line":318,"column":3}},"181":{"start":{"line":314,"column":4},"end":{"line":314,"column":42}},"182":{"start":{"line":315,"column":4},"end":{"line":315,"column":30}},"183":{"start":{"line":316,"column":4},"end":{"line":316,"column":30}},"184":{"start":{"line":317,"column":4},"end":{"line":317,"column":11}},"185":{"start":{"line":320,"column":2},"end":{"line":320,"column":44}},"186":{"start":{"line":321,"column":2},"end":{"line":321,"column":28}},"187":{"start":{"line":322,"column":2},"end":{"line":322,"column":28}},"188":{"start":{"line":323,"column":2},"end":{"line":323,"column":21}},"189":{"start":{"line":324,"column":2},"end":{"line":324,"column":18}},"190":{"start":{"line":326,"column":2},"end":{"line":367,"column":3}},"191":{"start":{"line":327,"column":14},"end":{"line":327,"column":103}},"192":{"start":{"line":328,"column":4},"end":{"line":330,"column":5}},"193":{"start":{"line":329,"column":6},"end":{"line":329,"column":51}},"194":{"start":{"line":332,"column":21},"end":{"line":332,"column":37}},"195":{"start":{"line":334,"column":4},"end":{"line":336,"column":5}},"196":{"start":{"line":335,"column":6},"end":{"line":335,"column":34}},"197":{"start":{"line":338,"column":20},"end":{"line":338,"column":41}},"198":{"start":{"line":340,"column":4},"end":{"line":352,"column":5}},"199":{"start":{"line":341,"column":6},"end":{"line":341,"column":22}},"200":{"start":{"line":342,"column":6},"end":{"line":342,"column":55}},"201":{"start":{"line":343,"column":6},"end":{"line":343,"column":73}},"202":{"start":{"line":344,"column":6},"end":{"line":349,"column":8}},"203":{"start":{"line":350,"column":6},"end":{"line":350,"column":24}},"204":{"start":{"line":351,"column":6},"end":{"line":351,"column":13}},"205":{"start":{"line":354,"column":4},"end":{"line":354,"column":25}},"206":{"start":{"line":355,"column":4},"end":{"line":355,"column":28}},"207":{"start":{"line":356,"column":4},"end":{"line":356,"column":33}},"208":{"start":{"line":359,"column":4},"end":{"line":359,"column":25}},"209":{"start":{"line":360,"column":4},"end":{"line":360,"column":45}},"210":{"start":{"line":361,"column":4},"end":{"line":366,"column":6}},"211":{"start":{"line":371,"column":2},"end":{"line":371,"column":29}},"212":{"start":{"line":372,"column":2},"end":{"line":374,"column":3}},"213":{"start":{"line":373,"column":4},"end":{"line":373,"column":20}},"214":{"start":{"line":376,"column":18},"end":{"line":376,"column":58}},"215":{"start":{"line":377,"column":2},"end":{"line":383,"column":5}},"216":{"start":{"line":378,"column":4},"end":{"line":382,"column":5}},"217":{"start":{"line":379,"column":6},"end":{"line":379,"column":34}},"218":{"start":{"line":381,"column":6},"end":{"line":381,"column":37}},"219":{"start":{"line":385,"column":2},"end":{"line":385,"column":27}},"220":{"start":{"line":385,"column":20},"end":{"line":385,"column":27}},"221":{"start":{"line":387,"column":2},"end":{"line":389,"column":64}},"222":{"start":{"line":389,"column":29},"end":{"line":389,"column":62}},"223":{"start":{"line":391,"column":17},"end":{"line":391,"column":50}},"224":{"start":{"line":392,"column":21},"end":{"line":392,"column":70}},"225":{"start":{"line":393,"column":16},"end":{"line":393,"column":60}},"226":{"start":{"line":395,"column":21},"end":{"line":395,"column":68}},"227":{"start":{"line":396,"column":2},"end":{"line":396,"column":98}},"228":{"start":{"line":398,"column":2},"end":{"line":398,"column":16}},"229":{"start":{"line":402,"column":21},"end":{"line":402,"column":55}},"230":{"start":{"line":403,"column":19},"end":{"line":403,"column":46}},"231":{"start":{"line":404,"column":27},"end":{"line":404,"column":77}},"232":{"start":{"line":406,"column":2},"end":{"line":406,"column":34}},"233":{"start":{"line":407,"column":2},"end":{"line":407,"column":50}},"234":{"start":{"line":409,"column":2},"end":{"line":409,"column":20}},"235":{"start":{"line":413,"column":2},"end":{"line":413,"column":27}},"236":{"start":{"line":414,"column":2},"end":{"line":414,"column":15}},"237":{"start":{"line":415,"column":24},"end":{"line":415,"column":57}},"238":{"start":{"line":416,"column":2},"end":{"line":416,"column":55}},"239":{"start":{"line":420,"column":30},"end":{"line":420,"column":67}},"240":{"start":{"line":421,"column":21},"end":{"line":421,"column":59}},"241":{"start":{"line":423,"column":2},"end":{"line":426,"column":3}},"242":{"start":{"line":424,"column":4},"end":{"line":424,"column":39}},"243":{"start":{"line":425,"column":4},"end":{"line":425,"column":11}},"244":{"start":{"line":428,"column":23},"end":{"line":428,"column":25}},"245":{"start":{"line":429,"column":2},"end":{"line":432,"column":3}},"246":{"start":{"line":429,"column":15},"end":{"line":429,"column":16}},"247":{"start":{"line":430,"column":21},"end":{"line":430,"column":54}},"248":{"start":{"line":431,"column":4},"end":{"line":431,"column":102}},"249":{"start":{"line":433,"column":2},"end":{"line":433,"column":49}},"250":{"start":{"line":437,"column":2},"end":{"line":439,"column":3}},"251":{"start":{"line":438,"column":4},"end":{"line":438,"column":14}},"252":{"start":{"line":440,"column":2},"end":{"line":440,"column":55}},"253":{"start":{"line":444,"column":21},"end":{"line":444,"column":58}},"254":{"start":{"line":446,"column":2},"end":{"line":453,"column":3}},"255":{"start":{"line":447,"column":4},"end":{"line":451,"column":6}},"256":{"start":{"line":452,"column":4},"end":{"line":452,"column":11}},"257":{"start":{"line":455,"column":2},"end":{"line":488,"column":14}},"258":{"start":{"line":456,"column":24},"end":{"line":456,"column":68}},"259":{"start":{"line":457,"column":20},"end":{"line":457,"column":37}},"260":{"start":{"line":458,"column":15},"end":{"line":458,"column":93}},"261":{"start":{"line":459,"column":21},"end":{"line":459,"column":60}},"262":{"start":{"line":461,"column":4},"end":{"line":487,"column":6}},"263":{"start":{"line":492,"column":2},"end":{"line":497,"column":29}},"264":{"start":{"line":501,"column":2},"end":{"line":501,"column":48}},"265":{"start":{"line":505,"column":2},"end":{"line":505,"column":60}},"266":{"start":{"line":506,"column":2},"end":{"line":506,"column":18}},"267":{"start":{"line":507,"column":2},"end":{"line":507,"column":16}},"268":{"start":{"line":511,"column":2},"end":{"line":515,"column":3}},"269":{"start":{"line":512,"column":4},"end":{"line":512,"column":89}},"270":{"start":{"line":512,"column":42},"end":{"line":512,"column":87}},"271":{"start":{"line":514,"column":4},"end":{"line":514,"column":89}},"272":{"start":{"line":514,"column":42},"end":{"line":514,"column":87}},"273":{"start":{"line":516,"column":2},"end":{"line":516,"column":15}},"274":{"start":{"line":520,"column":2},"end":{"line":520,"column":32}},"275":{"start":{"line":520,"column":19},"end":{"line":520,"column":32}},"276":{"start":{"line":521,"column":16},"end":{"line":521,"column":26}},"277":{"start":{"line":522,"column":2},"end":{"line":522,"column":29}},"278":{"start":{"line":523,"column":21},"end":{"line":523,"column":41}},"279":{"start":{"line":524,"column":2},"end":{"line":524,"column":34}},"280":{"start":{"line":526,"column":19},"end":{"line":526,"column":37}},"281":{"start":{"line":527,"column":19},"end":{"line":527,"column":51}},"282":{"start":{"line":529,"column":2},"end":{"line":529,"column":40}},"283":{"start":{"line":533,"column":27},"end":{"line":533,"column":70}},"284":{"start":{"line":534,"column":24},"end":{"line":534,"column":64}},"285":{"start":{"line":535,"column":25},"end":{"line":535,"column":66}},"286":{"start":{"line":537,"column":23},"end":{"line":537,"column":60}},"287":{"start":{"line":538,"column":2},"end":{"line":541,"column":3}},"288":{"start":{"line":539,"column":4},"end":{"line":539,"column":44}},"289":{"start":{"line":540,"column":4},"end":{"line":540,"column":11}},"290":{"start":{"line":543,"column":15},"end":{"line":543,"column":39}},"291":{"start":{"line":544,"column":20},"end":{"line":544,"column":22}},"292":{"start":{"line":546,"column":2},"end":{"line":548,"column":3}},"293":{"start":{"line":547,"column":4},"end":{"line":547,"column":88}},"294":{"start":{"line":547,"column":46},"end":{"line":547,"column":86}},"295":{"start":{"line":550,"column":2},"end":{"line":556,"column":3}},"296":{"start":{"line":551,"column":28},"end":{"line":554,"column":5}},"297":{"start":{"line":552,"column":6},"end":{"line":553,"column":35}},"298":{"start":{"line":555,"column":4},"end":{"line":555,"column":55}},"299":{"start":{"line":558,"column":2},"end":{"line":564,"column":3}},"300":{"start":{"line":559,"column":29},"end":{"line":562,"column":5}},"301":{"start":{"line":560,"column":6},"end":{"line":561,"column":35}},"302":{"start":{"line":563,"column":4},"end":{"line":563,"column":55}},"303":{"start":{"line":566,"column":2},"end":{"line":569,"column":3}},"304":{"start":{"line":567,"column":4},"end":{"line":567,"column":44}},"305":{"start":{"line":568,"column":4},"end":{"line":568,"column":11}},"306":{"start":{"line":571,"column":2},"end":{"line":571,"column":76}},"307":{"start":{"line":571,"column":29},"end":{"line":571,"column":74}},"308":{"start":{"line":572,"column":19},"end":{"line":572,"column":42}},"309":{"start":{"line":574,"column":2},"end":{"line":574,"column":77}},"310":{"start":{"line":576,"column":2},"end":{"line":607,"column":14}},"311":{"start":{"line":577,"column":24},"end":{"line":577,"column":68}},"312":{"start":{"line":578,"column":20},"end":{"line":578,"column":37}},"313":{"start":{"line":579,"column":15},"end":{"line":579,"column":93}},"314":{"start":{"line":580,"column":21},"end":{"line":580,"column":60}},"315":{"start":{"line":582,"column":4},"end":{"line":606,"column":6}},"316":{"start":{"line":609,"column":2},"end":{"line":609,"column":43}},"317":{"start":{"line":613,"column":2},"end":{"line":613,"column":25}},"318":{"start":{"line":615,"column":15},"end":{"line":615,"column":62}},"319":{"start":{"line":616,"column":16},"end":{"line":616,"column":64}},"320":{"start":{"line":617,"column":15},"end":{"line":617,"column":62}},"321":{"start":{"line":618,"column":15},"end":{"line":618,"column":62}},"322":{"start":{"line":619,"column":20},"end":{"line":619,"column":71}},"323":{"start":{"line":621,"column":2},"end":{"line":624,"column":3}},"324":{"start":{"line":622,"column":4},"end":{"line":622,"column":28}},"325":{"start":{"line":623,"column":4},"end":{"line":623,"column":11}},"326":{"start":{"line":626,"column":23},"end":{"line":626,"column":44}},"327":{"start":{"line":627,"column":2},"end":{"line":627,"column":36}},"328":{"start":{"line":628,"column":2},"end":{"line":628,"column":41}},"329":{"start":{"line":629,"column":2},"end":{"line":629,"column":28}},"330":{"start":{"line":631,"column":2},"end":{"line":659,"column":3}},"331":{"start":{"line":632,"column":21},"end":{"line":641,"column":6}},"332":{"start":{"line":643,"column":4},"end":{"line":651,"column":5}},"333":{"start":{"line":644,"column":6},"end":{"line":644,"column":61}},"334":{"start":{"line":646,"column":6},"end":{"line":646,"column":25}},"335":{"start":{"line":647,"column":6},"end":{"line":647,"column":31}},"336":{"start":{"line":649,"column":24},"end":{"line":649,"column":45}},"337":{"start":{"line":650,"column":6},"end":{"line":650,"column":54}},"338":{"start":{"line":653,"column":4},"end":{"line":653,"column":38}},"339":{"start":{"line":654,"column":4},"end":{"line":654,"column":49}},"340":{"start":{"line":656,"column":4},"end":{"line":656,"column":41}},"341":{"start":{"line":657,"column":4},"end":{"line":657,"column":43}},"342":{"start":{"line":658,"column":4},"end":{"line":658,"column":31}},"343":{"start":{"line":663,"column":2},"end":{"line":685,"column":3}},"344":{"start":{"line":664,"column":19},"end":{"line":664,"column":69}},"345":{"start":{"line":665,"column":24},"end":{"line":665,"column":68}},"346":{"start":{"line":666,"column":15},"end":{"line":666,"column":93}},"347":{"start":{"line":667,"column":20},"end":{"line":667,"column":97}},"348":{"start":{"line":669,"column":19},"end":{"line":669,"column":21}},"349":{"start":{"line":670,"column":4},"end":{"line":670,"column":67}},"350":{"start":{"line":670,"column":26},"end":{"line":670,"column":67}},"351":{"start":{"line":671,"column":4},"end":{"line":671,"column":41}},"352":{"start":{"line":671,"column":13},"end":{"line":671,"column":41}},"353":{"start":{"line":673,"column":19},"end":{"line":679,"column":6}},"354":{"start":{"line":681,"column":4},"end":{"line":681,"column":57}},"355":{"start":{"line":683,"column":4},"end":{"line":683,"column":37}},"356":{"start":{"line":684,"column":4},"end":{"line":684,"column":25}},"357":{"start":{"line":689,"column":2},"end":{"line":728,"column":3}},"358":{"start":{"line":690,"column":19},"end":{"line":690,"column":69}},"359":{"start":{"line":691,"column":24},"end":{"line":691,"column":44}},"360":{"start":{"line":692,"column":16},"end":{"line":692,"column":18}},"361":{"start":{"line":694,"column":16},"end":{"line":694,"column":49}},"362":{"start":{"line":695,"column":4},"end":{"line":697,"column":5}},"363":{"start":{"line":696,"column":6},"end":{"line":696,"column":30}},"364":{"start":{"line":699,"column":24},"end":{"line":699,"column":98}},"365":{"start":{"line":699,"column":43},"end":{"line":699,"column":97}},"366":{"start":{"line":700,"column":4},"end":{"line":703,"column":5}},"367":{"start":{"line":701,"column":6},"end":{"line":701,"column":34}},"368":{"start":{"line":702,"column":6},"end":{"line":702,"column":13}},"369":{"start":{"line":705,"column":24},"end":{"line":705,"column":68}},"370":{"start":{"line":706,"column":20},"end":{"line":706,"column":97}},"371":{"start":{"line":707,"column":15},"end":{"line":707,"column":131}},"372":{"start":{"line":709,"column":20},"end":{"line":720,"column":5}},"373":{"start":{"line":722,"column":4},"end":{"line":722,"column":24}},"374":{"start":{"line":723,"column":4},"end":{"line":723,"column":61}},"375":{"start":{"line":724,"column":4},"end":{"line":724,"column":41}},"376":{"start":{"line":726,"column":4},"end":{"line":726,"column":37}},"377":{"start":{"line":727,"column":4},"end":{"line":727,"column":30}}},"fnMap":{"0":{"name":"_navigate","decl":{"start":{"line":11,"column":9},"end":{"line":11,"column":18}},"loc":{"start":{"line":11,"column":24},"end":{"line":18,"column":1}},"line":11},"1":{"name":"saveSearchState","decl":{"start":{"line":20,"column":9},"end":{"line":20,"column":24}},"loc":{"start":{"line":20,"column":27},"end":{"line":33,"column":1}},"line":20},"2":{"name":"(anonymous_2)","decl":{"start":{"line":35,"column":16},"end":{"line":35,"column":17}},"loc":{"start":{"line":35,"column":33},"end":{"line":99,"column":1}},"line":35},"3":{"name":"toggleProfile","decl":{"start":{"line":101,"column":9},"end":{"line":101,"column":22}},"loc":{"start":{"line":101,"column":25},"end":{"line":103,"column":1}},"line":101},"4":{"name":"openManageModal","decl":{"start":{"line":105,"column":15},"end":{"line":105,"column":30}},"loc":{"start":{"line":105,"column":33},"end":{"line":108,"column":1}},"line":105},"5":{"name":"closeManageModal","decl":{"start":{"line":110,"column":9},"end":{"line":110,"column":25}},"loc":{"start":{"line":110,"column":28},"end":{"line":115,"column":1}},"line":110},"6":{"name":"(anonymous_6)","decl":{"start":{"line":117,"column":33},"end":{"line":117,"column":34}},"loc":{"start":{"line":117,"column":45},"end":{"line":128,"column":1}},"line":117},"7":{"name":"loadProfileData","decl":{"start":{"line":130,"column":9},"end":{"line":130,"column":24}},"loc":{"start":{"line":130,"column":27},"end":{"line":154,"column":1}},"line":130},"8":{"name":"(anonymous_8)","decl":{"start":{"line":144,"column":58},"end":{"line":144,"column":59}},"loc":{"start":{"line":145,"column":10},"end":{"line":145,"column":71}},"line":145},"9":{"name":"handleLogout","decl":{"start":{"line":156,"column":9},"end":{"line":156,"column":21}},"loc":{"start":{"line":156,"column":24},"end":{"line":162,"column":1}},"line":156},"10":{"name":"loadUniversities","decl":{"start":{"line":164,"column":15},"end":{"line":164,"column":31}},"loc":{"start":{"line":164,"column":34},"end":{"line":187,"column":1}},"line":164},"11":{"name":"(anonymous_11)","decl":{"start":{"line":171,"column":24},"end":{"line":171,"column":25}},"loc":{"start":{"line":171,"column":34},"end":{"line":171,"column":61}},"line":171},"12":{"name":"(anonymous_12)","decl":{"start":{"line":174,"column":25},"end":{"line":174,"column":26}},"loc":{"start":{"line":174,"column":30},"end":{"line":174,"column":95}},"line":174},"13":{"name":"(anonymous_13)","decl":{"start":{"line":182,"column":22},"end":{"line":182,"column":23}},"loc":{"start":{"line":182,"column":32},"end":{"line":182,"column":59}},"line":182},"14":{"name":"(anonymous_14)","decl":{"start":{"line":185,"column":25},"end":{"line":185,"column":26}},"loc":{"start":{"line":185,"column":30},"end":{"line":185,"column":95}},"line":185},"15":{"name":"loadManageUniversities","decl":{"start":{"line":189,"column":15},"end":{"line":189,"column":37}},"loc":{"start":{"line":189,"column":40},"end":{"line":205,"column":1}},"line":189},"16":{"name":"(anonymous_16)","decl":{"start":{"line":197,"column":24},"end":{"line":197,"column":25}},"loc":{"start":{"line":197,"column":34},"end":{"line":197,"column":61}},"line":197},"17":{"name":"(anonymous_17)","decl":{"start":{"line":200,"column":25},"end":{"line":200,"column":26}},"loc":{"start":{"line":200,"column":30},"end":{"line":200,"column":95}},"line":200},"18":{"name":"loadManageBoards","decl":{"start":{"line":207,"column":15},"end":{"line":207,"column":31}},"loc":{"start":{"line":207,"column":34},"end":{"line":239,"column":1}},"line":207},"19":{"name":"(anonymous_19)","decl":{"start":{"line":227,"column":42},"end":{"line":227,"column":43}},"loc":{"start":{"line":227,"column":47},"end":{"line":232,"column":7}},"line":227},"20":{"name":"deleteSource","decl":{"start":{"line":241,"column":15},"end":{"line":241,"column":27}},"loc":{"start":{"line":241,"column":41},"end":{"line":271,"column":1}},"line":241},"21":{"name":"handleUniversityChange","decl":{"start":{"line":273,"column":15},"end":{"line":273,"column":37}},"loc":{"start":{"line":273,"column":40},"end":{"line":303,"column":1}},"line":273},"22":{"name":"(anonymous_22)","decl":{"start":{"line":292,"column":19},"end":{"line":292,"column":20}},"loc":{"start":{"line":292,"column":24},"end":{"line":292,"column":89}},"line":292},"23":{"name":"searchNotices","decl":{"start":{"line":305,"column":15},"end":{"line":305,"column":28}},"loc":{"start":{"line":305,"column":31},"end":{"line":368,"column":1}},"line":305},"24":{"name":"applyFilter","decl":{"start":{"line":370,"column":9},"end":{"line":370,"column":20}},"loc":{"start":{"line":370,"column":54},"end":{"line":399,"column":1}},"line":370},"25":{"name":"(anonymous_25)","decl":{"start":{"line":377,"column":18},"end":{"line":377,"column":19}},"loc":{"start":{"line":377,"column":25},"end":{"line":383,"column":3}},"line":377},"26":{"name":"(anonymous_26)","decl":{"start":{"line":389,"column":24},"end":{"line":389,"column":25}},"loc":{"start":{"line":389,"column":29},"end":{"line":389,"column":62}},"line":389},"27":{"name":"renderPage","decl":{"start":{"line":401,"column":9},"end":{"line":401,"column":19}},"loc":{"start":{"line":401,"column":22},"end":{"line":410,"column":1}},"line":401},"28":{"name":"changePage","decl":{"start":{"line":412,"column":9},"end":{"line":412,"column":19}},"loc":{"start":{"line":412,"column":32},"end":{"line":417,"column":1}},"line":412},"29":{"name":"renderPagination","decl":{"start":{"line":419,"column":9},"end":{"line":419,"column":25}},"loc":{"start":{"line":419,"column":38},"end":{"line":434,"column":1}},"line":419},"30":{"name":"safeMeta","decl":{"start":{"line":436,"column":9},"end":{"line":436,"column":17}},"loc":{"start":{"line":436,"column":32},"end":{"line":441,"column":1}},"line":436},"31":{"name":"renderNotices","decl":{"start":{"line":443,"column":9},"end":{"line":443,"column":22}},"loc":{"start":{"line":443,"column":32},"end":{"line":489,"column":1}},"line":443},"32":{"name":"(anonymous_32)","decl":{"start":{"line":455,"column":37},"end":{"line":455,"column":38}},"loc":{"start":{"line":455,"column":47},"end":{"line":488,"column":3}},"line":455},"33":{"name":"escapeHtml","decl":{"start":{"line":491,"column":9},"end":{"line":491,"column":19}},"loc":{"start":{"line":491,"column":27},"end":{"line":498,"column":1}},"line":491},"34":{"name":"escapeAttribute","decl":{"start":{"line":500,"column":9},"end":{"line":500,"column":24}},"loc":{"start":{"line":500,"column":32},"end":{"line":502,"column":1}},"line":500},"35":{"name":"handleSortChange","decl":{"start":{"line":504,"column":9},"end":{"line":504,"column":25}},"loc":{"start":{"line":504,"column":28},"end":{"line":508,"column":1}},"line":504},"36":{"name":"sortNotices","decl":{"start":{"line":510,"column":9},"end":{"line":510,"column":20}},"loc":{"start":{"line":510,"column":23},"end":{"line":517,"column":1}},"line":510},"37":{"name":"(anonymous_37)","decl":{"start":{"line":512,"column":32},"end":{"line":512,"column":33}},"loc":{"start":{"line":512,"column":42},"end":{"line":512,"column":87}},"line":512},"38":{"name":"(anonymous_38)","decl":{"start":{"line":514,"column":32},"end":{"line":514,"column":33}},"loc":{"start":{"line":514,"column":42},"end":{"line":514,"column":87}},"line":514},"39":{"name":"isNew","decl":{"start":{"line":519,"column":9},"end":{"line":519,"column":14}},"loc":{"start":{"line":519,"column":27},"end":{"line":530,"column":1}},"line":519},"40":{"name":"renderRecommendations","decl":{"start":{"line":532,"column":9},"end":{"line":532,"column":30}},"loc":{"start":{"line":532,"column":33},"end":{"line":610,"column":1}},"line":532},"41":{"name":"(anonymous_41)","decl":{"start":{"line":547,"column":36},"end":{"line":547,"column":37}},"loc":{"start":{"line":547,"column":46},"end":{"line":547,"column":86}},"line":547},"42":{"name":"(anonymous_42)","decl":{"start":{"line":551,"column":46},"end":{"line":551,"column":47}},"loc":{"start":{"line":552,"column":6},"end":{"line":553,"column":35}},"line":552},"43":{"name":"(anonymous_43)","decl":{"start":{"line":559,"column":47},"end":{"line":559,"column":48}},"loc":{"start":{"line":560,"column":6},"end":{"line":561,"column":35}},"line":560},"44":{"name":"(anonymous_44)","decl":{"start":{"line":571,"column":19},"end":{"line":571,"column":20}},"loc":{"start":{"line":571,"column":29},"end":{"line":571,"column":74}},"line":571},"45":{"name":"(anonymous_45)","decl":{"start":{"line":576,"column":41},"end":{"line":576,"column":42}},"loc":{"start":{"line":576,"column":51},"end":{"line":607,"column":3}},"line":576},"46":{"name":"handleRegisterSource","decl":{"start":{"line":612,"column":15},"end":{"line":612,"column":35}},"loc":{"start":{"line":612,"column":43},"end":{"line":660,"column":1}},"line":612},"47":{"name":"sendToSchedule","decl":{"start":{"line":662,"column":9},"end":{"line":662,"column":23}},"loc":{"start":{"line":662,"column":36},"end":{"line":686,"column":1}},"line":662},"48":{"name":"saveToArchive","decl":{"start":{"line":688,"column":9},"end":{"line":688,"column":22}},"loc":{"start":{"line":688,"column":35},"end":{"line":729,"column":1}},"line":688},"49":{"name":"(anonymous_49)","decl":{"start":{"line":699,"column":35},"end":{"line":699,"column":36}},"loc":{"start":{"line":699,"column":43},"end":{"line":699,"column":97}},"line":699}},"branchMap":{"0":{"loc":{"start":{"line":21,"column":2},"end":{"line":21,"column":27}},"type":"if","locations":[{"start":{"line":21,"column":2},"end":{"line":21,"column":27}},{"start":{},"end":{}}],"line":21},"1":{"loc":{"start":{"line":42,"column":2},"end":{"line":98,"column":3}},"type":"if","locations":[{"start":{"line":42,"column":2},"end":{"line":98,"column":3}},{"start":{"line":74,"column":9},"end":{"line":98,"column":3}}],"line":42},"2":{"loc":{"start":{"line":51,"column":6},"end":{"line":53,"column":7}},"type":"if","locations":[{"start":{"line":51,"column":6},"end":{"line":53,"column":7}},{"start":{},"end":{}}],"line":51},"3":{"loc":{"start":{"line":55,"column":52},"end":{"line":55,"column":76}},"type":"binary-expr","locations":[{"start":{"line":55,"column":52},"end":{"line":55,"column":68}},{"start":{"line":55,"column":72},"end":{"line":55,"column":76}}],"line":55},"4":{"loc":{"start":{"line":56,"column":52},"end":{"line":56,"column":72}},"type":"binary-expr","locations":[{"start":{"line":56,"column":52},"end":{"line":56,"column":62}},{"start":{"line":56,"column":66},"end":{"line":56,"column":72}}],"line":56},"5":{"loc":{"start":{"line":58,"column":19},"end":{"line":58,"column":41}},"type":"binary-expr","locations":[{"start":{"line":58,"column":19},"end":{"line":58,"column":35}},{"start":{"line":58,"column":39},"end":{"line":58,"column":41}}],"line":58},"6":{"loc":{"start":{"line":60,"column":20},"end":{"line":60,"column":40}},"type":"binary-expr","locations":[{"start":{"line":60,"column":20},"end":{"line":60,"column":30}},{"start":{"line":60,"column":34},"end":{"line":60,"column":40}}],"line":60},"7":{"loc":{"start":{"line":61,"column":20},"end":{"line":61,"column":35}},"type":"binary-expr","locations":[{"start":{"line":61,"column":20},"end":{"line":61,"column":30}},{"start":{"line":61,"column":34},"end":{"line":61,"column":35}}],"line":61},"8":{"loc":{"start":{"line":63,"column":6},"end":{"line":70,"column":7}},"type":"if","locations":[{"start":{"line":63,"column":6},"end":{"line":70,"column":7}},{"start":{"line":66,"column":13},"end":{"line":70,"column":7}}],"line":63},"9":{"loc":{"start":{"line":63,"column":10},"end":{"line":63,"column":46}},"type":"binary-expr","locations":[{"start":{"line":63,"column":10},"end":{"line":63,"column":21}},{"start":{"line":63,"column":25},"end":{"line":63,"column":46}}],"line":63},"10":{"loc":{"start":{"line":65,"column":20},"end":{"line":65,"column":42}},"type":"binary-expr","locations":[{"start":{"line":65,"column":20},"end":{"line":65,"column":34}},{"start":{"line":65,"column":38},"end":{"line":65,"column":42}}],"line":65},"11":{"loc":{"start":{"line":66,"column":13},"end":{"line":70,"column":7}},"type":"if","locations":[{"start":{"line":66,"column":13},"end":{"line":70,"column":7}},{"start":{},"end":{}}],"line":66},"12":{"loc":{"start":{"line":74,"column":9},"end":{"line":98,"column":3}},"type":"if","locations":[{"start":{"line":74,"column":9},"end":{"line":98,"column":3}},{"start":{},"end":{}}],"line":74},"13":{"loc":{"start":{"line":82,"column":8},"end":{"line":85,"column":9}},"type":"if","locations":[{"start":{"line":82,"column":8},"end":{"line":85,"column":9}},{"start":{},"end":{}}],"line":82},"14":{"loc":{"start":{"line":88,"column":6},"end":{"line":94,"column":7}},"type":"if","locations":[{"start":{"line":88,"column":6},"end":{"line":94,"column":7}},{"start":{"line":92,"column":13},"end":{"line":94,"column":7}}],"line":88},"15":{"loc":{"start":{"line":120,"column":2},"end":{"line":122,"column":3}},"type":"if","locations":[{"start":{"line":120,"column":2},"end":{"line":122,"column":3}},{"start":{},"end":{}}],"line":120},"16":{"loc":{"start":{"line":120,"column":6},"end":{"line":120,"column":101}},"type":"binary-expr","locations":[{"start":{"line":120,"column":6},"end":{"line":120,"column":22}},{"start":{"line":120,"column":26},"end":{"line":120,"column":62}},{"start":{"line":120,"column":66},"end":{"line":120,"column":101}}],"line":120},"17":{"loc":{"start":{"line":125,"column":2},"end":{"line":127,"column":3}},"type":"if","locations":[{"start":{"line":125,"column":2},"end":{"line":127,"column":3}},{"start":{},"end":{}}],"line":125},"18":{"loc":{"start":{"line":132,"column":2},"end":{"line":153,"column":3}},"type":"if","locations":[{"start":{"line":132,"column":2},"end":{"line":153,"column":3}},{"start":{},"end":{}}],"line":132},"19":{"loc":{"start":{"line":143,"column":6},"end":{"line":149,"column":7}},"type":"if","locations":[{"start":{"line":143,"column":6},"end":{"line":149,"column":7}},{"start":{"line":147,"column":13},"end":{"line":149,"column":7}}],"line":143},"20":{"loc":{"start":{"line":143,"column":10},"end":{"line":143,"column":53}},"type":"binary-expr","locations":[{"start":{"line":143,"column":10},"end":{"line":143,"column":24}},{"start":{"line":143,"column":28},"end":{"line":143,"column":53}}],"line":143},"21":{"loc":{"start":{"line":157,"column":2},"end":{"line":161,"column":3}},"type":"if","locations":[{"start":{"line":157,"column":2},"end":{"line":161,"column":3}},{"start":{},"end":{}}],"line":157},"22":{"loc":{"start":{"line":169,"column":4},"end":{"line":178,"column":5}},"type":"if","locations":[{"start":{"line":169,"column":4},"end":{"line":178,"column":5}},{"start":{"line":176,"column":11},"end":{"line":178,"column":5}}],"line":169},"23":{"loc":{"start":{"line":175,"column":6},"end":{"line":175,"column":50}},"type":"if","locations":[{"start":{"line":175,"column":6},"end":{"line":175,"column":50}},{"start":{},"end":{}}],"line":175},"24":{"loc":{"start":{"line":195,"column":4},"end":{"line":201,"column":5}},"type":"if","locations":[{"start":{"line":195,"column":4},"end":{"line":201,"column":5}},{"start":{},"end":{}}],"line":195},"25":{"loc":{"start":{"line":211,"column":2},"end":{"line":214,"column":3}},"type":"if","locations":[{"start":{"line":211,"column":2},"end":{"line":214,"column":3}},{"start":{},"end":{}}],"line":211},"26":{"loc":{"start":{"line":220,"column":4},"end":{"line":235,"column":5}},"type":"if","locations":[{"start":{"line":220,"column":4},"end":{"line":235,"column":5}},{"start":{"line":233,"column":11},"end":{"line":235,"column":5}}],"line":220},"27":{"loc":{"start":{"line":222,"column":6},"end":{"line":225,"column":7}},"type":"if","locations":[{"start":{"line":222,"column":6},"end":{"line":225,"column":7}},{"start":{},"end":{}}],"line":222},"28":{"loc":{"start":{"line":242,"column":2},"end":{"line":244,"column":3}},"type":"if","locations":[{"start":{"line":242,"column":2},"end":{"line":244,"column":3}},{"start":{},"end":{}}],"line":242},"29":{"loc":{"start":{"line":252,"column":4},"end":{"line":266,"column":5}},"type":"if","locations":[{"start":{"line":252,"column":4},"end":{"line":266,"column":5}},{"start":{"line":263,"column":11},"end":{"line":266,"column":5}}],"line":252},"30":{"loc":{"start":{"line":259,"column":6},"end":{"line":261,"column":7}},"type":"if","locations":[{"start":{"line":259,"column":6},"end":{"line":261,"column":7}},{"start":{},"end":{}}],"line":259},"31":{"loc":{"start":{"line":265,"column":22},"end":{"line":265,"column":60}},"type":"binary-expr","locations":[{"start":{"line":265,"column":22},"end":{"line":265,"column":38}},{"start":{"line":265,"column":42},"end":{"line":265,"column":60}}],"line":265},"32":{"loc":{"start":{"line":278,"column":2},"end":{"line":282,"column":3}},"type":"if","locations":[{"start":{"line":278,"column":2},"end":{"line":282,"column":3}},{"start":{},"end":{}}],"line":278},"33":{"loc":{"start":{"line":289,"column":4},"end":{"line":297,"column":5}},"type":"if","locations":[{"start":{"line":289,"column":4},"end":{"line":297,"column":5}},{"start":{"line":295,"column":11},"end":{"line":297,"column":5}}],"line":289},"34":{"loc":{"start":{"line":313,"column":2},"end":{"line":318,"column":3}},"type":"if","locations":[{"start":{"line":313,"column":2},"end":{"line":318,"column":3}},{"start":{},"end":{}}],"line":313},"35":{"loc":{"start":{"line":328,"column":4},"end":{"line":330,"column":5}},"type":"if","locations":[{"start":{"line":328,"column":4},"end":{"line":330,"column":5}},{"start":{},"end":{}}],"line":328},"36":{"loc":{"start":{"line":334,"column":4},"end":{"line":336,"column":5}},"type":"if","locations":[{"start":{"line":334,"column":4},"end":{"line":336,"column":5}},{"start":{},"end":{}}],"line":334},"37":{"loc":{"start":{"line":340,"column":4},"end":{"line":352,"column":5}},"type":"if","locations":[{"start":{"line":340,"column":4},"end":{"line":352,"column":5}},{"start":{},"end":{}}],"line":340},"38":{"loc":{"start":{"line":340,"column":8},"end":{"line":340,"column":55}},"type":"binary-expr","locations":[{"start":{"line":340,"column":8},"end":{"line":340,"column":31}},{"start":{"line":340,"column":35},"end":{"line":340,"column":55}}],"line":340},"39":{"loc":{"start":{"line":370,"column":31},"end":{"line":370,"column":52}},"type":"default-arg","locations":[{"start":{"line":370,"column":47},"end":{"line":370,"column":52}}],"line":370},"40":{"loc":{"start":{"line":372,"column":2},"end":{"line":374,"column":3}},"type":"if","locations":[{"start":{"line":372,"column":2},"end":{"line":374,"column":3}},{"start":{},"end":{}}],"line":372},"41":{"loc":{"start":{"line":378,"column":4},"end":{"line":382,"column":5}},"type":"if","locations":[{"start":{"line":378,"column":4},"end":{"line":382,"column":5}},{"start":{"line":380,"column":11},"end":{"line":382,"column":5}}],"line":378},"42":{"loc":{"start":{"line":385,"column":2},"end":{"line":385,"column":27}},"type":"if","locations":[{"start":{"line":385,"column":2},"end":{"line":385,"column":27}},{"start":{},"end":{}}],"line":385},"43":{"loc":{"start":{"line":387,"column":27},"end":{"line":389,"column":63}},"type":"cond-expr","locations":[{"start":{"line":388,"column":6},"end":{"line":388,"column":16}},{"start":{"line":389,"column":6},"end":{"line":389,"column":63}}],"line":387},"44":{"loc":{"start":{"line":389,"column":30},"end":{"line":389,"column":48}},"type":"binary-expr","locations":[{"start":{"line":389,"column":30},"end":{"line":389,"column":40}},{"start":{"line":389,"column":44},"end":{"line":389,"column":48}}],"line":389},"45":{"loc":{"start":{"line":395,"column":21},"end":{"line":395,"column":68}},"type":"cond-expr","locations":[{"start":{"line":395,"column":29},"end":{"line":395,"column":55}},{"start":{"line":395,"column":58},"end":{"line":395,"column":68}}],"line":395},"46":{"loc":{"start":{"line":423,"column":2},"end":{"line":426,"column":3}},"type":"if","locations":[{"start":{"line":423,"column":2},"end":{"line":426,"column":3}},{"start":{},"end":{}}],"line":423},"47":{"loc":{"start":{"line":430,"column":21},"end":{"line":430,"column":54}},"type":"cond-expr","locations":[{"start":{"line":430,"column":41},"end":{"line":430,"column":49}},{"start":{"line":430,"column":52},"end":{"line":430,"column":54}}],"line":430},"48":{"loc":{"start":{"line":437,"column":2},"end":{"line":439,"column":3}},"type":"if","locations":[{"start":{"line":437,"column":2},"end":{"line":439,"column":3}},{"start":{},"end":{}}],"line":437},"49":{"loc":{"start":{"line":437,"column":6},"end":{"line":437,"column":191}},"type":"binary-expr","locations":[{"start":{"line":437,"column":6},"end":{"line":437,"column":25}},{"start":{"line":437,"column":29},"end":{"line":437,"column":43}},{"start":{"line":437,"column":47},"end":{"line":437,"column":74}},{"start":{"line":437,"column":78},"end":{"line":437,"column":116}},{"start":{"line":437,"column":120},"end":{"line":437,"column":158}},{"start":{"line":437,"column":162},"end":{"line":437,"column":191}}],"line":437},"50":{"loc":{"start":{"line":446,"column":2},"end":{"line":453,"column":3}},"type":"if","locations":[{"start":{"line":446,"column":2},"end":{"line":453,"column":3}},{"start":{},"end":{}}],"line":446},"51":{"loc":{"start":{"line":458,"column":15},"end":{"line":458,"column":93}},"type":"binary-expr","locations":[{"start":{"line":458,"column":15},"end":{"line":458,"column":32}},{"start":{"line":458,"column":36},"end":{"line":458,"column":48}},{"start":{"line":458,"column":53},"end":{"line":458,"column":92}}],"line":458},"52":{"loc":{"start":{"line":458,"column":53},"end":{"line":458,"column":92}},"type":"cond-expr","locations":[{"start":{"line":458,"column":69},"end":{"line":458,"column":82}},{"start":{"line":458,"column":85},"end":{"line":458,"column":92}}],"line":458},"53":{"loc":{"start":{"line":464,"column":41},"end":{"line":464,"column":64}},"type":"binary-expr","locations":[{"start":{"line":464,"column":41},"end":{"line":464,"column":56}},{"start":{"line":464,"column":60},"end":{"line":464,"column":64}}],"line":464},"54":{"loc":{"start":{"line":465,"column":27},"end":{"line":465,"column":50}},"type":"binary-expr","locations":[{"start":{"line":465,"column":27},"end":{"line":465,"column":44}},{"start":{"line":465,"column":48},"end":{"line":465,"column":50}}],"line":465},"55":{"loc":{"start":{"line":468,"column":35},"end":{"line":468,"column":52}},"type":"binary-expr","locations":[{"start":{"line":468,"column":35},"end":{"line":468,"column":45}},{"start":{"line":468,"column":49},"end":{"line":468,"column":52}}],"line":468},"56":{"loc":{"start":{"line":469,"column":23},"end":{"line":469,"column":46}},"type":"binary-expr","locations":[{"start":{"line":469,"column":23},"end":{"line":469,"column":35}},{"start":{"line":469,"column":39},"end":{"line":469,"column":46}}],"line":469},"57":{"loc":{"start":{"line":471,"column":10},"end":{"line":471,"column":72}},"type":"cond-expr","locations":[{"start":{"line":471,"column":31},"end":{"line":471,"column":67}},{"start":{"line":471,"column":70},"end":{"line":471,"column":72}}],"line":471},"58":{"loc":{"start":{"line":476,"column":32},"end":{"line":476,"column":55}},"type":"binary-expr","locations":[{"start":{"line":476,"column":32},"end":{"line":476,"column":43}},{"start":{"line":476,"column":47},"end":{"line":476,"column":55}}],"line":476},"59":{"loc":{"start":{"line":511,"column":2},"end":{"line":515,"column":3}},"type":"if","locations":[{"start":{"line":511,"column":2},"end":{"line":515,"column":3}},{"start":{"line":513,"column":9},"end":{"line":515,"column":3}}],"line":511},"60":{"loc":{"start":{"line":512,"column":51},"end":{"line":512,"column":62}},"type":"binary-expr","locations":[{"start":{"line":512,"column":51},"end":{"line":512,"column":57}},{"start":{"line":512,"column":61},"end":{"line":512,"column":62}}],"line":512},"61":{"loc":{"start":{"line":512,"column":75},"end":{"line":512,"column":86}},"type":"binary-expr","locations":[{"start":{"line":512,"column":75},"end":{"line":512,"column":81}},{"start":{"line":512,"column":85},"end":{"line":512,"column":86}}],"line":512},"62":{"loc":{"start":{"line":514,"column":51},"end":{"line":514,"column":62}},"type":"binary-expr","locations":[{"start":{"line":514,"column":51},"end":{"line":514,"column":57}},{"start":{"line":514,"column":61},"end":{"line":514,"column":62}}],"line":514},"63":{"loc":{"start":{"line":514,"column":75},"end":{"line":514,"column":86}},"type":"binary-expr","locations":[{"start":{"line":514,"column":75},"end":{"line":514,"column":81}},{"start":{"line":514,"column":85},"end":{"line":514,"column":86}}],"line":514},"64":{"loc":{"start":{"line":520,"column":2},"end":{"line":520,"column":32}},"type":"if","locations":[{"start":{"line":520,"column":2},"end":{"line":520,"column":32}},{"start":{},"end":{}}],"line":520},"65":{"loc":{"start":{"line":529,"column":9},"end":{"line":529,"column":39}},"type":"binary-expr","locations":[{"start":{"line":529,"column":9},"end":{"line":529,"column":22}},{"start":{"line":529,"column":26},"end":{"line":529,"column":39}}],"line":529},"66":{"loc":{"start":{"line":538,"column":2},"end":{"line":541,"column":3}},"type":"if","locations":[{"start":{"line":538,"column":2},"end":{"line":541,"column":3}},{"start":{},"end":{}}],"line":538},"67":{"loc":{"start":{"line":538,"column":6},"end":{"line":538,"column":46}},"type":"binary-expr","locations":[{"start":{"line":538,"column":6},"end":{"line":538,"column":19}},{"start":{"line":538,"column":23},"end":{"line":538,"column":46}}],"line":538},"68":{"loc":{"start":{"line":546,"column":2},"end":{"line":548,"column":3}},"type":"if","locations":[{"start":{"line":546,"column":2},"end":{"line":548,"column":3}},{"start":{},"end":{}}],"line":546},"69":{"loc":{"start":{"line":546,"column":6},"end":{"line":546,"column":49}},"type":"binary-expr","locations":[{"start":{"line":546,"column":6},"end":{"line":546,"column":20}},{"start":{"line":546,"column":24},"end":{"line":546,"column":49}}],"line":546},"70":{"loc":{"start":{"line":550,"column":2},"end":{"line":556,"column":3}},"type":"if","locations":[{"start":{"line":550,"column":2},"end":{"line":556,"column":3}},{"start":{},"end":{}}],"line":550},"71":{"loc":{"start":{"line":552,"column":6},"end":{"line":553,"column":35}},"type":"binary-expr","locations":[{"start":{"line":552,"column":7},"end":{"line":552,"column":34}},{"start":{"line":552,"column":38},"end":{"line":552,"column":62}},{"start":{"line":553,"column":6},"end":{"line":553,"column":35}}],"line":552},"72":{"loc":{"start":{"line":558,"column":2},"end":{"line":564,"column":3}},"type":"if","locations":[{"start":{"line":558,"column":2},"end":{"line":564,"column":3}},{"start":{},"end":{}}],"line":558},"73":{"loc":{"start":{"line":560,"column":6},"end":{"line":561,"column":35}},"type":"binary-expr","locations":[{"start":{"line":560,"column":7},"end":{"line":560,"column":34}},{"start":{"line":560,"column":38},"end":{"line":560,"column":62}},{"start":{"line":561,"column":6},"end":{"line":561,"column":35}}],"line":560},"74":{"loc":{"start":{"line":566,"column":2},"end":{"line":569,"column":3}},"type":"if","locations":[{"start":{"line":566,"column":2},"end":{"line":569,"column":3}},{"start":{},"end":{}}],"line":566},"75":{"loc":{"start":{"line":571,"column":38},"end":{"line":571,"column":49}},"type":"binary-expr","locations":[{"start":{"line":571,"column":38},"end":{"line":571,"column":44}},{"start":{"line":571,"column":48},"end":{"line":571,"column":49}}],"line":571},"76":{"loc":{"start":{"line":571,"column":62},"end":{"line":571,"column":73}},"type":"binary-expr","locations":[{"start":{"line":571,"column":62},"end":{"line":571,"column":68}},{"start":{"line":571,"column":72},"end":{"line":571,"column":73}}],"line":571},"77":{"loc":{"start":{"line":579,"column":15},"end":{"line":579,"column":93}},"type":"binary-expr","locations":[{"start":{"line":579,"column":15},"end":{"line":579,"column":32}},{"start":{"line":579,"column":36},"end":{"line":579,"column":48}},{"start":{"line":579,"column":53},"end":{"line":579,"column":92}}],"line":579},"78":{"loc":{"start":{"line":579,"column":53},"end":{"line":579,"column":92}},"type":"cond-expr","locations":[{"start":{"line":579,"column":69},"end":{"line":579,"column":82}},{"start":{"line":579,"column":85},"end":{"line":579,"column":92}}],"line":579},"79":{"loc":{"start":{"line":585,"column":70},"end":{"line":585,"column":93}},"type":"binary-expr","locations":[{"start":{"line":585,"column":70},"end":{"line":585,"column":85}},{"start":{"line":585,"column":89},"end":{"line":585,"column":93}}],"line":585},"80":{"loc":{"start":{"line":586,"column":57},"end":{"line":586,"column":162}},"type":"cond-expr","locations":[{"start":{"line":586,"column":78},"end":{"line":586,"column":157}},{"start":{"line":586,"column":160},"end":{"line":586,"column":162}}],"line":586},"81":{"loc":{"start":{"line":586,"column":176},"end":{"line":586,"column":193}},"type":"binary-expr","locations":[{"start":{"line":586,"column":176},"end":{"line":586,"column":187}},{"start":{"line":586,"column":191},"end":{"line":586,"column":193}}],"line":586},"82":{"loc":{"start":{"line":589,"column":35},"end":{"line":589,"column":52}},"type":"binary-expr","locations":[{"start":{"line":589,"column":35},"end":{"line":589,"column":45}},{"start":{"line":589,"column":49},"end":{"line":589,"column":52}}],"line":589},"83":{"loc":{"start":{"line":590,"column":23},"end":{"line":590,"column":46}},"type":"binary-expr","locations":[{"start":{"line":590,"column":23},"end":{"line":590,"column":35}},{"start":{"line":590,"column":39},"end":{"line":590,"column":46}}],"line":590},"84":{"loc":{"start":{"line":621,"column":2},"end":{"line":624,"column":3}},"type":"if","locations":[{"start":{"line":621,"column":2},"end":{"line":624,"column":3}},{"start":{},"end":{}}],"line":621},"85":{"loc":{"start":{"line":621,"column":6},"end":{"line":621,"column":39}},"type":"binary-expr","locations":[{"start":{"line":621,"column":6},"end":{"line":621,"column":11}},{"start":{"line":621,"column":15},"end":{"line":621,"column":21}},{"start":{"line":621,"column":25},"end":{"line":621,"column":30}},{"start":{"line":621,"column":34},"end":{"line":621,"column":39}}],"line":621},"86":{"loc":{"start":{"line":643,"column":4},"end":{"line":651,"column":5}},"type":"if","locations":[{"start":{"line":643,"column":4},"end":{"line":651,"column":5}},{"start":{"line":648,"column":11},"end":{"line":651,"column":5}}],"line":643},"87":{"loc":{"start":{"line":650,"column":22},"end":{"line":650,"column":52}},"type":"binary-expr","locations":[{"start":{"line":650,"column":22},"end":{"line":650,"column":38}},{"start":{"line":650,"column":42},"end":{"line":650,"column":52}}],"line":650},"88":{"loc":{"start":{"line":666,"column":15},"end":{"line":666,"column":93}},"type":"binary-expr","locations":[{"start":{"line":666,"column":15},"end":{"line":666,"column":32}},{"start":{"line":666,"column":36},"end":{"line":666,"column":48}},{"start":{"line":666,"column":53},"end":{"line":666,"column":92}}],"line":666},"89":{"loc":{"start":{"line":666,"column":53},"end":{"line":666,"column":92}},"type":"cond-expr","locations":[{"start":{"line":666,"column":69},"end":{"line":666,"column":82}},{"start":{"line":666,"column":85},"end":{"line":666,"column":92}}],"line":666},"90":{"loc":{"start":{"line":667,"column":20},"end":{"line":667,"column":97}},"type":"binary-expr","locations":[{"start":{"line":667,"column":20},"end":{"line":667,"column":42}},{"start":{"line":667,"column":46},"end":{"line":667,"column":67}},{"start":{"line":667,"column":71},"end":{"line":667,"column":89}},{"start":{"line":667,"column":93},"end":{"line":667,"column":97}}],"line":667},"91":{"loc":{"start":{"line":670,"column":4},"end":{"line":670,"column":67}},"type":"if","locations":[{"start":{"line":670,"column":4},"end":{"line":670,"column":67}},{"start":{},"end":{}}],"line":670},"92":{"loc":{"start":{"line":671,"column":4},"end":{"line":671,"column":41}},"type":"if","locations":[{"start":{"line":671,"column":4},"end":{"line":671,"column":41}},{"start":{},"end":{}}],"line":671},"93":{"loc":{"start":{"line":674,"column":13},"end":{"line":674,"column":31}},"type":"binary-expr","locations":[{"start":{"line":674,"column":13},"end":{"line":674,"column":25}},{"start":{"line":674,"column":29},"end":{"line":674,"column":31}}],"line":674},"94":{"loc":{"start":{"line":675,"column":16},"end":{"line":675,"column":39}},"type":"binary-expr","locations":[{"start":{"line":675,"column":16},"end":{"line":675,"column":31}},{"start":{"line":675,"column":35},"end":{"line":675,"column":39}}],"line":675},"95":{"loc":{"start":{"line":677,"column":11},"end":{"line":677,"column":27}},"type":"binary-expr","locations":[{"start":{"line":677,"column":11},"end":{"line":677,"column":21}},{"start":{"line":677,"column":25},"end":{"line":677,"column":27}}],"line":677},"96":{"loc":{"start":{"line":695,"column":4},"end":{"line":697,"column":5}},"type":"if","locations":[{"start":{"line":695,"column":4},"end":{"line":697,"column":5}},{"start":{},"end":{}}],"line":695},"97":{"loc":{"start":{"line":699,"column":43},"end":{"line":699,"column":97}},"type":"binary-expr","locations":[{"start":{"line":699,"column":43},"end":{"line":699,"column":66}},{"start":{"line":699,"column":70},"end":{"line":699,"column":97}}],"line":699},"98":{"loc":{"start":{"line":700,"column":4},"end":{"line":703,"column":5}},"type":"if","locations":[{"start":{"line":700,"column":4},"end":{"line":703,"column":5}},{"start":{},"end":{}}],"line":700},"99":{"loc":{"start":{"line":706,"column":20},"end":{"line":706,"column":97}},"type":"binary-expr","locations":[{"start":{"line":706,"column":20},"end":{"line":706,"column":42}},{"start":{"line":706,"column":46},"end":{"line":706,"column":67}},{"start":{"line":706,"column":71},"end":{"line":706,"column":89}},{"start":{"line":706,"column":93},"end":{"line":706,"column":97}}],"line":706},"100":{"loc":{"start":{"line":707,"column":15},"end":{"line":707,"column":131}},"type":"binary-expr","locations":[{"start":{"line":707,"column":15},"end":{"line":707,"column":32}},{"start":{"line":707,"column":36},"end":{"line":707,"column":49}},{"start":{"line":707,"column":53},"end":{"line":707,"column":70}},{"start":{"line":707,"column":74},"end":{"line":707,"column":86}},{"start":{"line":707,"column":91},"end":{"line":707,"column":130}}],"line":707},"101":{"loc":{"start":{"line":707,"column":91},"end":{"line":707,"column":130}},"type":"cond-expr","locations":[{"start":{"line":707,"column":107},"end":{"line":707,"column":120}},{"start":{"line":707,"column":123},"end":{"line":707,"column":130}}],"line":707},"102":{"loc":{"start":{"line":711,"column":13},"end":{"line":711,"column":36}},"type":"binary-expr","locations":[{"start":{"line":711,"column":13},"end":{"line":711,"column":25}},{"start":{"line":711,"column":29},"end":{"line":711,"column":36}}],"line":711},"103":{"loc":{"start":{"line":712,"column":11},"end":{"line":712,"column":28}},"type":"binary-expr","locations":[{"start":{"line":712,"column":11},"end":{"line":712,"column":21}},{"start":{"line":712,"column":25},"end":{"line":712,"column":28}}],"line":712},"104":{"loc":{"start":{"line":713,"column":16},"end":{"line":713,"column":39}},"type":"binary-expr","locations":[{"start":{"line":713,"column":16},"end":{"line":713,"column":31}},{"start":{"line":713,"column":35},"end":{"line":713,"column":39}}],"line":713},"105":{"loc":{"start":{"line":716,"column":18},"end":{"line":716,"column":41}},"type":"binary-expr","locations":[{"start":{"line":716,"column":18},"end":{"line":716,"column":35}},{"start":{"line":716,"column":39},"end":{"line":716,"column":41}}],"line":716},"106":{"loc":{"start":{"line":717,"column":12},"end":{"line":717,"column":29}},"type":"binary-expr","locations":[{"start":{"line":717,"column":12},"end":{"line":717,"column":23}},{"start":{"line":717,"column":27},"end":{"line":717,"column":29}}],"line":717}},"s":{"0":1,"1":1,"2":1,"3":1,"4":1,"5":1,"6":1,"7":1,"8":48,"9":0,"10":48,"11":48,"12":1,"13":6,"14":6,"15":6,"16":6,"17":6,"18":3,"19":3,"20":2,"21":2,"22":2,"23":2,"24":2,"25":1,"26":2,"27":2,"28":2,"29":2,"30":2,"31":2,"32":2,"33":1,"34":1,"35":1,"36":1,"37":1,"38":1,"39":1,"40":3,"41":3,"42":3,"43":2,"44":2,"45":2,"46":2,"47":2,"48":4,"49":1,"50":1,"51":2,"52":1,"53":1,"54":1,"55":1,"56":1,"57":1,"58":1,"59":1,"60":3,"61":3,"62":3,"63":3,"64":1,"65":2,"66":2,"67":2,"68":1,"69":2,"70":2,"71":1,"72":8,"73":8,"74":6,"75":6,"76":4,"77":4,"78":4,"79":4,"80":4,"81":4,"82":4,"83":1,"84":1,"85":3,"86":2,"87":2,"88":1,"89":1,"90":1,"91":11,"92":11,"93":11,"94":11,"95":11,"96":10,"97":10,"98":2,"99":10,"100":6,"101":10,"102":8,"103":1,"104":1,"105":1,"106":1,"107":12,"108":1,"109":6,"110":3,"111":3,"112":3,"113":3,"114":2,"115":2,"116":2,"117":0,"118":2,"119":1,"120":1,"121":6,"122":6,"123":6,"124":2,"125":2,"126":4,"127":4,"128":4,"129":4,"130":3,"131":3,"132":1,"133":1,"134":2,"135":2,"136":1,"137":1,"138":4,"139":1,"140":3,"141":3,"142":3,"143":3,"144":2,"145":2,"146":2,"147":2,"148":2,"149":1,"150":1,"151":1,"152":1,"153":1,"154":7,"155":7,"156":7,"157":7,"158":3,"159":3,"160":3,"161":4,"162":4,"163":4,"164":4,"165":4,"166":3,"167":3,"168":2,"169":3,"170":1,"171":1,"172":1,"173":1,"174":10,"175":10,"176":10,"177":10,"178":10,"179":10,"180":10,"181":1,"182":1,"183":1,"184":1,"185":9,"186":9,"187":9,"188":9,"189":9,"190":9,"191":9,"192":9,"193":9,"194":9,"195":9,"196":1,"197":8,"198":8,"199":1,"200":1,"201":1,"202":1,"203":1,"204":1,"205":7,"206":7,"207":7,"208":1,"209":1,"210":1,"211":51,"212":51,"213":9,"214":51,"215":51,"216":102,"217":51,"218":51,"219":51,"220":10,"221":41,"222":2,"223":41,"224":41,"225":41,"226":41,"227":41,"228":41,"229":45,"230":45,"231":45,"232":45,"233":45,"234":45,"235":1,"236":1,"237":1,"238":1,"239":47,"240":47,"241":47,"242":43,"243":43,"244":4,"245":4,"246":4,"247":9,"248":9,"249":4,"250":223,"251":114,"252":109,"253":47,"254":47,"255":14,"256":14,"257":33,"258":101,"259":101,"260":101,"261":101,"262":101,"263":553,"264":236,"265":1,"266":1,"267":1,"268":43,"269":26,"270":11,"271":17,"272":88,"273":43,"274":109,"275":58,"276":51,"277":51,"278":51,"279":51,"280":51,"281":51,"282":51,"283":10,"284":10,"285":10,"286":10,"287":10,"288":1,"289":1,"290":9,"291":9,"292":9,"293":6,"294":48,"295":9,"296":6,"297":48,"298":6,"299":9,"300":3,"301":5,"302":3,"303":9,"304":4,"305":4,"306":5,"307":2,"308":5,"309":5,"310":5,"311":7,"312":7,"313":7,"314":7,"315":7,"316":5,"317":3,"318":3,"319":3,"320":3,"321":3,"322":3,"323":3,"324":1,"325":1,"326":2,"327":2,"328":2,"329":2,"330":2,"331":2,"332":2,"333":1,"334":1,"335":1,"336":1,"337":1,"338":1,"339":1,"340":2,"341":2,"342":2,"343":2,"344":2,"345":1,"346":1,"347":1,"348":1,"349":1,"350":0,"351":1,"352":1,"353":1,"354":1,"355":1,"356":1,"357":3,"358":3,"359":2,"360":2,"361":2,"362":2,"363":2,"364":2,"365":1,"366":2,"367":1,"368":1,"369":1,"370":1,"371":1,"372":1,"373":1,"374":1,"375":1,"376":1,"377":1},"f":{"0":2,"1":48,"2":6,"3":1,"4":1,"5":3,"6":2,"7":8,"8":1,"9":2,"10":11,"11":2,"12":6,"13":12,"14":6,"15":3,"16":0,"17":1,"18":6,"19":2,"20":4,"21":7,"22":2,"23":10,"24":51,"25":102,"26":2,"27":45,"28":1,"29":47,"30":223,"31":47,"32":101,"33":553,"34":236,"35":1,"36":43,"37":11,"38":88,"39":109,"40":10,"41":48,"42":48,"43":5,"44":2,"45":7,"46":3,"47":2,"48":3,"49":1},"b":{"0":[0,48],"1":[3,3],"2":[1,1],"3":[2,2],"4":[2,2],"5":[2,0],"6":[2,2],"7":[2,2],"8":[1,1],"9":[2,2],"10":[1,1],"11":[1,0],"12":[3,0],"13":[1,3],"14":[1,1],"15":[1,1],"16":[2,2,2],"17":[1,1],"18":[6,2],"19":[1,3],"20":[4,1],"21":[1,1],"22":[10,1],"23":[8,2],"24":[2,0],"25":[2,4],"26":[3,1],"27":[1,2],"28":[1,3],"29":[2,1],"30":[1,1],"31":[1,0],"32":[3,4],"33":[3,1],"34":[1,9],"35":[9,0],"36":[1,8],"37":[1,7],"38":[8,8],"39":[9],"40":[9,42],"41":[51,51],"42":[10,41],"43":[39,2],"44":[2,0],"45":[40,1],"46":[43,4],"47":[4,5],"48":[114,109],"49":[223,114,113,112,111,110],"50":[14,33],"51":[101,101,101],"52":[100,1],"53":[101,56],"54":[101,101],"55":[101,100],"56":[101,0],"57":[22,79],"58":[101,58],"59":[26,17],"60":[11,0],"61":[11,0],"62":[88,78],"63":[88,78],"64":[58,51],"65":[51,28],"66":[1,9],"67":[10,9],"68":[6,3],"69":[9,8],"70":[6,3],"71":[48,48,0],"72":[3,6],"73":[5,3,4],"74":[4,5],"75":[2,0],"76":[2,0],"77":[7,7,7],"78":[7,0],"79":[7,0],"80":[5,2],"81":[7,0],"82":[7,7],"83":[7,0],"84":[1,2],"85":[3,2,2,2],"86":[1,1],"87":[1,0],"88":[1,1,1],"89":[1,0],"90":[1,1,1,1],"91":[0,1],"92":[1,0],"93":[1,0],"94":[1,0],"95":[1,0],"96":[2,0],"97":[1,1],"98":[1,1],"99":[1,1,1,1],"100":[1,1,1,1,1],"101":[1,0],"102":[1,0],"103":[1,0],"104":[1,1],"105":[1,1],"106":[1,1]},"_coverageSchema":"1a1c01bbd47fc00a2c39e90264f33305004495a9","hash":"f39f1f1c36acb396e74db8388203b49ae743d80f"}
,"/home/u1020/memory_scheduling/frontend_test/login.js": {"path":"/home/u1020/memory_scheduling/frontend_test/login.js","statementMap":{"0":{"start":{"line":2,"column":2},"end":{"line":2,"column":25}},"1":{"start":{"line":3,"column":15},"end":{"line":3,"column":63}},"2":{"start":{"line":4,"column":17},"end":{"line":4,"column":67}},"3":{"start":{"line":5,"column":16},"end":{"line":5,"column":65}},"4":{"start":{"line":6,"column":15},"end":{"line":6,"column":56}},"5":{"start":{"line":8,"column":21},"end":{"line":8,"column":78}},"6":{"start":{"line":9,"column":20},"end":{"line":9,"column":62}},"7":{"start":{"line":9,"column":53},"end":{"line":9,"column":61}},"8":{"start":{"line":11,"column":2},"end":{"line":14,"column":3}},"9":{"start":{"line":12,"column":4},"end":{"line":12,"column":33}},"10":{"start":{"line":13,"column":4},"end":{"line":13,"column":11}},"11":{"start":{"line":16,"column":19},"end":{"line":23,"column":3}},"12":{"start":{"line":25,"column":2},"end":{"line":25,"column":66}},"13":{"start":{"line":26,"column":2},"end":{"line":26,"column":47}},"14":{"start":{"line":27,"column":2},"end":{"line":27,"column":41}},"15":{"start":{"line":30,"column":0},"end":{"line":36,"column":1}},"16":{"start":{"line":31,"column":23},"end":{"line":31,"column":60}},"17":{"start":{"line":32,"column":2},"end":{"line":35,"column":3}},"18":{"start":{"line":33,"column":17},"end":{"line":33,"column":41}},"19":{"start":{"line":34,"column":4},"end":{"line":34,"column":48}}},"fnMap":{"0":{"name":"handleLogin","decl":{"start":{"line":1,"column":9},"end":{"line":1,"column":20}},"loc":{"start":{"line":1,"column":28},"end":{"line":28,"column":1}},"line":1},"1":{"name":"(anonymous_1)","decl":{"start":{"line":9,"column":47},"end":{"line":9,"column":48}},"loc":{"start":{"line":9,"column":53},"end":{"line":9,"column":61}},"line":9},"2":{"name":"(anonymous_2)","decl":{"start":{"line":30,"column":16},"end":{"line":30,"column":17}},"loc":{"start":{"line":30,"column":27},"end":{"line":36,"column":1}},"line":30}},"branchMap":{"0":{"loc":{"start":{"line":11,"column":2},"end":{"line":14,"column":3}},"type":"if","locations":[{"start":{"line":11,"column":2},"end":{"line":14,"column":3}},{"start":{},"end":{}}],"line":11},"1":{"loc":{"start":{"line":11,"column":6},"end":{"line":11,"column":41}},"type":"binary-expr","locations":[{"start":{"line":11,"column":6},"end":{"line":11,"column":11}},{"start":{"line":11,"column":15},"end":{"line":11,"column":22}},{"start":{"line":11,"column":26},"end":{"line":11,"column":32}},{"start":{"line":11,"column":36},"end":{"line":11,"column":41}}],"line":11},"2":{"loc":{"start":{"line":32,"column":2},"end":{"line":35,"column":3}},"type":"if","locations":[{"start":{"line":32,"column":2},"end":{"line":35,"column":3}},{"start":{},"end":{}}],"line":32}},"s":{"0":5,"1":5,"2":5,"3":5,"4":5,"5":5,"6":5,"7":10,"8":5,"9":4,"10":4,"11":1,"12":1,"13":1,"14":1,"15":1,"16":2,"17":2,"18":1,"19":1},"f":{"0":5,"1":10,"2":2},"b":{"0":[4,1],"1":[5,4,3,2],"2":[1,1]},"_coverageSchema":"1a1c01bbd47fc00a2c39e90264f33305004495a9","hash":"67f328a964252978530b83ba081761d902cbceb8"}
,"/home/u1020/memory_scheduling/frontend_test/my_notice_archive.js": {"path":"/home/u1020/memory_scheduling/frontend_test/my_notice_archive.js","statementMap":{"0":{"start":{"line":6,"column":14},"end":{"line":6,"column":35}},"1":{"start":{"line":9,"column":21},"end":{"line":9,"column":41}},"2":{"start":{"line":10,"column":21},"end":{"line":10,"column":34}},"3":{"start":{"line":11,"column":21},"end":{"line":11,"column":37}},"4":{"start":{"line":14,"column":12},"end":{"line":50,"column":1}},"5":{"start":{"line":58,"column":2},"end":{"line":58,"column":59}},"6":{"start":{"line":58,"column":47},"end":{"line":58,"column":59}},"7":{"start":{"line":59,"column":12},"end":{"line":59,"column":61}},"8":{"start":{"line":60,"column":2},"end":{"line":60,"column":22}},"9":{"start":{"line":60,"column":10},"end":{"line":60,"column":22}},"10":{"start":{"line":61,"column":23},"end":{"line":61,"column":24}},"11":{"start":{"line":62,"column":2},"end":{"line":62,"column":56}},"12":{"start":{"line":67,"column":2},"end":{"line":72,"column":29}},"13":{"start":{"line":77,"column":2},"end":{"line":77,"column":49}},"14":{"start":{"line":85,"column":2},"end":{"line":92,"column":3}},"15":{"start":{"line":86,"column":16},"end":{"line":86,"column":49}},"16":{"start":{"line":87,"column":4},"end":{"line":87,"column":41}},"17":{"start":{"line":87,"column":14},"end":{"line":87,"column":41}},"18":{"start":{"line":88,"column":19},"end":{"line":88,"column":34}},"19":{"start":{"line":89,"column":4},"end":{"line":89,"column":64}},"20":{"start":{"line":91,"column":4},"end":{"line":91,"column":31}},"21":{"start":{"line":96,"column":2},"end":{"line":96,"column":30}},"22":{"start":{"line":97,"column":2},"end":{"line":101,"column":3}},"23":{"start":{"line":98,"column":4},"end":{"line":98,"column":61}},"24":{"start":{"line":106,"column":2},"end":{"line":117,"column":4}},"25":{"start":{"line":122,"column":2},"end":{"line":122,"column":51}},"26":{"start":{"line":122,"column":30},"end":{"line":122,"column":51}},"27":{"start":{"line":123,"column":2},"end":{"line":123,"column":48}},"28":{"start":{"line":123,"column":30},"end":{"line":123,"column":48}},"29":{"start":{"line":124,"column":2},"end":{"line":124,"column":41}},"30":{"start":{"line":124,"column":28},"end":{"line":124,"column":41}},"31":{"start":{"line":125,"column":2},"end":{"line":125,"column":15}},"32":{"start":{"line":130,"column":15},"end":{"line":136,"column":27}},"33":{"start":{"line":137,"column":2},"end":{"line":137,"column":49}},"34":{"start":{"line":142,"column":2},"end":{"line":142,"column":63}},"35":{"start":{"line":147,"column":2},"end":{"line":163,"column":5}},"36":{"start":{"line":148,"column":4},"end":{"line":150,"column":5}},"37":{"start":{"line":149,"column":6},"end":{"line":149,"column":55}},"38":{"start":{"line":151,"column":4},"end":{"line":155,"column":5}},"39":{"start":{"line":152,"column":17},"end":{"line":152,"column":77}},"40":{"start":{"line":153,"column":17},"end":{"line":153,"column":77}},"41":{"start":{"line":154,"column":6},"end":{"line":154,"column":21}},"42":{"start":{"line":156,"column":4},"end":{"line":160,"column":5}},"43":{"start":{"line":157,"column":17},"end":{"line":157,"column":55}},"44":{"start":{"line":158,"column":17},"end":{"line":158,"column":55}},"45":{"start":{"line":159,"column":6},"end":{"line":159,"column":21}},"46":{"start":{"line":162,"column":4},"end":{"line":162,"column":53}},"47":{"start":{"line":167,"column":2},"end":{"line":167,"column":45}},"48":{"start":{"line":171,"column":18},"end":{"line":171,"column":61}},"49":{"start":{"line":172,"column":18},"end":{"line":172,"column":42}},"50":{"start":{"line":173,"column":18},"end":{"line":173,"column":38}},"51":{"start":{"line":175,"column":19},"end":{"line":177,"column":41}},"52":{"start":{"line":176,"column":17},"end":{"line":176,"column":43}},"53":{"start":{"line":177,"column":17},"end":{"line":177,"column":40}},"54":{"start":{"line":179,"column":2},"end":{"line":179,"column":35}},"55":{"start":{"line":188,"column":16},"end":{"line":188,"column":28}},"56":{"start":{"line":190,"column":17},"end":{"line":200,"column":3}},"57":{"start":{"line":202,"column":2},"end":{"line":209,"column":5}},"58":{"start":{"line":203,"column":16},"end":{"line":203,"column":34}},"59":{"start":{"line":204,"column":4},"end":{"line":208,"column":5}},"60":{"start":{"line":205,"column":6},"end":{"line":205,"column":23}},"61":{"start":{"line":207,"column":6},"end":{"line":207,"column":24}},"62":{"start":{"line":211,"column":2},"end":{"line":211,"column":53}},"63":{"start":{"line":212,"column":2},"end":{"line":212,"column":60}},"64":{"start":{"line":213,"column":2},"end":{"line":213,"column":60}},"65":{"start":{"line":214,"column":2},"end":{"line":214,"column":63}},"66":{"start":{"line":215,"column":2},"end":{"line":215,"column":63}},"67":{"start":{"line":216,"column":2},"end":{"line":216,"column":64}},"68":{"start":{"line":217,"column":2},"end":{"line":217,"column":63}},"69":{"start":{"line":218,"column":2},"end":{"line":218,"column":63}},"70":{"start":{"line":219,"column":2},"end":{"line":219,"column":60}},"71":{"start":{"line":220,"column":2},"end":{"line":220,"column":60}},"72":{"start":{"line":225,"column":2},"end":{"line":228,"column":3}},"73":{"start":{"line":226,"column":4},"end":{"line":226,"column":76}},"74":{"start":{"line":227,"column":4},"end":{"line":227,"column":11}},"75":{"start":{"line":230,"column":2},"end":{"line":247,"column":14}},"76":{"start":{"line":230,"column":46},"end":{"line":247,"column":3}},"77":{"start":{"line":252,"column":2},"end":{"line":255,"column":3}},"78":{"start":{"line":253,"column":4},"end":{"line":253,"column":80}},"79":{"start":{"line":254,"column":4},"end":{"line":254,"column":11}},"80":{"start":{"line":257,"column":2},"end":{"line":304,"column":14}},"81":{"start":{"line":257,"column":47},"end":{"line":304,"column":3}},"82":{"start":{"line":309,"column":2},"end":{"line":313,"column":3}},"83":{"start":{"line":310,"column":4},"end":{"line":310,"column":72}},"84":{"start":{"line":311,"column":4},"end":{"line":311,"column":49}},"85":{"start":{"line":312,"column":4},"end":{"line":312,"column":11}},"86":{"start":{"line":315,"column":2},"end":{"line":316,"column":47}},"87":{"start":{"line":317,"column":2},"end":{"line":318,"column":69}},"88":{"start":{"line":323,"column":2},"end":{"line":327,"column":5}},"89":{"start":{"line":324,"column":4},"end":{"line":326,"column":7}},"90":{"start":{"line":325,"column":6},"end":{"line":325,"column":45}},"91":{"start":{"line":331,"column":2},"end":{"line":336,"column":5}},"92":{"start":{"line":332,"column":4},"end":{"line":335,"column":7}},"93":{"start":{"line":333,"column":17},"end":{"line":333,"column":42}},"94":{"start":{"line":334,"column":6},"end":{"line":334,"column":39}},"95":{"start":{"line":341,"column":19},"end":{"line":341,"column":32}},"96":{"start":{"line":342,"column":19},"end":{"line":342,"column":37}},"97":{"start":{"line":344,"column":2},"end":{"line":344,"column":21}},"98":{"start":{"line":345,"column":2},"end":{"line":345,"column":23}},"99":{"start":{"line":346,"column":2},"end":{"line":346,"column":29}},"100":{"start":{"line":347,"column":2},"end":{"line":347,"column":30}},"101":{"start":{"line":348,"column":2},"end":{"line":348,"column":22}},"102":{"start":{"line":349,"column":2},"end":{"line":349,"column":27}},"103":{"start":{"line":358,"column":15},"end":{"line":358,"column":56}},"104":{"start":{"line":358,"column":44},"end":{"line":358,"column":55}},"105":{"start":{"line":359,"column":2},"end":{"line":359,"column":23}},"106":{"start":{"line":360,"column":2},"end":{"line":360,"column":45}},"107":{"start":{"line":361,"column":2},"end":{"line":361,"column":18}},"108":{"start":{"line":366,"column":16},"end":{"line":366,"column":29}},"109":{"start":{"line":367,"column":16},"end":{"line":367,"column":44}},"110":{"start":{"line":367,"column":32},"end":{"line":367,"column":43}},"111":{"start":{"line":369,"column":2},"end":{"line":372,"column":3}},"112":{"start":{"line":370,"column":4},"end":{"line":370,"column":31}},"113":{"start":{"line":371,"column":4},"end":{"line":371,"column":11}},"114":{"start":{"line":374,"column":23},"end":{"line":374,"column":44}},"115":{"start":{"line":375,"column":23},"end":{"line":375,"column":51}},"116":{"start":{"line":376,"column":23},"end":{"line":376,"column":44}},"117":{"start":{"line":378,"column":20},"end":{"line":378,"column":22}},"118":{"start":{"line":379,"column":2},"end":{"line":379,"column":49}},"119":{"start":{"line":379,"column":23},"end":{"line":379,"column":49}},"120":{"start":{"line":380,"column":2},"end":{"line":380,"column":60}},"121":{"start":{"line":380,"column":23},"end":{"line":380,"column":60}},"122":{"start":{"line":381,"column":2},"end":{"line":381,"column":64}},"123":{"start":{"line":381,"column":23},"end":{"line":381,"column":64}},"124":{"start":{"line":382,"column":2},"end":{"line":382,"column":64}},"125":{"start":{"line":382,"column":23},"end":{"line":382,"column":64}},"126":{"start":{"line":384,"column":15},"end":{"line":384,"column":41}},"127":{"start":{"line":386,"column":19},"end":{"line":386,"column":56}},"128":{"start":{"line":387,"column":19},"end":{"line":387,"column":40}},"129":{"start":{"line":389,"column":17},"end":{"line":396,"column":4}},"130":{"start":{"line":398,"column":2},"end":{"line":398,"column":67}},"131":{"start":{"line":403,"column":2},"end":{"line":403,"column":40}},"132":{"start":{"line":403,"column":33},"end":{"line":403,"column":40}},"133":{"start":{"line":404,"column":2},"end":{"line":404,"column":21}},"134":{"start":{"line":405,"column":2},"end":{"line":405,"column":41}},"135
[...]
,"column":12}},{"start":{"line":324,"column":16},"end":{"line":324,"column":19}}],"line":324},"39":{"loc":{"start":{"line":326,"column":6},"end":{"line":326,"column":37}},"type":"if","locations":[{"start":{"line":326,"column":6},"end":{"line":326,"column":37}},{"start":{},"end":{}}],"line":326},"40":{"loc":{"start":{"line":327,"column":6},"end":{"line":327,"column":47}},"type":"if","locations":[{"start":{"line":327,"column":6},"end":{"line":327,"column":47}},{"start":{},"end":{}}],"line":327},"41":{"loc":{"start":{"line":331,"column":4},"end":{"line":333,"column":5}},"type":"if","locations":[{"start":{"line":331,"column":4},"end":{"line":333,"column":5}},{"start":{},"end":{}}],"line":331},"42":{"loc":{"start":{"line":335,"column":4},"end":{"line":340,"column":5}},"type":"if","locations":[{"start":{"line":335,"column":4},"end":{"line":340,"column":5}},{"start":{"line":338,"column":11},"end":{"line":340,"column":5}}],"line":335},"43":{"loc":{"start":{"line":335,"column":8},"end":{"line":335,"column":41}},"type":"binary-expr","locations":[{"start":{"line":335,"column":8},"end":{"line":335,"column":16}},{"start":{"line":335,"column":20},"end":{"line":335,"column":41}}],"line":335},"44":{"loc":{"start":{"line":342,"column":4},"end":{"line":348,"column":5}},"type":"if","locations":[{"start":{"line":342,"column":4},"end":{"line":348,"column":5}},{"start":{},"end":{}}],"line":342},"45":{"loc":{"start":{"line":344,"column":8},"end":{"line":346,"column":9}},"type":"if","locations":[{"start":{"line":344,"column":8},"end":{"line":346,"column":9}},{"start":{},"end":{}}],"line":344},"46":{"loc":{"start":{"line":355,"column":17},"end":{"line":355,"column":43}},"type":"binary-expr","locations":[{"start":{"line":355,"column":17},"end":{"line":355,"column":37}},{"start":{"line":355,"column":41},"end":{"line":355,"column":43}}],"line":355},"47":{"loc":{"start":{"line":358,"column":4},"end":{"line":361,"column":5}},"type":"if","locations":[{"start":{"line":358,"column":4},"end":{"line":361,"column":5}},{"start":{},"end":{}}],"line":358},"48":{"loc":{"start":{"line":368,"column":8},"end":{"line":372,"column":14}},"type":"cond-expr","locations":[{"start":{"line":369,"column":12},"end":{"line":369,"column":25}},{"start":{"line":370,"column":12},"end":{"line":372,"column":14}}],"line":368},"49":{"loc":{"start":{"line":370,"column":12},"end":{"line":372,"column":14}},"type":"cond-expr","locations":[{"start":{"line":371,"column":12},"end":{"line":371,"column":17}},{"start":{"line":372,"column":12},"end":{"line":372,"column":14}}],"line":370},"50":{"loc":{"start":{"line":382,"column":14},"end":{"line":382,"column":61}},"type":"cond-expr","locations":[{"start":{"line":382,"column":31},"end":{"line":382,"column":56}},{"start":{"line":382,"column":59},"end":{"line":382,"column":61}}],"line":382},"51":{"loc":{"start":{"line":383,"column":14},"end":{"line":383,"column":58}},"type":"cond-expr","locations":[{"start":{"line":383,"column":29},"end":{"line":383,"column":53}},{"start":{"line":383,"column":56},"end":{"line":383,"column":58}}],"line":383},"52":{"loc":{"start":{"line":384,"column":14},"end":{"line":384,"column":54}},"type":"cond-expr","locations":[{"start":{"line":384,"column":27},"end":{"line":384,"column":49}},{"start":{"line":384,"column":52},"end":{"line":384,"column":54}}],"line":384},"53":{"loc":{"start":{"line":386,"column":12},"end":{"line":386,"column":69}},"type":"cond-expr","locations":[{"start":{"line":386,"column":22},"end":{"line":386,"column":64}},{"start":{"line":386,"column":67},"end":{"line":386,"column":69}}],"line":386},"54":{"loc":{"start":{"line":387,"column":12},"end":{"line":387,"column":122}},"type":"cond-expr","locations":[{"start":{"line":387,"column":21},"end":{"line":387,"column":117}},{"start":{"line":387,"column":120},"end":{"line":387,"column":122}}],"line":387},"55":{"loc":{"start":{"line":399,"column":8},"end":{"line":399,"column":46}},"type":"if","locations":[{"start":{"line":399,"column":8},"end":{"line":399,"column":46}},{"start":{},"end":{}}],"line":399},"56":{"loc":{"start":{"line":406,"column":10},"end":{"line":408,"column":11}},"type":"if","locations":[{"start":{"line":406,"column":10},"end":{"line":408,"column":11}},{"start":{},"end":{}}],"line":406},"57":{"loc":{"start":{"line":425,"column":4},"end":{"line":425,"column":37}},"type":"if","locations":[{"start":{"line":425,"column":4},"end":{"line":425,"column":37}},{"start":{},"end":{}}],"line":425},"58":{"loc":{"start":{"line":427,"column":4},"end":{"line":437,"column":5}},"type":"if","locations":[{"start":{"line":427,"column":4},"end":{"line":437,"column":5}},{"start":{"line":431,"column":11},"end":{"line":437,"column":5}}],"line":427},"59":{"loc":{"start":{"line":427,"column":8},"end":{"line":427,"column":30}},"type":"binary-expr","locations":[{"start":{"line":427,"column":8},"end":{"line":427,"column":18}},{"start":{"line":427,"column":22},"end":{"line":427,"column":30}}],"line":427},"60":{"loc":{"start":{"line":431,"column":11},"end":{"line":437,"column":5}},"type":"if","locations":[{"start":{"line":431,"column":11},"end":{"line":437,"column":5}},{"start":{"line":433,"column":11},"end":{"line":437,"column":5}}],"line":431},"61":{"loc":{"start":{"line":433,"column":11},"end":{"line":437,"column":5}},"type":"if","locations":[{"start":{"line":433,"column":11},"end":{"line":437,"column":5}},{"start":{"line":435,"column":11},"end":{"line":437,"column":5}}],"line":433},"62":{"loc":{"start":{"line":446,"column":3},"end":{"line":467,"column":5}},"type":"switch","locations":[{"start":{"line":447,"column":4},"end":{"line":448,"column":31}},{"start":{"line":449,"column":4},"end":{"line":450,"column":28}},{"start":{"line":451,"column":4},"end":{"line":452,"column":29}},{"start":{"line":453,"column":4},"end":{"line":454,"column":26}},{"start":{"line":455,"column":4},"end":{"line":456,"column":27}},{"start":{"line":457,"column":4},"end":{"line":458,"column":29}},{"start":{"line":459,"column":4},"end":{"line":460,"column":28}},{"start":{"line":461,"column":4},"end":{"line":462,"column":26}},{"start":{"line":463,"column":4},"end":{"line":464,"column":23}},{"start":{"line":465,"column":4},"end":{"line":466,"column":16}}],"line":446},"63":{"loc":{"start":{"line":472,"column":22},"end":{"line":472,"column":39}},"type":"binary-expr","locations":[{"start":{"line":472,"column":22},"end":{"line":472,"column":33}},{"start":{"line":472,"column":37},"end":{"line":472,"column":39}}],"line":472},"64":{"loc":{"start":{"line":477,"column":4},"end":{"line":477,"column":43}},"type":"if","locations":[{"start":{"line":477,"column":4},"end":{"line":477,"column":43}},{"start":{},"end":{}}],"line":477},"65":{"loc":{"start":{"line":478,"column":4},"end":{"line":478,"column":56}},"type":"if","locations":[{"start":{"line":478,"column":4},"end":{"line":478,"column":56}},{"start":{},"end":{}}],"line":478},"66":{"loc":{"start":{"line":479,"column":4},"end":{"line":479,"column":67}},"type":"if","locations":[{"start":{"line":479,"column":4},"end":{"line":479,"column":67}},{"start":{},"end":{}}],"line":479},"67":{"loc":{"start":{"line":480,"column":4},"end":{"line":480,"column":81}},"type":"if","locations":[{"start":{"line":480,"column":4},"end":{"line":480,"column":81}},{"start":{},"end":{}}],"line":480},"68":{"loc":{"start":{"line":480,"column":8},"end":{"line":480,"column":46}},"type":"binary-expr","locations":[{"start":{"line":480,"column":8},"end":{"line":480,"column":26}},{"start":{"line":480,"column":30},"end":{"line":480,"column":46}}],"line":480},"69":{"loc":{"start":{"line":496,"column":4},"end":{"line":501,"column":5}},"type":"if","locations":[{"start":{"line":496,"column":4},"end":{"line":501,"column":5}},{"start":{},"end":{}}],"line":496},"70":{"loc":{"start":{"line":506,"column":6},"end":{"line":513,"column":7}},"type":"if","locations":[{"start":{"line":506,"column":6},"end":{"line":513,"column":7}},{"start":{"line":509,"column":13},"end":{"line":513,"column":7}}],"line":506},"71":{"loc":{"start":{"line":506,"column":10},"end":{"line":506,"column":49}},"type":"binary-expr","locations":[{"start":{"line":506,"column":10},"end":{"line":506,"column":21}},{"start":{"line":506,"column":26},"end":{"line":506,"column":36}},{"start":{"line":506,"column":40},"end":{"line":506,"column":48}}],"line":506},"72":{"loc":{"start":{"line":572,"column":14},"end":{"line":572,"column":41}},"type":"binary-expr","locations":[{"start":{"line":572,"column":14},"end":{"line":572,"column":33}},{"start":{"line":572,"column":37},"end":{"line":572,"column":41}}],"line":572},"73":{"loc":{"start":{"line":574,"column":2},"end":{"line":574,"column":21}},"type":"if","locations":[{"start":{"line":574,"column":2},"end":{"line":574,"column":21}},{"start":{},"end":{}}],"line":574},"74":{"loc":{"start":{"line":578,"column":2},"end":{"line":581,"column":3}},"type":"if","locations":[{"start":{"line":578,"column":2},"end":{"line":581,"column":3}},{"start":{},"end":{}}],"line":578},"75":{"loc":{"start":{"line":589,"column":2},"end":{"line":592,"column":3}},"type":"if","locations":[{"start":{"line":589,"column":2},"end":{"line":592,"column":3}},{"start":{},"end":{}}],"line":589},"76":{"loc":{"start":{"line":627,"column":4},"end":{"line":630,"column":5}},"type":"if","locations":[{"start":{"line":627,"column":4},"end":{"line":630,"column":5}},{"start":{},"end":{}}],"line":627},"77":{"loc":{"start":{"line":632,"column":4},"end":{"line":635,"column":5}},"type":"if","locations":[{"start":{"line":632,"column":4},"end":{"line":635,"column":5}},{"start":{},"end":{}}],"line":632},"78":{"loc":{"start":{"line":637,"column":4},"end":{"line":637,"column":51}},"type":"if","locations":[{"start":{"line":637,"column":4},"end":{"line":637,"column":51}},{"start":{},"end":{}}],"line":637},"79":{"loc":{"start":{"line":675,"column":4},"end":{"line":675,"column":26}},"type":"if","locations":[{"start":{"line":675,"column":4},"end":{"line":675,"column":26}},{"start":{},"end":{}}],"line":675},"80":{"loc":{"start":{"line":684,"column":4},"end":{"line":687,"column":5}},"type":"if","locations":[{"start":{"line":684,"column":4},"end":{"line":687,"column":5}},{"start":{},"end":{}}],"line":684},"81":{"loc":{"start":{"line":688,"column":38},"end":{"line":688,"column":56}},"type":"binary-expr","locations":[{"start":{"line":688,"column":38},"end":{"line":688,"column":47}},{"start":{"line":688,"column":51},"end":{"line":688,"column":56}}],"line":688},"82":{"loc":{"start":{"line":692,"column":4},"end":{"line":692,"column":22}},"type":"if","locations":[{"start":{"line":692,"column":4},"end":{"line":692,"column":22}},{"start":{},"end":{}}],"line":692},"83":{"loc":{"start":{"line":693,"column":34},"end":{"line":693,"column":52}},"type":"binary-expr","locations":[{"start":{"line":693,"column":34},"end":{"line":693,"column":43}},{"start":{"line":693,"column":47},"end":{"line":693,"column":52}}],"line":693},"84":{"loc":{"start":{"line":694,"column":36},"end":{"line":694,"column":61}},"type":"binary-expr","locations":[{"start":{"line":694,"column":36},"end":{"line":694,"column":47}},{"start":{"line":694,"column":51},"end":{"line":694,"column":61}}],"line":694},"85":{"loc":{"start":{"line":695,"column":35},"end":{"line":695,"column":59}},"type":"binary-expr","locations":[{"start":{"line":695,"column":35},"end":{"line":695,"column":45}},{"start":{"line":695,"column":49},"end":{"line":695,"column":59}}],"line":695},"86":{"loc":{"start":{"line":703,"column":34},"end":{"line":703,"column":75}},"type":"cond-expr","locations":[{"start":{"line":703,"column":46},"end":{"line":703,"column":70}},{"start":{"line":703,"column":73},"end":{"line":703,"column":75}}],"line":703},"87":{"loc":{"start":{"line":703,"column":46},"end":{"line":703,"column":70}},"type":"binary-expr","locations":[{"start":{"line":703,"column":46},"end":{"line":703,"column":64}},{"start":{"line":703,"column":68},"end":{"line":703,"column":70}}],"line":703},"88":{"loc":{"start":{"line":705,"column":22},"end":{"line":705,"column":73}},"type":"cond-expr","locations":[{"start":{"line":705,"column":54},"end":{"line":705,"column":68}},{"start":{"line":705,"column":71},"end":{"line":705,"column":73}}],"line":705},"89":{"loc":{"start":{"line":707,"column":4},"end":{"line":719,"column":5}},"type":"if","locations":[{"start":{"line":707,"column":4},"end":{"line":719,"column":5}},{"start":{"line":712,"column":11},"end":{"line":719,"column":5}}],"line":707},"90":{"loc":{"start":{"line":736,"column":6},"end":{"line":739,"column":7}},"type":"if","locations":[{"start":{"line":736,"column":6},"end":{"line":739,"column":7}},{"start":{},"end":{}}],"line":736},"91":{"loc":{"start":{"line":756,"column":4},"end":{"line":756,"column":68}},"type":"if","locations":[{"start":{"line":756,"column":4},"end":{"line":756,"column":68}},{"start":{},"end":{}}],"line":756},"92":{"loc":{"start":{"line":785,"column":4},"end":{"line":786,"column":28}},"type":"if","locations":[{"start":{"line":785,"column":4},"end":{"line":786,"column":28}},{"start":{"line":786,"column":9},"end":{"line":786,"column":28}}],"line":785},"93":{"loc":{"start":{"line":795,"column":4},"end":{"line":795,"column":59}},"type":"if","locations":[{"start":{"line":795,"column":4},"end":{"line":795,"column":59}},{"start":{},"end":{}}],"line":795},"94":{"loc":{"start":{"line":798,"column":4},"end":{"line":804,"column":5}},"type":"if","locations":[{"start":{"line":798,"column":4},"end":{"line":804,"column":5}},{"start":{},"end":{}}],"line":798},"95":{"loc":{"start":{"line":799,"column":6},"end":{"line":801,"column":39}},"type":"binary-expr","locations":[{"start":{"line":799,"column":6},"end":{"line":799,"column":32}},{"start":{"line":800,"column":6},"end":{"line":800,"column":38}},{"start":{"line":801,"column":6},"end":{"line":801,"column":39}}],"line":799},"96":{"loc":{"start":{"line":831,"column":0},"end":{"line":837,"column":1}},"type":"if","locations":[{"start":{"line":831,"column":0},"end":{"line":837,"column":1}},{"start":{},"end":{}}],"line":831},"97":{"loc":{"start":{"line":831,"column":4},"end":{"line":831,"column":51}},"type":"binary-expr","locations":[{"start":{"line":831,"column":4},"end":{"line":831,"column":33}},{"start":{"line":831,"column":37},"end":{"line":831,"column":51}}],"line":831},"98":{"loc":{"start":{"line":838,"column":0},"end":{"line":898,"column":1}},"type":"if","locations":[{"start":{"line":838,"column":0},"end":{"line":898,"column":1}},{"start":{},"end":{}}],"line":838},"99":{"loc":{"start":{"line":838,"column":4},"end":{"line":838,"column":51}},"type":"binary-expr","locations":[{"start":{"line":838,"column":4},"end":{"line":838,"column":33}},{"start":{"line":838,"column":37},"end":{"line":838,"column":51}}],"line":838}},"s":{"0":13,"1":13,"2":13,"3":13,"4":13,"5":13,"6":13,"7":13,"8":13,"9":13,"10":13,"11":299,"12":13,"13":41,"14":41,"15":41,"16":20,"17":9,"18":9,"19":13,"20":3801,"21":3801,"22":3801,"23":3801,"24":13,"25":1907,"26":13,"27":43,"28":43,"29":13,"30":45,"31":96,"32":1,"33":95,"34":4,"35":1,"36":3,"37":3,"38":3,"39":3,"40":3,"41":4,"42":4,"43":3,"44":1891,"45":1639,"46":252,"47":168,"48":84,"49":84,"50":4,"51":0,"52":4,"53":2,"54":2,"55":4,"56":1,"57":1,"58":1,"59":3,"60":3,"61":3,"62":0,"63":0,"64":6,"65":6,"66":6,"67":6,"68":6,"69":1,"70":1,"71":1,"72":1,"73":1,"74":5,"75":1,"76":1,"77":4,"78":1,"79":1,"80":6,"81":6,"82":24,"83":24,"84":1,"85":23,"86":1,"87":22,"88":21,"89":18,"90":18,"91":18,"92":18,"93":0,"94":18,"95":7,"96":7,"97":1,"98":6,"99":6,"100":4,"101":6,"102":18,"103":18,"104":18,"105":0,"106":0,"107":1,"108":2,"109":3,"110":3,"111":3,"112":3,"113":4,"114":2,"115":3,"116":1,"117":1,"118":2,"119":2,"120":2,"121":1,"122":1,"123":1,"124":1,"125":1,"126":1,"127":1,"128":1,"129":2,"130":1,"131":1,"132":1,"133":0,"134":13,"135":13,"136":117,"137":117,"138":117,"139":117,"140":32,"141":32,"142":32,"143":242,"144":242,"145":242,"146":242,"147":18,"148":18,"149":18,"150":18,"151":18,"152":18,"153":18,"154":1,"155":18,"156":3,"157":3,"158":2,"159":3,"160":2,"161":3,"162":18,"163":2,"164":18,"165":2,"166":2,"167":16,"168":18,"169":2,"170":20,"171":1,"172":44,"173":44,"174":43,"175":39,"176":39,"177":4,"178":8,"179":8,"180":8,"181":8,"182":8,"183":8,"184":8,"185":8,"186":8,"187":1,"188":1,"189":1,"190":0,"191":0,"192":0,"193":0,"194":0,"195":0,"196":0,"197":0,"198":0,"199":0,"200":0,"201":8,"202":8,"203":41,"204":0,"205":41,"206":2,"207":2,"208":39,"209":4,"210":35,"211":35,"212":0,"213":41,"214":18,"215":2,"216":5,"217":1,"218":1,"219":1,"220":1,"221":2,"222":1,"223":1,"224":3,"225":1890,"226":1890,"227":1890,"228":1890,"229":1890,"230":539,"231":1890,"232":44,"233":1890,"234":15,"235":1890,"236":9,"237":1890,"238":1890,"239":1890,"240":8,"241":8,"242":8,"243":8,"244":1890,"245":0,"246":0,"247":0,"248":0,"249":1890,"250":4,"251":4,"252":3,"253":3,"254":1,"255":1,"256":1,"257":4,"258":4,"259":4,"260":4,"261":4,"262":1890,"263":45,"264":45,"265":45,"266":45,"267":45,"268":45,"269":45,"270":45,"271":45,"272":45,"273":47,"274":47,"275":47,"276":45,"277":45,"278":1351,"279":1351,"280":45,"281":45,"282":45,"283":45,"284":492,"285":492,"286":1,"287":1,"288":1,"289":1,"290":1,"291":1,"292":1,"293":1,"294":0,"295":1,"296":1,"297":0,"298":0,"299":1,"300":1,"301":1,"302":1,"303":0,"304":0,"305":1,"306":1,"307":1,"308":1,"309":1,"310":1,"311":1,"312":1,"313":1,"314":0,"315":0,"316":3,"317":3,"318":3,"319":3,"320":0,"321":0,"322":3,"323":1,"324":1,"325":2,"326":1,"327":1,"328":1,"329":1,"330":1,"331":1,"332":0,"333":1,"334":1,"335":1,"336":1,"337":1,"338":1,"339":13,"340":13,"341":13,"342":0,"343":0,"344":0,"345":14,"346":13,"347":13,"348":1,"349":1,"350":0,"351":1,"352":1,"353":1,"354":1,"355":1,"356":1,"357":1,"358":1,"359":1,"360":1,"361":1,"362":1,"363":0,"364":0,"365":0,"366":0,"367":0,"368":0,"369":0,"370":0,"371":1,"372":0,"373":0,"374":0,"375":0,"376":0,"377":0,"378":0,"379":0,"380":0,"381":0,"382":0,"383":0,"384":1,"385":1,"386":0,"387":0,"388":0,"389":0,"390":0,"391":0,"392":0,"393":13,"394":13,"395":13,"396":13,"397":13,"398":13,"399":13,"400":13,"401":0,"402":0,"403":0,"404":0,"405":13,"406":13,"407":103,"408":103,"409":102,"410":1,"411":0,"412":1,"413":13,"414":13,"415":13,"416":13,"417":13,"418":13,"419":13,"420":13,"421":13,"422":13,"423":13,"424":13,"425":13,"426":13,"427":13,"428":13,"429":13},"f":{"0":299,"1":41,"2":9,"3":3801,"4":1907,"5":43,"6":45,"7":96,"8":4,"9":1891,"10":4,"11":4,"12":6,"13":24,"14":18,"15":0,"16":7,"17":1,"18":2,"19":3,"20":4,"21":2,"22":1,"23":1,"24":0,"25":13,"26":117,"27":32,"28":242,"29":18,"30":20,"31":44,"32":8,"33":1,"34":41,"35":18,"36":1890,"37":8,"38":4,"39":45,"40":1,"41":1,"42":1,"43":3,"44":3,"45":1,"46":1,"47":13,"48":14,"49":1,"50":0,"51":0,"52":1,"53":0,"54":0,"55":0,"56":0,"57":1,"58":0,"59":103,"60":13},"b":{"0":[0],"1":[21],"2":[20,21],"3":[1,95],"4":[96,95],"5":[95,0],"6":[1,3],"7":[4,3],"8":[1639,252],"9":[168,84],"10":[84,73],"11":[0,4],"12":[4,2],"13":[2,2],"14":[2,0],"15":[1,3],"16":[4,4],"17":[3,0],"18":[6,4],"19":[6,4],"20":[1,5],"21":[6,2],"22":[1,4],"23":[1,3],"24":[21],"25":[1,23],"26":[1,22],"27":[20,1],"28":[1,6],"29":[4,2],"30":[4,2],"31":[1,2],"32":[1,0],"33":[1,0],"34":[1,1],"35":[32,0],"36":[1,17],"37":[3,15],"38":[18,16],"39":[2,1],"40":[2,1],"41":[2,16],"42":[2,16],"43":[18,3],"44":[2,16],"45":[1,19],"46":[44,40],"47":[39,4],"48":[2,6],"49":[2,4],"50":[2,6],"51":[2,6],"52":[2,6],"53":[2,6],"54":[2,6],"55":[1,0],"56":[0,0],"57":[0,41],"58":[2,39],"59":[41,6],"60":[4,35],"61":[35,0],"62":[2,5,1,1,1,1,2,1,1,3],"63":[1890,1884],"64":[539,1351],"65":[44,1846],"66":[15,1875],"67":[9,1881],"68":[1890,1884],"69":[0,1890],"70":[3,1],"71":[4,2,2],"72":[1,1],"73":[0,1],"74":[0,1],"75":[0,1],"76":[0,3],"77":[1,2],"78":[1,1],"79":[13,0],"80":[13,1],"81":[1,1],"82":[0,1],"83":[1,0],"84":[1,1],"85":[1,1],"86":[1,0],"87":[1,1],"88":[0,1],"89":[1,0],"90":[0,0],"91":[1,0],"92":[0,0],"93":[102,1],"94":[0,1],"95":[1,1,1],"96":[13,0],"97":[13,13],"98":[13,0],"99":[13,13]},"_coverageSchema":"1a1c01bbd47fc00a2c39e90264f33305004495a9","hash":"8b8f378611c05103b408b4585a79f589b1d763e0"}
}
