TN:
SF:frontend.js
FN:11,saveSearchState
FN:26,(anonymous_1)
FN:92,toggleProfile
FN:96,openManageModal
FN:101,closeManageModal
FN:108,(anonymous_5)
FN:121,loadProfileData
FN:135,(anonymous_7)
FN:147,handleLogout
FN:155,loadUniversities
FN:161,(anonymous_10)
FN:164,(anonymous_11)
FN:171,(anonymous_12)
FN:174,(anonymous_13)
FN:178,loadManageUniversities
FN:186,(anonymous_15)
FN:189,(anonymous_16)
FN:196,loadManageBoards
FN:216,(anonymous_18)
FN:230,deleteSource
FN:262,handleUniversityChange
FN:281,(anonymous_21)
FN:294,searchNotices
FN:359,applyFilter
FN:366,(anonymous_24)
FN:378,(anonymous_25)
FN:390,renderPage
FN:401,changePage
FN:408,renderPagination
FN:425,safeMeta
FN:432,renderNotices
FN:444,(anonymous_31)
FN:480,escapeHtml
FN:489,escapeAttribute
FN:493,handleSortChange
FN:499,sortNotices
FN:501,(anonymous_36)
FN:503,(anonymous_37)
FN:508,isNew
FN:521,renderRecommendations
FN:536,(anonymous_40)
FN:540,(anonymous_41)
FN:548,(anonymous_42)
FN:560,(anonymous_43)
FN:565,(anonymous_44)
FN:601,handleRegisterSource
FN:651,sendToSchedule
FN:677,saveToArchive
FN:688,(anonymous_48)
FNF:49
FNH:48
FNDA:45,saveSearchState
FNDA:4,(anonymous_1)
FNDA:1,toggleProfile
FNDA:1,openManageModal
FNDA:3,closeManageModal
FNDA:2,(anonymous_5)
FNDA:6,loadProfileData
FNDA:1,(anonymous_7)
FNDA:2,handleLogout
FNDA:8,loadUniversities
FNDA:1,(anonymous_10)
FNDA:3,(anonymous_11)
FNDA:12,(anonymous_12)
FNDA:6,(anonymous_13)
FNDA:3,loadManageUniversities
FNDA:0,(anonymous_15)
FNDA:1,(anonymous_16)
FNDA:5,loadManageBoards
FNDA:1,(anonymous_18)
FNDA:3,deleteSource
FNDA:5,handleUniversityChange
FNDA:1,(anonymous_21)
FNDA:10,searchNotices
FNDA:48,applyFilter
FNDA:96,(anonymous_24)
FNDA:2,(anonymous_25)
FNDA:42,renderPage
FNDA:1,changePage
FNDA:44,renderPagination
FNDA:211,safeMeta
FNDA:44,renderNotices
FNDA:95,(anonymous_31)
FNDA:518,escapeHtml
FNDA:218,escapeAttribute
FNDA:1,handleSortChange
FNDA:40,sortNotices
FNDA:8,(anonymous_36)
FNDA:88,(anonymous_37)
FNDA:103,isNew
FNDA:10,renderRecommendations
FNDA:48,(anonymous_40)
FNDA:48,(anonymous_41)
FNDA:5,(anonymous_42)
FNDA:2,(anonymous_43)
FNDA:7,(anonymous_44)
FNDA:3,handleRegisterSource
FNDA:2,sendToSchedule
FNDA:3,saveToArchive
FNDA:1,(anonymous_48)
DA:1,1
DA:2,1
DA:4,1
DA:5,1
DA:6,1
DA:7,1
DA:8,1
DA:9,1
DA:12,45
DA:13,45
DA:23,45
DA:26,1
DA:27,4
DA:28,4
DA:30,4
DA:31,4
DA:33,4
DA:34,3
DA:35,3
DA:36,2
DA:37,2
DA:39,2
DA:40,2
DA:42,2
DA:43,1
DA:46,2
DA:47,2
DA:49,2
DA:50,2
DA:51,2
DA:52,2
DA:54,2
DA:55,1
DA:56,1
DA:57,1
DA:58,1
DA:59,1
DA:60,1
DA:63,1
DA:65,1
DA:66,1
DA:67,1
DA:68,1
DA:69,1
DA:71,1
DA:72,1
DA:73,1
DA:74,0
DA:75,0
DA:79,1
DA:80,0
DA:81,0
DA:82,0
DA:84,1
DA:87,0
DA:93,1
DA:97,1
DA:98,1
DA:102,3
DA:103,3
DA:104,3
DA:105,3
DA:108,1
DA:109,2
DA:110,2
DA:111,2
DA:112,1
DA:115,2
DA:116,2
DA:117,1
DA:122,6
DA:123,6
DA:124,4
DA:125,4
DA:127,3
DA:128,3
DA:129,3
DA:130,3
DA:131,3
DA:133,3
DA:134,3
DA:135,1
DA:136,1
DA:139,2
DA:142,1
DA:148,2
DA:149,1
DA:150,1
DA:151,1
DA:156,8
DA:157,8
DA:158,8
DA:159,8
DA:160,7
DA:161,7
DA:163,7
DA:164,3
DA:166,1
DA:169,1
DA:170,1
DA:171,12
DA:173,1
DA:174,6
DA:179,3
DA:180,3
DA:182,3
DA:183,3
DA:184,2
DA:185,2
DA:186,2
DA:188,2
DA:189,1
DA:192,1
DA:197,5
DA:198,5
DA:200,5
DA:201,2
DA:202,2
DA:205,3
DA:207,3
DA:208,3
DA:209,3
DA:210,2
DA:211,2
DA:212,1
DA:213,1
DA:216,1
DA:223,1
DA:226,1
DA:231,3
DA:232,1
DA:235,2
DA:236,2
DA:237,2
DA:241,2
DA:242,1
DA:244,1
DA:245,1
DA:247,1
DA:248,1
DA:249,0
DA:253,1
DA:254,1
DA:257,1
DA:258,1
DA:263,5
DA:264,5
DA:265,5
DA:267,5
DA:268,3
DA:269,3
DA:270,3
DA:273,2
DA:274,2
DA:276,2
DA:277,2
DA:278,2
DA:279,1
DA:280,1
DA:281,1
DA:283,1
DA:285,1
DA:288,1
DA:289,1
DA:290,1
DA:295,10
DA:296,10
DA:297,10
DA:298,10
DA:299,10
DA:300,10
DA:302,10
DA:303,1
DA:304,1
DA:305,1
DA:306,1
DA:309,9
DA:310,9
DA:311,9
DA:312,9
DA:313,9
DA:315,9
DA:316,9
DA:317,9
DA:318,9
DA:321,9
DA:323,9
DA:324,1
DA:327,8
DA:329,8
DA:330,1
DA:331,1
DA:332,1
DA:333,1
DA:339,1
DA:340,1
DA:343,7
DA:344,7
DA:345,7
DA:348,1
DA:349,1
DA:350,1
DA:360,48
DA:361,48
DA:362,9
DA:365,48
DA:366,48
DA:367,96
DA:368,48
DA:370,48
DA:374,48
DA:376,38
DA:378,2
DA:380,38
DA:381,38
DA:382,38
DA:384,38
DA:385,38
DA:387,38
DA:391,42
DA:392,42
DA:393,42
DA:395,42
DA:396,42
DA:398,42
DA:402,1
DA:403,1
DA:404,1
DA:405,1
DA:409,44
DA:410,44
DA:412,44
DA:413,40
DA:414,40
DA:417,4
DA:418,4
DA:419,9
DA:420,9
DA:422,4
DA:426,211
DA:427,108
DA:429,103
DA:433,44
DA:435,44
DA:436,14
DA:441,14
DA:444,30
DA:445,95
DA:446,95
DA:447,95
DA:448,95
DA:450,95
DA:481,518
DA:490,218
DA:494,1
DA:495,1
DA:496,1
DA:500,40
DA:501,23
DA:503,88
DA:505,40
DA:509,103
DA:510,45
DA:511,45
DA:512,45
DA:513,45
DA:515,45
DA:516,45
DA:518,45
DA:522,10
DA:523,10
DA:524,10
DA:526,10
DA:527,10
DA:528,1
DA:529,1
DA:532,9
DA:533,9
DA:535,9
DA:536,48
DA:539,9
DA:540,6
DA:541,48
DA:544,6
DA:547,9
DA:548,3
DA:549,5
DA:552,3
DA:555,9
DA:556,4
DA:557,4
DA:560,5
DA:561,5
DA:563,5
DA:565,5
DA:566,7
DA:567,7
DA:568,7
DA:569,7
DA:571,7
DA:598,5
DA:602,3
DA:604,3
DA:605,3
DA:606,3
DA:607,3
DA:608,3
DA:610,3
DA:611,1
DA:612,1
DA:615,2
DA:616,2
DA:617,2
DA:618,2
DA:620,2
DA:621,2
DA:632,2
DA:633,1
DA:635,1
DA:636,1
DA:638,1
DA:639,1
DA:642,1
DA:643,1
DA:645,2
DA:646,2
DA:647,2
DA:652,2
DA:653,2
DA:654,1
DA:655,1
DA:656,1
DA:658,1
DA:659,1
DA:660,1
DA:662,1
DA:670,1
DA:672,1
DA:673,1
DA:678,3
DA:679,3
DA:680,2
DA:681,2
DA:683,2
DA:684,2
DA:685,2
DA:688,2
DA:689,2
DA:690,1
DA:691,1
DA:694,1
DA:695,1
DA:696,1
DA:698,1
DA:711,1
DA:712,1
DA:713,1
DA:715,1
DA:716,1
LF:359
LH:352
BRDA:12,0,0,0
BRDA:12,0,1,45
BRDA:33,1,0,3
BRDA:33,1,1,1
BRDA:42,2,0,1
BRDA:42,2,1,1
BRDA:46,3,0,2
BRDA:46,3,1,2
BRDA:47,4,0,2
BRDA:47,4,1,2
BRDA:49,5,0,2
BRDA:49,5,1,0
BRDA:51,6,0,2
BRDA:51,6,1,2
BRDA:52,7,0,2
BRDA:52,7,1,2
BRDA:54,8,0,1
BRDA:54,8,1,1
BRDA:54,9,0,2
BRDA:54,9,1,2
BRDA:56,10,0,1
BRDA:56,10,1,1
BRDA:57,11,0,1
BRDA:57,11,1,0
BRDA:65,12,0,1
BRDA:65,12,1,0
BRDA:73,13,0,0
BRDA:73,13,1,1
BRDA:79,14,0,0
BRDA:79,14,1,1
BRDA:111,15,0,1
BRDA:111,15,1,1
BRDA:111,16,0,2
BRDA:111,16,1,2
BRDA:111,16,2,2
BRDA:116,17,0,1
BRDA:116,17,1,1
BRDA:123,18,0,4
BRDA:123,18,1,2
BRDA:134,19,0,1
BRDA:134,19,1,2
BRDA:134,20,0,3
BRDA:134,20,1,1
BRDA:148,21,0,1
BRDA:148,21,1,1
BRDA:159,22,0,7
BRDA:159,22,1,1
BRDA:184,23,0,2
BRDA:184,23,1,0
BRDA:200,24,0,2
BRDA:200,24,1,3
BRDA:209,25,0,2
BRDA:209,25,1,1
BRDA:211,26,0,1
BRDA:211,26,1,1
BRDA:231,27,0,1
BRDA:231,27,1,2
BRDA:241,28,0,1
BRDA:241,28,1,1
BRDA:248,29,0,0
BRDA:248,29,1,1
BRDA:254,30,0,1
BRDA:254,30,1,0
BRDA:267,31,0,3
BRDA:267,31,1,2
BRDA:278,32,0,1
BRDA:278,32,1,1
BRDA:302,33,0,1
BRDA:302,33,1,9
BRDA:317,34,0,9
BRDA:317,34,1,0
BRDA:323,35,0,1
BRDA:323,35,1,8
BRDA:329,36,0,1
BRDA:329,36,1,7
BRDA:329,37,0,8
BRDA:329,37,1,8
BRDA:359,38,0,9
BRDA:361,39,0,9
BRDA:361,39,1,39
BRDA:367,40,0,48
BRDA:367,40,1,48
BRDA:374,41,0,10
BRDA:374,41,1,38
BRDA:376,42,0,36
BRDA:376,42,1,2
BRDA:378,43,0,2
BRDA:378,43,1,0
BRDA:384,44,0,37
BRDA:384,44,1,1
BRDA:412,45,0,40
BRDA:412,45,1,4
BRDA:419,46,0,4
BRDA:419,46,1,5
BRDA:426,47,0,108
BRDA:426,47,1,103
BRDA:426,48,0,211
BRDA:426,48,1,108
BRDA:426,48,2,107
BRDA:426,48,3,106
BRDA:426,48,4,105
BRDA:426,48,5,104
BRDA:435,49,0,14
BRDA:435,49,1,30
BRDA:447,50,0,95
BRDA:447,50,1,95
BRDA:447,50,2,95
BRDA:447,51,0,94
BRDA:447,51,1,1
BRDA:453,52,0,95
BRDA:453,52,1,56
BRDA:454,53,0,95
BRDA:454,53,1,95
BRDA:457,54,0,95
BRDA:457,54,1,94
BRDA:458,55,0,95
BRDA:458,55,1,0
BRDA:460,56,0,19
BRDA:460,56,1,76
BRDA:465,57,0,95
BRDA:465,57,1,58
BRDA:500,58,0,23
BRDA:500,58,1,17
BRDA:501,59,0,8
BRDA:501,59,1,0
BRDA:501,60,0,8
BRDA:501,60,1,0
BRDA:503,61,0,88
BRDA:503,61,1,78
BRDA:503,62,0,88
BRDA:503,62,1,78
BRDA:509,63,0,58
BRDA:509,63,1,45
BRDA:518,64,0,45
BRDA:518,64,1,25
BRDA:527,65,0,1
BRDA:527,65,1,9
BRDA:527,66,0,10
BRDA:527,66,1,9
BRDA:535,67,0,6
BRDA:535,67,1,3
BRDA:535,68,0,9
BRDA:535,68,1,8
BRDA:539,69,0,6
BRDA:539,69,1,3
BRDA:541,70,0,48
BRDA:541,70,1,48
BRDA:541,70,2,0
BRDA:547,71,0,3
BRDA:547,71,1,6
BRDA:549,72,0,5
BRDA:549,72,1,3
BRDA:549,72,2,4
BRDA:555,73,0,4
BRDA:555,73,1,5
BRDA:560,74,0,2
BRDA:560,74,1,0
BRDA:560,75,0,2
BRDA:560,75,1,0
BRDA:568,76,0,7
BRDA:568,76,1,7
BRDA:568,76,2,7
BRDA:568,77,0,7
BRDA:568,77,1,0
BRDA:574,78,0,7
BRDA:574,78,1,0
BRDA:575,79,0,5
BRDA:575,79,1,2
BRDA:575,80,0,7
BRDA:575,80,1,0
BRDA:578,81,0,7
BRDA:578,81,1,7
BRDA:579,82,0,7
BRDA:579,82,1,0
BRDA:610,83,0,1
BRDA:610,83,1,2
BRDA:610,84,0,3
BRDA:610,84,1,2
BRDA:610,84,2,2
BRDA:610,84,3,2
BRDA:632,85,0,1
BRDA:632,85,1,1
BRDA:639,86,0,1
BRDA:639,86,1,0
BRDA:655,87,0,1
BRDA:655,87,1,1
BRDA:655,87,2,1
BRDA:655,88,0,1
BRDA:655,88,1,0
BRDA:656,89,0,1
BRDA:656,89,1,1
BRDA:656,89,2,1
BRDA:656,89,3,1
BRDA:659,90,0,0
BRDA:659,90,1,1
BRDA:660,91,0,1
BRDA:660,91,1,0
BRDA:663,92,0,1
BRDA:663,92,1,0
BRDA:664,93,0,1
BRDA:664,93,1,0
BRDA:666,94,0,1
BRDA:666,94,1,0
BRDA:684,95,0,2
BRDA:684,95,1,0
BRDA:688,96,0,1
BRDA:688,96,1,1
BRDA:689,97,0,1
BRDA:689,97,1,1
BRDA:695,98,0,1
BRDA:695,98,1,1
BRDA:695,98,2,1
BRDA:695,98,3,1
BRDA:696,99,0,1
BRDA:696,99,1,1
BRDA:696,99,2,1
BRDA:696,99,3,1
BRDA:696,99,4,1
BRDA:696,100,0,1
BRDA:696,100,1,0
BRDA:700,101,0,1
BRDA:700,101,1,0
BRDA:701,102,0,1
BRDA:701,102,1,0
BRDA:702,103,0,1
BRDA:702,103,1,1
BRDA:705,104,0,1
BRDA:705,104,1,1
BRDA:706,105,0,1
BRDA:706,105,1,1
BRF:230
BRH:198
end_of_record
TN:
SF:login.js
FN:1,handleLogin
FN:9,(anonymous_1)
FN:30,(anonymous_2)
FNF:3
FNH:3
FNDA:5,handleLogin
FNDA:10,(anonymous_1)
FNDA:2,(anonymous_2)
DA:2,5
DA:3,5
DA:4,5
DA:5,5
DA:6,5
DA:8,5
DA:9,10
DA:11,5
DA:12,4
DA:13,4
DA:16,1
DA:25,1
DA:26,1
DA:27,1
DA:30,1
DA:31,2
DA:32,2
DA:33,1
DA:34,1
LF:19
LH:19
BRDA:11,0,0,4
BRDA:11,0,1,1
BRDA:11,1,0,5
BRDA:11,1,1,4
BRDA:11,1,2,3
BRDA:11,1,3,2
BRDA:32,2,0,1
BRDA:32,2,1,1
BRF:8
BRH:8
end_of_record
TN:
SF:my_notice_archive.js
FN:57,parseLocalDate
FN:66,escapeHtml
FN:76,escapeAttribute
FN:84,getStoredItems
FN:95,setStoredItems
FN:105,normalizeItem
FN:121,getPillClass
FN:129,matchesKeyword
FN:141,matchesCategory
FN:146,sortItems
FN:147,(anonymous_10)
FN:166,getAllItems
FN:170,getFilteredItems
FN:176,(anonymous_13)
FN:177,(anonymous_14)
FN:187,renderSummary
FN:202,(anonymous_16)
FN:224,renderSavedList
FN:230,(anonymous_18)
FN:251,renderNoticeGrid
FN:257,(anonymous_20)
FN:308,renderStatus
FN:322,bindRemoveButtons
FN:323,(anonymous_23)
FN:324,(anonymous_24)
FN:330,bindAddScheduleButtons
FN:331,(anonymous_26)
FN:332,(anonymous_27)
FN:340,renderArchive
FN:357,handleRemoveItem
FN:358,(anonymous_30)
FN:365,handleAddScheduleFromArchive
FN:367,(anonymous_32)
FN:402,handleClearArchive
FN:410,handleResetFilters
FN:418,handleStorageSync
FN:428,loadUserSession
FN:438,fillUserChip
FN:446,fillProfileCard
FN:469,(anonymous_39)
FN:478,openProfileModal
FN:484,closeProfileModal
FN:489,deleteAllSchedulesViaSingleEndpoint
FN:498,(anonymous_43)
FN:501,(anonymous_44)
FN:504,(anonymous_45)
FN:512,handleLogout
FN:532,bindEvents
FN:545,(anonymous_48)
FN:555,(anonymous_49)
FN:572,init
FNF:51
FNH:51
FNDA:17,parseLocalDate
FNDA:173,escapeHtml
FNDA:70,escapeAttribute
FNDA:89,getStoredItems
FNDA:2,setStoredItems
FNDA:30,normalizeItem
FNDA:14,getPillClass
FNDA:14,matchesKeyword
FNDA:14,matchesCategory
FNDA:48,sortItems
FNDA:19,(anonymous_10)
FNDA:88,getAllItems
FNDA:43,getFilteredItems
FNDA:14,(anonymous_13)
FNDA:14,(anonymous_14)
FNDA:43,renderSummary
FNDA:14,(anonymous_16)
FNDA:43,renderSavedList
FNDA:14,(anonymous_18)
FNDA:43,renderNoticeGrid
FNDA:14,(anonymous_20)
FNDA:43,renderStatus
FNDA:43,bindRemoveButtons
FNDA:26,(anonymous_23)
FNDA:1,(anonymous_24)
FNDA:43,bindAddScheduleButtons
FNDA:13,(anonymous_26)
FNDA:2,(anonymous_27)
FNDA:43,renderArchive
FNDA:1,handleRemoveItem
FNDA:2,(anonymous_30)
FNDA:2,handleAddScheduleFromArchive
FNDA:1,(anonymous_32)
FNDA:2,handleClearArchive
FNDA:1,handleResetFilters
FNDA:34,handleStorageSync
FNDA:28,loadUserSession
FNDA:20,fillUserChip
FNDA:8,fillProfileCard
FNDA:5,(anonymous_39)
FNDA:8,openProfileModal
FNDA:6,closeProfileModal
FNDA:2,deleteAllSchedulesViaSingleEndpoint
FNDA:1,(anonymous_43)
FNDA:1,(anonymous_44)
FNDA:1,(anonymous_45)
FNDA:3,handleLogout
FNDA:20,bindEvents
FNDA:8,(anonymous_48)
FNDA:244,(anonymous_49)
FNDA:20,init
DA:6,20
DA:9,20
DA:10,20
DA:11,20
DA:14,20
DA:58,17
DA:59,10
DA:60,10
DA:61,9
DA:62,9
DA:67,173
DA:77,70
DA:85,89
DA:86,89
DA:87,89
DA:88,20
DA:89,19
DA:91,1
DA:96,2
DA:97,2
DA:98,2
DA:106,30
DA:122,14
DA:123,5
DA:124,1
DA:125,1
DA:130,14
DA:137,14
DA:142,14
DA:147,48
DA:148,19
DA:149,4
DA:151,15
DA:152,4
DA:153,4
DA:154,4
DA:156,11
DA:157,3
DA:158,3
DA:159,3
DA:162,8
DA:167,88
DA:171,43
DA:172,43
DA:173,43
DA:175,43
DA:176,14
DA:177,14
DA:179,43
DA:188,43
DA:190,43
DA:202,43
DA:203,14
DA:204,14
DA:205,13
DA:207,1
DA:211,43
DA:212,43
DA:213,43
DA:214,43
DA:215,43
DA:216,43
DA:217,43
DA:218,43
DA:219,43
DA:220,43
DA:225,43
DA:226,35
DA:227,35
DA:230,14
DA:252,43
DA:253,35
DA:254,35
DA:257,14
DA:309,43
DA:310,35
DA:311,35
DA:312,35
DA:315,8
DA:317,8
DA:323,43
DA:324,26
DA:325,1
DA:331,43
DA:332,13
DA:333,2
DA:334,2
DA:341,43
DA:342,43
DA:344,43
DA:345,43
DA:346,43
DA:347,43
DA:348,43
DA:349,43
DA:358,2
DA:359,1
DA:360,1
DA:361,1
DA:366,2
DA:367,2
DA:369,2
DA:370,1
DA:371,1
DA:374,1
DA:375,1
DA:376,1
DA:378,1
DA:379,1
DA:380,1
DA:381,1
DA:382,1
DA:384,1
DA:386,1
DA:387,1
DA:389,1
DA:398,1
DA:403,2
DA:404,1
DA:405,1
DA:406,1
DA:411,1
DA:412,1
DA:413,1
DA:414,1
DA:419,34
DA:420,11
DA:421,11
DA:429,28
DA:430,28
DA:431,8
DA:432,8
DA:434,1
DA:439,20
DA:440,20
DA:441,20
DA:443,0
DA:447,8
DA:449,7
DA:450,7
DA:451,7
DA:453,7
DA:459,7
DA:461,7
DA:462,7
DA:463,7
DA:464,2
DA:465,2
DA:466,2
DA:467,2
DA:469,5
DA:470,5
DA:471,5
DA:472,5
DA:473,5
DA:479,8
DA:480,8
DA:481,8
DA:485,6
DA:490,2
DA:491,2
DA:492,2
DA:493,1
DA:494,1
DA:497,1
DA:498,1
DA:500,1
DA:502,1
DA:504,1
DA:508,0
DA:513,3
DA:515,2
DA:517,2
DA:518,2
DA:519,2
DA:521,2
DA:523,2
DA:524,2
DA:525,2
DA:534,20
DA:535,20
DA:536,20
DA:538,20
DA:539,20
DA:542,20
DA:545,20
DA:546,8
DA:547,8
DA:548,8
DA:551,20
DA:555,20
DA:556,244
DA:558,244
DA:560,12
DA:565,8
DA:568,4
DA:573,20
DA:574,20
DA:575,20
DA:576,20
DA:579,20
DA:581,20
DA:582,20
LF:203
LH:201
BRDA:58,0,0,7
BRDA:58,0,1,10
BRDA:58,1,0,17
BRDA:58,1,1,10
BRDA:60,2,0,1
BRDA:60,2,1,9
BRDA:67,3,0,173
BRDA:67,3,1,1
BRDA:77,4,0,70
BRDA:77,4,1,0
BRDA:87,5,0,69
BRDA:87,5,1,20
BRDA:89,6,0,19
BRDA:89,6,1,0
BRDA:107,7,0,30
BRDA:107,7,1,5
BRDA:108,8,0,30
BRDA:108,8,1,5
BRDA:109,9,0,30
BRDA:109,9,1,26
BRDA:110,10,0,30
BRDA:110,10,1,1
BRDA:111,11,0,30
BRDA:111,11,1,30
BRDA:111,11,2,30
BRDA:112,12,0,30
BRDA:112,12,1,24
BRDA:113,13,0,30
BRDA:113,13,1,24
BRDA:114,14,0,30
BRDA:114,14,1,30
BRDA:115,15,0,30
BRDA:115,15,1,24
BRDA:116,16,0,30
BRDA:116,16,1,18
BRDA:122,17,0,9
BRDA:122,17,1,5
BRDA:123,18,0,4
BRDA:123,18,1,1
BRDA:124,19,0,0
BRDA:124,19,1,1
BRDA:137,20,0,0
BRDA:137,20,1,14
BRDA:142,21,0,14
BRDA:142,21,1,0
BRDA:148,22,0,4
BRDA:148,22,1,15
BRDA:151,23,0,4
BRDA:151,23,1,11
BRDA:152,24,0,4
BRDA:152,24,1,2
BRDA:153,25,0,4
BRDA:153,25,1,1
BRDA:156,26,0,3
BRDA:156,26,1,8
BRDA:157,27,0,3
BRDA:157,27,1,2
BRDA:158,28,0,3
BRDA:158,28,1,1
BRDA:203,29,0,14
BRDA:203,29,1,0
BRDA:204,30,0,13
BRDA:204,30,1,1
BRDA:225,31,0,35
BRDA:225,31,1,8
BRDA:238,32,0,14
BRDA:238,32,1,14
BRDA:238,33,0,14
BRDA:238,33,1,0
BRDA:241,34,0,14
BRDA:241,34,1,11
BRDA:242,35,0,3
BRDA:242,35,1,11
BRDA:252,36,0,35
BRDA:252,36,1,8
BRDA:262,37,0,14
BRDA:262,37,1,14
BRDA:265,38,0,14
BRDA:265,38,1,11
BRDA:275,39,0,14
BRDA:275,39,1,0
BRDA:276,40,0,14
BRDA:276,40,1,11
BRDA:281,41,0,14
BRDA:281,41,1,11
BRDA:309,42,0,35
BRDA:309,42,1,8
BRDA:369,43,0,1
BRDA:369,43,1,1
BRDA:374,44,0,1
BRDA:374,44,1,0
BRDA:375,45,0,1
BRDA:375,45,1,0
BRDA:376,46,0,1
BRDA:376,46,1,0
BRDA:379,47,0,0
BRDA:379,47,1,1
BRDA:380,48,0,1
BRDA:380,48,1,0
BRDA:381,49,0,0
BRDA:381,49,1,1
BRDA:382,50,0,0
BRDA:382,50,1,1
BRDA:384,51,0,1
BRDA:384,51,1,0
BRDA:387,52,0,1
BRDA:387,52,1,1
BRDA:393,53,0,1
BRDA:393,53,1,0
BRDA:403,54,0,1
BRDA:403,54,1,1
BRDA:419,55,0,23
BRDA:419,55,1,11
BRDA:430,56,0,20
BRDA:430,56,1,8
BRDA:439,57,0,20
BRDA:439,57,1,0
BRDA:443,58,0,0
BRDA:443,58,1,0
BRDA:447,59,0,1
BRDA:447,59,1,7
BRDA:449,60,0,7
BRDA:449,60,1,1
BRDA:450,61,0,7
BRDA:450,61,1,7
BRDA:451,62,0,7
BRDA:451,62,1,7
BRDA:459,63,0,6
BRDA:459,63,1,1
BRDA:459,64,0,6
BRDA:459,64,1,0
BRDA:461,65,0,5
BRDA:461,65,1,2
BRDA:463,66,0,2
BRDA:463,66,1,5
BRDA:492,67,0,1
BRDA:492,67,1,1
BRDA:513,68,0,1
BRDA:513,68,1,2
BRDA:547,69,0,0
BRDA:547,69,1,8
BRDA:558,70,0,232
BRDA:558,70,1,12
BRDA:560,71,0,8
BRDA:560,71,1,4
BRDA:561,72,0,12
BRDA:561,72,1,4
BRDA:561,72,2,4
BRDA:581,73,0,20
BRDA:581,73,1,0
BRDA:581,74,0,20
BRDA:581,74,1,20
BRF:152
BRH:129
end_of_record
TN:
SF:schedule_page.js
FN:35,(anonymous_0)
FN:68,setStatus
FN:79,parseLocalDate
FN:84,(anonymous_3)
FN:91,(anonymous_4)
FN:93,(anonymous_5)
FN:98,(anonymous_6)
FN:102,normalizeRange
FN:109,getDatesInRange
FN:126,isDateInSelectedRange
FN:134,getCurrentTargetDates
FN:144,syncDateInputsFromRange
FN:158,syncRangeFromInputs
FN:186,fetchJson
FN:197,loadSchedulesFromServer
FN:202,(anonymous_15)
FN:204,(anonymous_16)
FN:232,createScheduleOnServer
FN:242,deleteScheduleOnServer
FN:248,deleteRangeUsingSingleDelete
FN:253,(anonymous_20)
FN:254,(anonymous_21)
FN:266,(anonymous_22)
FN:282,isDuplicateEventOnDate
FN:284,(anonymous_24)
FN:289,renderMainCategories
FN:292,(anonymous_26)
FN:300,renderSubCategories
FN:304,(anonymous_28)
FN:312,applyQueryToForm
FN:343,(anonymous_30)
FN:354,renderEventList
FN:363,(anonymous_32)
FN:396,(anonymous_33)
FN:424,updateSelectedDateUI
FN:445,getBadgeClass
FN:470,createDayCell
FN:489,(anonymous_37)
FN:503,(anonymous_38)
FN:526,renderCalendar
FN:561,handleMainCategoryChange
FN:565,handleEventSubmit
FN:586,(anonymous_42)
FN:625,handleDeleteAll
FN:640,(anonymous_44)
FN:662,handleNextMonth
FN:671,handlePrevMonth
FN:683,loadUserSession
FN:693,fillUserChip
FN:701,fillProfileCard
FN:723,(anonymous_50)
FN:732,openProfileModal
FN:738,closeProfileModal
FN:743,deleteAllSchedulesOnServer
FN:751,(anonymous_54)
FN:754,(anonymous_55)
FN:757,(anonymous_56)
FN:765,handleLogout
FN:793,(anonymous_58)
FN:801,(anonymous_59)
FN:822,init
FNF:61
FNH:60
FNDA:2324,(anonymous_0)
FNDA:249,setStatus
FNDA:26,parseLocalDate
FNDA:20963,(anonymous_3)
FNDA:10532,(anonymous_4)
FNDA:246,(anonymous_5)
FNDA:250,(anonymous_6)
FNDA:327,normalizeRange
FNDA:9,getDatesInRange
FNDA:10421,isDateInSelectedRange
FNDA:9,getCurrentTargetDates
FNDA:9,syncDateInputsFromRange
FNDA:14,syncRangeFromInputs
FNDA:128,fetchJson
FNDA:116,loadSchedulesFromServer
FNDA:0,(anonymous_15)
FNDA:20,(anonymous_16)
FNDA:3,createScheduleOnServer
FNDA:6,deleteScheduleOnServer
FNDA:4,deleteRangeUsingSingleDelete
FNDA:6,(anonymous_20)
FNDA:3,(anonymous_21)
FNDA:2,(anonymous_22)
FNDA:6,isDuplicateEventOnDate
FNDA:3,(anonymous_24)
FNDA:103,renderMainCategories
FNDA:927,(anonymous_26)
FNDA:209,renderSubCategories
FNDA:1460,(anonymous_28)
FNDA:105,applyQueryToForm
FNDA:7,(anonymous_30)
FNDA:246,renderEventList
FNDA:22,(anonymous_32)
FNDA:3,(anonymous_33)
FNDA:237,updateSelectedDateUI
FNDA:35,getBadgeClass
FNDA:10416,createDayCell
FNDA:25,(anonymous_37)
FNDA:6,(anonymous_38)
FNDA:248,renderCalendar
FNDA:1,handleMainCategoryChange
FNDA:5,handleEventSubmit
FNDA:3,(anonymous_42)
FNDA:5,handleDeleteAll
FNDA:4,(anonymous_44)
FNDA:1,handleNextMonth
FNDA:1,handlePrevMonth
FNDA:109,loadUserSession
FNDA:104,fillUserChip
FNDA:11,fillProfileCard
FNDA:3,(anonymous_50)
FNDA:5,openProfileModal
FNDA:7,closeProfileModal
FNDA:6,deleteAllSchedulesOnServer
FNDA:4,(anonymous_54)
FNDA:4,(anonymous_55)
FNDA:2,(anonymous_56)
FNDA:3,handleLogout
FNDA:2,(anonymous_58)
FNDA:818,(anonymous_59)
FNDA:101,init
DA:4,101
DA:5,101
DA:6,101
DA:7,101
DA:10,101
DA:11,101
DA:13,101
DA:14,101
DA:15,101
DA:20,101
DA:35,2324
DA:37,101
DA:69,249
DA:70,249
DA:71,249
DA:72,125
DA:80,26
DA:81,26
DA:84,101
DA:85,20963
DA:86,20963
DA:87,20963
DA:88,20963
DA:91,10532
DA:93,101
DA:94,246
DA:95,246
DA:98,101
DA:99,250
DA:103,327
DA:104,326
DA:110,9
DA:112,7
DA:113,7
DA:115,7
DA:116,7
DA:118,7
DA:119,13
DA:120,13
DA:123,7
DA:127,10421
DA:128,718
DA:130,296
DA:131,296
DA:135,9
DA:136,1
DA:138,8
DA:139,2
DA:141,6
DA:145,9
DA:146,3
DA:147,3
DA:148,3
DA:149,6
DA:150,5
DA:151,5
DA:153,1
DA:154,1
DA:159,14
DA:160,14
DA:162,14
DA:163,14
DA:165,14
DA:166,5
DA:167,5
DA:168,5
DA:169,5
DA:170,5
DA:171,9
DA:172,5
DA:173,5
DA:174,4
DA:175,1
DA:176,1
DA:179,14
DA:180,14
DA:187,128
DA:188,124
DA:189,1
DA:191,123
DA:193,123
DA:194,123
DA:198,116
DA:199,116
DA:200,116
DA:202,115
DA:204,115
DA:205,20
DA:206,20
DA:208,20
DA:210,20
DA:211,20
DA:223,115
DA:224,115
DA:225,115
DA:227,1
DA:228,1
DA:233,3
DA:243,6
DA:249,4
DA:250,4
DA:252,4
DA:253,4
DA:254,6
DA:257,4
DA:258,1
DA:259,1
DA:262,3
DA:263,3
DA:264,3
DA:265,2
DA:266,2
DA:267,2
DA:268,2
DA:269,2
DA:270,2
DA:274,1
DA:278,3
DA:279,3
DA:283,6
DA:284,6
DA:290,103
DA:292,103
DA:293,927
DA:294,927
DA:295,927
DA:296,927
DA:301,209
DA:302,209
DA:304,209
DA:305,1460
DA:306,1460
DA:307,1460
DA:308,1460
DA:313,105
DA:314,105
DA:315,105
DA:316,105
DA:317,105
DA:318,105
DA:320,105
DA:321,1
DA:324,105
DA:325,2
DA:326,2
DA:327,2
DA:328,2
DA:331,105
DA:332,2
DA:335,105
DA:336,1
DA:337,1
DA:339,104
DA:342,105
DA:343,1
DA:344,7
DA:345,1
DA:355,246
DA:356,246
DA:358,246
DA:359,231
DA:360,231
DA:363,15
DA:364,22
DA:365,22
DA:368,22
DA:374,22
DA:391,22
DA:392,22
DA:393,22
DA:394,22
DA:396,22
DA:397,3
DA:399,3
DA:401,2
DA:402,2
DA:403,2
DA:405,1
DA:406,1
DA:407,1
DA:410,1
DA:411,1
DA:412,1
DA:414,1
DA:415,1
DA:419,22
DA:420,22
DA:425,237
DA:427,237
DA:428,7
DA:429,7
DA:431,230
DA:432,10
DA:433,220
DA:434,220
DA:436,0
DA:439,237
DA:446,35
DA:448,1
DA:450,7
DA:452,1
DA:454,1
DA:456,1
DA:458,1
DA:460,1
DA:462,1
DA:464,20
DA:466,1
DA:471,10416
DA:472,10416
DA:474,10416
DA:475,10416
DA:477,10416
DA:478,10416
DA:479,10416
DA:480,10416
DA:482,10416
DA:487,10416
DA:489,10416
DA:490,25
DA:491,25
DA:492,25
DA:493,25
DA:496,10416
DA:497,2
DA:498,2
DA:499,2
DA:500,2
DA:503,10416
DA:504,6
DA:506,6
DA:507,4
DA:508,4
DA:510,2
DA:511,2
DA:512,2
DA:515,6
DA:516,6
DA:518,6
DA:519,6
DA:520,6
DA:523,10416
DA:527,248
DA:528,248
DA:530,248
DA:531,248
DA:533,248
DA:534,248
DA:535,248
DA:536,248
DA:538,248
DA:539,252
DA:540,252
DA:541,252
DA:544,248
DA:545,7442
DA:546,7442
DA:549,248
DA:550,248
DA:552,248
DA:553,2722
DA:554,2722
DA:562,1
DA:566,5
DA:568,5
DA:569,5
DA:570,5
DA:571,5
DA:572,5
DA:574,5
DA:576,4
DA:580,4
DA:581,1
DA:582,1
DA:586,3
DA:587,3
DA:588,3
DA:591,3
DA:592,1
DA:593,1
DA:596,2
DA:597,2
DA:600,2
DA:601,2
DA:613,1
DA:614,1
DA:615,1
DA:617,1
DA:618,1
DA:620,1
DA:621,1
DA:626,5
DA:629,5
DA:633,5
DA:635,5
DA:636,1
DA:637,1
DA:640,4
DA:642,4
DA:643,1
DA:644,1
DA:647,3
DA:649,2
DA:650,2
DA:652,2
DA:653,2
DA:654,2
DA:655,1
DA:657,1
DA:658,1
DA:663,1
DA:668,1
DA:672,1
DA:677,1
DA:684,109
DA:685,109
DA:686,2
DA:687,2
DA:689,1
DA:694,104
DA:695,102
DA:696,102
DA:698,2
DA:702,11
DA:703,5
DA:704,5
DA:705,5
DA:707,5
DA:713,5
DA:715,5
DA:716,5
DA:717,5
DA:718,3
DA:719,3
DA:720,3
DA:721,3
DA:723,2
DA:724,3
DA:725,3
DA:726,3
DA:727,3
DA:733,5
DA:734,5
DA:735,5
DA:739,7
DA:744,6
DA:745,6
DA:746,5
DA:747,1
DA:748,1
DA:750,4
DA:751,4
DA:753,4
DA:755,4
DA:757,2
DA:761,1
DA:766,3
DA:769,2
DA:772,2
DA:773,2
DA:774,2
DA:776,2
DA:778,2
DA:779,2
DA:785,101
DA:786,101
DA:787,101
DA:788,101
DA:789,101
DA:790,101
DA:791,101
DA:793,101
DA:794,2
DA:795,2
DA:796,1
DA:799,101
DA:801,101
DA:802,818
DA:805,818
DA:808,5
DA:813,2
DA:817,3
DA:823,101
DA:824,101
DA:826,101
DA:827,101
DA:828,101
DA:829,101
DA:831,101
DA:832,101
DA:833,101
DA:834,101
DA:835,101
DA:836,101
DA:839,101
DA:841,101
DA:842,101
DA:848,101
DA:849,101
LF:399
LH:398
BRDA:68,0,0,0
BRDA:68,1,0,124
BRDA:71,2,0,125
BRDA:71,2,1,124
BRDA:103,3,0,1
BRDA:103,3,1,326
BRDA:103,4,0,327
BRDA:103,4,1,326
BRDA:104,5,0,324
BRDA:104,5,1,2
BRDA:110,6,0,2
BRDA:110,6,1,7
BRDA:110,7,0,9
BRDA:110,7,1,8
BRDA:127,8,0,9703
BRDA:127,8,1,718
BRDA:128,9,0,422
BRDA:128,9,1,296
BRDA:131,10,0,296
BRDA:131,10,1,270
BRDA:135,11,0,1
BRDA:135,11,1,8
BRDA:135,12,0,9
BRDA:135,12,1,3
BRDA:138,13,0,2
BRDA:138,13,1,6
BRDA:141,14,0,6
BRDA:141,14,1,0
BRDA:145,15,0,3
BRDA:145,15,1,6
BRDA:145,16,0,9
BRDA:145,16,1,8
BRDA:149,17,0,5
BRDA:149,17,1,1
BRDA:162,18,0,14
BRDA:162,18,1,4
BRDA:163,19,0,14
BRDA:163,19,1,8
BRDA:165,20,0,5
BRDA:165,20,1,9
BRDA:165,21,0,14
BRDA:165,21,1,10
BRDA:171,22,0,5
BRDA:171,22,1,4
BRDA:174,23,0,1
BRDA:174,23,1,3
BRDA:186,24,0,119
BRDA:188,25,0,1
BRDA:188,25,1,123
BRDA:191,26,0,0
BRDA:191,26,1,123
BRDA:194,27,0,119
BRDA:194,27,1,4
BRDA:206,28,0,0
BRDA:206,28,1,20
BRDA:210,29,0,13
BRDA:210,29,1,7
BRDA:254,30,0,6
BRDA:254,30,1,3
BRDA:257,31,0,1
BRDA:257,31,1,3
BRDA:267,32,0,2
BRDA:267,32,1,0
BRDA:269,33,0,2
BRDA:269,33,1,0
BRDA:283,34,0,6
BRDA:283,34,1,3
BRDA:301,35,0,209
BRDA:301,35,1,1
BRDA:320,36,0,1
BRDA:320,36,1,104
BRDA:324,37,0,2
BRDA:324,37,1,103
BRDA:324,38,0,105
BRDA:324,38,1,104
BRDA:326,39,0,1
BRDA:326,39,1,1
BRDA:327,40,0,2
BRDA:327,40,1,0
BRDA:331,41,0,2
BRDA:331,41,1,103
BRDA:335,42,0,1
BRDA:335,42,1,104
BRDA:335,43,0,105
BRDA:335,43,1,2
BRDA:342,44,0,1
BRDA:342,44,1,104
BRDA:344,45,0,1
BRDA:344,45,1,6
BRDA:355,46,0,246
BRDA:355,46,1,231
BRDA:358,47,0,231
BRDA:358,47,1,15
BRDA:368,48,0,0
BRDA:368,48,1,22
BRDA:370,49,0,0
BRDA:370,49,1,22
BRDA:382,50,0,22
BRDA:382,50,1,0
BRDA:383,51,0,0
BRDA:383,51,1,22
BRDA:384,52,0,0
BRDA:384,52,1,22
BRDA:386,53,0,8
BRDA:386,53,1,14
BRDA:387,54,0,8
BRDA:387,54,1,14
BRDA:399,55,0,1
BRDA:399,55,1,2
BRDA:406,56,0,1
BRDA:406,56,1,0
BRDA:425,57,0,0
BRDA:425,57,1,237
BRDA:427,58,0,7
BRDA:427,58,1,230
BRDA:427,59,0,237
BRDA:427,59,1,17
BRDA:431,60,0,10
BRDA:431,60,1,220
BRDA:433,61,0,220
BRDA:433,61,1,0
BRDA:446,62,0,1
BRDA:446,62,1,7
BRDA:446,62,2,1
BRDA:446,62,3,1
BRDA:446,62,4,1
BRDA:446,62,5,1
BRDA:446,62,6,1
BRDA:446,62,7,1
BRDA:446,62,8,20
BRDA:446,62,9,1
BRDA:472,63,0,10416
BRDA:472,63,1,10401
BRDA:477,64,0,2974
BRDA:477,64,1,7442
BRDA:478,65,0,246
BRDA:478,65,1,10170
BRDA:479,66,0,55
BRDA:479,66,1,10361
BRDA:480,67,0,25
BRDA:480,67,1,10391
BRDA:480,68,0,10416
BRDA:480,68,1,10399
BRDA:496,69,0,2
BRDA:496,69,1,10414
BRDA:506,70,0,4
BRDA:506,70,1,2
BRDA:506,71,0,6
BRDA:506,71,1,3
BRDA:506,71,2,3
BRDA:572,72,0,5
BRDA:572,72,1,5
BRDA:574,73,0,1
BRDA:574,73,1,4
BRDA:576,74,0,4
BRDA:576,74,1,0
BRDA:576,75,0,4
BRDA:576,75,1,4
BRDA:576,75,2,4
BRDA:580,76,0,1
BRDA:580,76,1,3
BRDA:591,77,0,1
BRDA:591,77,1,2
BRDA:626,78,0,5
BRDA:626,78,1,0
BRDA:626,79,0,5
BRDA:626,79,1,5
BRDA:626,79,2,5
BRDA:629,80,0,5
BRDA:629,80,1,0
BRDA:629,81,0,5
BRDA:629,81,1,5
BRDA:629,81,2,5
BRDA:635,82,0,1
BRDA:635,82,1,4
BRDA:642,83,0,1
BRDA:642,83,1,3
BRDA:647,84,0,1
BRDA:647,84,1,2
BRDA:685,85,0,107
BRDA:685,85,1,2
BRDA:694,86,0,102
BRDA:694,86,1,2
BRDA:698,87,0,2
BRDA:698,87,1,1
BRDA:702,88,0,6
BRDA:702,88,1,5
BRDA:703,89,0,5
BRDA:703,89,1,3
BRDA:704,90,0,5
BRDA:704,90,1,4
BRDA:705,91,0,5
BRDA:705,91,1,4
BRDA:713,92,0,2
BRDA:713,92,1,3
BRDA:713,93,0,2
BRDA:713,93,1,0
BRDA:715,94,0,3
BRDA:715,94,1,2
BRDA:717,95,0,3
BRDA:717,95,1,2
BRDA:746,96,0,1
BRDA:746,96,1,4
BRDA:766,97,0,1
BRDA:766,97,1,2
BRDA:795,98,0,1
BRDA:795,98,1,1
BRDA:805,99,0,813
BRDA:805,99,1,5
BRDA:808,100,0,2
BRDA:808,100,1,3
BRDA:809,101,0,5
BRDA:809,101,1,4
BRDA:809,101,2,4
BRDA:841,102,0,101
BRDA:841,102,1,0
BRDA:841,103,0,101
BRDA:841,103,1,101
BRDA:848,104,0,101
BRDA:848,104,1,0
BRDA:848,105,0,101
BRDA:848,105,1,101
BRF:222
BRH:201
end_of_record
