TN:
SF:frontend.js
FN:11,saveSearchState
FN:26,(anonymous_1)
FN:92,toggleProfile
FN:96,openManageModal
FN:101,closeManageModal
FN:108,(anonymous_5)
FN:121,loadProfileData
FN:135,(anonymous_7)
FN:147,handleLogout
FN:155,loadUniversities
FN:161,(anonymous_10)
FN:164,(anonymous_11)
FN:171,(anonymous_12)
FN:174,(anonymous_13)
FN:178,loadManageUniversities
FN:186,(anonymous_15)
FN:189,(anonymous_16)
FN:196,loadManageBoards
FN:216,(anonymous_18)
FN:230,deleteSource
FN:262,handleUniversityChange
FN:281,(anonymous_21)
FN:294,searchNotices
FN:359,applyFilter
FN:366,(anonymous_24)
FN:378,(anonymous_25)
FN:390,renderPage
FN:401,changePage
FN:408,renderPagination
FN:425,safeMeta
FN:432,renderNotices
FN:444,(anonymous_31)
FN:480,escapeHtml
FN:489,escapeAttribute
FN:493,handleSortChange
FN:499,sortNotices
FN:501,(anonymous_36)
FN:503,(anonymous_37)
FN:508,isNew
FN:521,renderRecommendations
FN:536,(anonymous_40)
FN:540,(anonymous_41)
FN:548,(anonymous_42)
FN:560,(anonymous_43)
FN:565,(anonymous_44)
FN:601,handleRegisterSource
FN:651,sendToSchedule
FN:677,saveToArchive
FN:688,(anonymous_48)
FNF:49
FNH:48
FNDA:45,saveSearchState
FNDA:4,(anonymous_1)
FNDA:1,toggleProfile
FNDA:1,openManageModal
FNDA:3,closeManageModal
FNDA:2,(anonymous_5)
FNDA:6,loadProfileData
FNDA:1,(anonymous_7)
FNDA:2,handleLogout
FNDA:8,loadUniversities
FNDA:1,(anonymous_10)
FNDA:3,(anonymous_11)
FNDA:12,(anonymous_12)
FNDA:6,(anonymous_13)
FNDA:3,loadManageUniversities
FNDA:0,(anonymous_15)
FNDA:1,(anonymous_16)
FNDA:5,loadManageBoards
FNDA:1,(anonymous_18)
FNDA:3,deleteSource
FNDA:5,handleUniversityChange
FNDA:1,(anonymous_21)
FNDA:10,searchNotices
FNDA:48,applyFilter
FNDA:96,(anonymous_24)
FNDA:2,(anonymous_25)
FNDA:42,renderPage
FNDA:1,changePage
FNDA:44,renderPagination
FNDA:211,safeMeta
FNDA:44,renderNotices
FNDA:95,(anonymous_31)
FNDA:518,escapeHtml
FNDA:218,escapeAttribute
FNDA:1,handleSortChange
FNDA:40,sortNotices
FNDA:8,(anonymous_36)
FNDA:88,(anonymous_37)
FNDA:103,isNew
FNDA:10,renderRecommendations
FNDA:48,(anonymous_40)
FNDA:48,(anonymous_41)
FNDA:5,(anonymous_42)
FNDA:2,(anonymous_43)
FNDA:7,(anonymous_44)
FNDA:3,handleRegisterSource
FNDA:2,sendToSchedule
FNDA:3,saveToArchive
FNDA:1,(anonymous_48)
DA:1,1
DA:2,1
DA:4,1
DA:5,1
DA:6,1
DA:7,1
DA:8,1
DA:9,1
DA:12,45
DA:13,45
DA:23,45
DA:26,1
DA:27,4
DA:28,4
DA:30,4
DA:31,4
DA:33,4
DA:34,3
DA:35,3
DA:36,2
DA:37,2
DA:39,2
DA:40,2
DA:42,2
DA:43,1
DA:46,2
DA:47,2
DA:49,2
DA:50,2
DA:51,2
DA:52,2
DA:54,2
DA:55,1
DA:56,1
DA:57,1
DA:58,1
DA:59,1
DA:60,1
DA:63,1
DA:65,1
DA:66,1
DA:67,1
DA:68,1
DA:69,1
DA:71,1
DA:72,1
DA:73,1
DA:74,0
DA:75,0
DA:79,1
DA:80,0
DA:81,0
DA:82,0
DA:84,1
DA:87,0
DA:93,1
DA:97,1
DA:98,1
DA:102,3
DA:103,3
DA:104,3
DA:105,3
DA:108,1
DA:109,2
DA:110,2
DA:111,2
DA:112,1
DA:115,2
DA:116,2
DA:117,1
DA:122,6
DA:123,6
DA:124,4
DA:125,4
DA:127,3
DA:128,3
DA:129,3
DA:130,3
DA:131,3
DA:133,3
DA:134,3
DA:135,1
DA:136,1
DA:139,2
DA:142,1
DA:148,2
DA:149,1
DA:150,1
DA:151,1
DA:156,8
DA:157,8
DA:158,8
DA:159,8
DA:160,7
DA:161,7
DA:163,7
DA:164,3
DA:166,1
DA:169,1
DA:170,1
DA:171,12
DA:173,1
DA:174,6
DA:179,3
DA:180,3
DA:182,3
DA:183,3
DA:184,2
DA:185,2
DA:186,2
DA:188,2
DA:189,1
DA:192,1
DA:197,5
DA:198,5
DA:200,5
DA:201,2
DA:202,2
DA:205,3
DA:207,3
DA:208,3
DA:209,3
DA:210,2
DA:211,2
DA:212,1
DA:213,1
DA:216,1
DA:223,1
DA:226,1
DA:231,3
DA:232,1
DA:235,2
DA:236,2
DA:237,2
DA:241,2
DA:242,1
DA:244,1
DA:245,1
DA:247,1
DA:248,1
DA:249,0
DA:253,1
DA:254,1
DA:257,1
DA:258,1
DA:263,5
DA:264,5
DA:265,5
DA:267,5
DA:268,3
DA:269,3
DA:270,3
DA:273,2
DA:274,2
DA:276,2
DA:277,2
DA:278,2
DA:279,1
DA:280,1
DA:281,1
DA:283,1
DA:285,1
DA:288,1
DA:289,1
DA:290,1
DA:295,10
DA:296,10
DA:297,10
DA:298,10
DA:299,10
DA:300,10
DA:302,10
DA:303,1
DA:304,1
DA:305,1
DA:306,1
DA:309,9
DA:310,9
DA:311,9
DA:312,9
DA:313,9
DA:315,9
DA:316,9
DA:317,9
DA:318,9
DA:321,9
DA:323,9
DA:324,1
DA:327,8
DA:329,8
DA:330,1
DA:331,1
DA:332,1
DA:333,1
DA:339,1
DA:340,1
DA:343,7
DA:344,7
DA:345,7
DA:348,1
DA:349,1
DA:350,1
DA:360,48
DA:361,48
DA:362,9
DA:365,48
DA:366,48
DA:367,96
DA:368,48
DA:370,48
DA:374,48
DA:376,38
DA:378,2
DA:380,38
DA:381,38
DA:382,38
DA:384,38
DA:385,38
DA:387,38
DA:391,42
DA:392,42
DA:393,42
DA:395,42
DA:396,42
DA:398,42
DA:402,1
DA:403,1
DA:404,1
DA:405,1
DA:409,44
DA:410,44
DA:412,44
DA:413,40
DA:414,40
DA:417,4
DA:418,4
DA:419,9
DA:420,9
DA:422,4
DA:426,211
DA:427,108
DA:429,103
DA:433,44
DA:435,44
DA:436,14
DA:441,14
DA:444,30
DA:445,95
DA:446,95
DA:447,95
DA:448,95
DA:450,95
DA:481,518
DA:490,218
DA:494,1
DA:495,1
DA:496,1
DA:500,40
DA:501,23
DA:503,88
DA:505,40
DA:509,103
DA:510,45
DA:511,45
DA:512,45
DA:513,45
DA:515,45
DA:516,45
DA:518,45
DA:522,10
DA:523,10
DA:524,10
DA:526,10
DA:527,10
DA:528,1
DA:529,1
DA:532,9
DA:533,9
DA:535,9
DA:536,48
DA:539,9
DA:540,6
DA:541,48
DA:544,6
DA:547,9
DA:548,3
DA:549,5
DA:552,3
DA:555,9
DA:556,4
DA:557,4
DA:560,5
DA:561,5
DA:563,5
DA:565,5
DA:566,7
DA:567,7
DA:568,7
DA:569,7
DA:571,7
DA:598,5
DA:602,3
DA:604,3
DA:605,3
DA:606,3
DA:607,3
DA:608,3
DA:610,3
DA:611,1
DA:612,1
DA:615,2
DA:616,2
DA:617,2
DA:618,2
DA:620,2
DA:621,2
DA:632,2
DA:633,1
DA:635,1
DA:636,1
DA:638,1
DA:639,1
DA:642,1
DA:643,1
DA:645,2
DA:646,2
DA:647,2
DA:652,2
DA:653,2
DA:654,1
DA:655,1
DA:656,1
DA:658,1
DA:659,1
DA:660,1
DA:662,1
DA:670,1
DA:672,1
DA:673,1
DA:678,3
DA:679,3
DA:680,2
DA:681,2
DA:683,2
DA:684,2
DA:685,2
DA:688,2
DA:689,2
DA:690,1
DA:691,1
DA:694,1
DA:695,1
DA:696,1
DA:698,1
DA:711,1
DA:712,1
DA:713,1
DA:715,1
DA:716,1
DA:720,1
DA:721,1
LF:361
LH:354
BRDA:12,0,0,0
BRDA:12,0,1,45
BRDA:33,1,0,3
BRDA:33,1,1,1
BRDA:42,2,0,1
BRDA:42,2,1,1
BRDA:46,3,0,2
BRDA:46,3,1,2
BRDA:47,4,0,2
BRDA:47,4,1,2
BRDA:49,5,0,2
BRDA:49,5,1,0
BRDA:51,6,0,2
BRDA:51,6,1,2
BRDA:52,7,0,2
BRDA:52,7,1,2
BRDA:54,8,0,1
BRDA:54,8,1,1
BRDA:54,9,0,2
BRDA:54,9,1,2
BRDA:56,10,0,1
BRDA:56,10,1,1
BRDA:57,11,0,1
BRDA:57,11,1,0
BRDA:65,12,0,1
BRDA:65,12,1,0
BRDA:73,13,0,0
BRDA:73,13,1,1
BRDA:79,14,0,0
BRDA:79,14,1,1
BRDA:111,15,0,1
BRDA:111,15,1,1
BRDA:111,16,0,2
BRDA:111,16,1,2
BRDA:111,16,2,2
BRDA:116,17,0,1
BRDA:116,17,1,1
BRDA:123,18,0,4
BRDA:123,18,1,2
BRDA:134,19,0,1
BRDA:134,19,1,2
BRDA:134,20,0,3
BRDA:134,20,1,1
BRDA:148,21,0,1
BRDA:148,21,1,1
BRDA:159,22,0,7
BRDA:159,22,1,1
BRDA:184,23,0,2
BRDA:184,23,1,0
BRDA:200,24,0,2
BRDA:200,24,1,3
BRDA:209,25,0,2
BRDA:209,25,1,1
BRDA:211,26,0,1
BRDA:211,26,1,1
BRDA:231,27,0,1
BRDA:231,27,1,2
BRDA:241,28,0,1
BRDA:241,28,1,1
BRDA:248,29,0,0
BRDA:248,29,1,1
BRDA:254,30,0,1
BRDA:254,30,1,0
BRDA:267,31,0,3
BRDA:267,31,1,2
BRDA:278,32,0,1
BRDA:278,32,1,1
BRDA:302,33,0,1
BRDA:302,33,1,9
BRDA:317,34,0,9
BRDA:317,34,1,0
BRDA:323,35,0,1
BRDA:323,35,1,8
BRDA:329,36,0,1
BRDA:329,36,1,7
BRDA:329,37,0,8
BRDA:329,37,1,8
BRDA:359,38,0,9
BRDA:361,39,0,9
BRDA:361,39,1,39
BRDA:367,40,0,48
BRDA:367,40,1,48
BRDA:374,41,0,10
BRDA:374,41,1,38
BRDA:376,42,0,36
BRDA:376,42,1,2
BRDA:378,43,0,2
BRDA:378,43,1,0
BRDA:384,44,0,37
BRDA:384,44,1,1
BRDA:412,45,0,40
BRDA:412,45,1,4
BRDA:419,46,0,4
BRDA:419,46,1,5
BRDA:426,47,0,108
BRDA:426,47,1,103
BRDA:426,48,0,211
BRDA:426,48,1,108
BRDA:426,48,2,107
BRDA:426,48,3,106
BRDA:426,48,4,105
BRDA:426,48,5,104
BRDA:435,49,0,14
BRDA:435,49,1,30
BRDA:447,50,0,95
BRDA:447,50,1,95
BRDA:447,50,2,95
BRDA:447,51,0,94
BRDA:447,51,1,1
BRDA:453,52,0,95
BRDA:453,52,1,56
BRDA:454,53,0,95
BRDA:454,53,1,95
BRDA:457,54,0,95
BRDA:457,54,1,94
BRDA:458,55,0,95
BRDA:458,55,1,0
BRDA:460,56,0,19
BRDA:460,56,1,76
BRDA:465,57,0,95
BRDA:465,57,1,58
BRDA:500,58,0,23
BRDA:500,58,1,17
BRDA:501,59,0,8
BRDA:501,59,1,0
BRDA:501,60,0,8
BRDA:501,60,1,0
BRDA:503,61,0,88
BRDA:503,61,1,78
BRDA:503,62,0,88
BRDA:503,62,1,78
BRDA:509,63,0,58
BRDA:509,63,1,45
BRDA:518,64,0,45
BRDA:518,64,1,25
BRDA:527,65,0,1
BRDA:527,65,1,9
BRDA:527,66,0,10
BRDA:527,66,1,9
BRDA:535,67,0,6
BRDA:535,67,1,3
BRDA:535,68,0,9
BRDA:535,68,1,8
BRDA:539,69,0,6
BRDA:539,69,1,3
BRDA:541,70,0,48
BRDA:541,70,1,48
BRDA:541,70,2,0
BRDA:547,71,0,3
BRDA:547,71,1,6
BRDA:549,72,0,5
BRDA:549,72,1,3
BRDA:549,72,2,4
BRDA:555,73,0,4
BRDA:555,73,1,5
BRDA:560,74,0,2
BRDA:560,74,1,0
BRDA:560,75,0,2
BRDA:560,75,1,0
BRDA:568,76,0,7
BRDA:568,76,1,7
BRDA:568,76,2,7
BRDA:568,77,0,7
BRDA:568,77,1,0
BRDA:574,78,0,7
BRDA:574,78,1,0
BRDA:575,79,0,5
BRDA:575,79,1,2
BRDA:575,80,0,7
BRDA:575,80,1,0
BRDA:578,81,0,7
BRDA:578,81,1,7
BRDA:579,82,0,7
BRDA:579,82,1,0
BRDA:610,83,0,1
BRDA:610,83,1,2
BRDA:610,84,0,3
BRDA:610,84,1,2
BRDA:610,84,2,2
BRDA:610,84,3,2
BRDA:632,85,0,1
BRDA:632,85,1,1
BRDA:639,86,0,1
BRDA:639,86,1,0
BRDA:655,87,0,1
BRDA:655,87,1,1
BRDA:655,87,2,1
BRDA:655,88,0,1
BRDA:655,88,1,0
BRDA:656,89,0,1
BRDA:656,89,1,1
BRDA:656,89,2,1
BRDA:656,89,3,1
BRDA:659,90,0,0
BRDA:659,90,1,1
BRDA:660,91,0,1
BRDA:660,91,1,0
BRDA:663,92,0,1
BRDA:663,92,1,0
BRDA:664,93,0,1
BRDA:664,93,1,0
BRDA:666,94,0,1
BRDA:666,94,1,0
BRDA:684,95,0,2
BRDA:684,95,1,0
BRDA:688,96,0,1
BRDA:688,96,1,1
BRDA:689,97,0,1
BRDA:689,97,1,1
BRDA:695,98,0,1
BRDA:695,98,1,1
BRDA:695,98,2,1
BRDA:695,98,3,1
BRDA:696,99,0,1
BRDA:696,99,1,1
BRDA:696,99,2,1
BRDA:696,99,3,1
BRDA:696,99,4,1
BRDA:696,100,0,1
BRDA:696,100,1,0
BRDA:700,101,0,1
BRDA:700,101,1,0
BRDA:701,102,0,1
BRDA:701,102,1,0
BRDA:702,103,0,1
BRDA:702,103,1,1
BRDA:705,104,0,1
BRDA:705,104,1,1
BRDA:706,105,0,1
BRDA:706,105,1,1
BRDA:720,106,0,1
BRDA:720,106,1,0
BRDA:720,107,0,1
BRDA:720,107,1,1
BRF:234
BRH:201
end_of_record
TN:
SF:login.js
FN:1,handleLogin
FN:9,(anonymous_1)
FN:30,(anonymous_2)
FNF:3
FNH:3
FNDA:2,handleLogin
FNDA:4,(anonymous_1)
FNDA:2,(anonymous_2)
DA:2,2
DA:3,2
DA:4,2
DA:5,2
DA:6,2
DA:8,2
DA:9,4
DA:11,2
DA:12,1
DA:13,1
DA:16,1
DA:25,1
DA:26,1
DA:27,1
DA:30,1
DA:31,2
DA:32,2
DA:33,1
DA:34,1
DA:37,1
DA:38,1
LF:21
LH:21
BRDA:11,0,0,1
BRDA:11,0,1,1
BRDA:11,1,0,2
BRDA:11,1,1,1
BRDA:11,1,2,1
BRDA:11,1,3,1
BRDA:32,2,0,1
BRDA:32,2,1,1
BRDA:37,3,0,1
BRDA:37,3,1,0
BRDA:37,4,0,1
BRDA:37,4,1,1
BRF:12
BRH:11
end_of_record
TN:
SF:my_notice_archive.js
FN:57,parseLocalDate
FN:66,escapeHtml
FN:76,escapeAttribute
FN:84,getStoredItems
FN:95,setStoredItems
FN:105,normalizeItem
FN:121,getPillClass
FN:129,matchesKeyword
FN:141,matchesCategory
FN:146,sortItems
FN:147,(anonymous_10)
FN:166,getAllItems
FN:170,getFilteredItems
FN:176,(anonymous_13)
FN:177,(anonymous_14)
FN:187,renderSummary
FN:202,(anonymous_16)
FN:224,renderSavedList
FN:230,(anonymous_18)
FN:251,renderNoticeGrid
FN:257,(anonymous_20)
FN:308,renderStatus
FN:322,bindRemoveButtons
FN:323,(anonymous_23)
FN:324,(anonymous_24)
FN:330,bindAddScheduleButtons
FN:331,(anonymous_26)
FN:332,(anonymous_27)
FN:340,renderArchive
FN:357,handleRemoveItem
FN:358,(anonymous_30)
FN:365,handleAddScheduleFromArchive
FN:367,(anonymous_32)
FN:402,handleClearArchive
FN:410,handleResetFilters
FN:418,handleStorageSync
FN:428,loadUserSession
FN:438,fillUserChip
FN:446,fillProfileCard
FN:469,(anonymous_39)
FN:478,openProfileModal
FN:484,closeProfileModal
FN:489,deleteAllSchedulesViaSingleEndpoint
FN:498,(anonymous_43)
FN:501,(anonymous_44)
FN:504,(anonymous_45)
FN:512,handleLogout
FN:532,bindEvents
FN:545,(anonymous_48)
FN:555,(anonymous_49)
FN:572,init
FNF:51
FNH:48
FNDA:12,parseLocalDate
FNDA:101,escapeHtml
FNDA:40,escapeAttribute
FNDA:51,getStoredItems
FNDA:2,setStoredItems
FNDA:17,normalizeItem
FNDA:8,getPillClass
FNDA:8,matchesKeyword
FNDA:8,matchesCategory
FNDA:29,sortItems
FNDA:15,(anonymous_10)
FNDA:50,getAllItems
FNDA:25,getFilteredItems
FNDA:8,(anonymous_13)
FNDA:8,(anonymous_14)
FNDA:25,renderSummary
FNDA:8,(anonymous_16)
FNDA:25,renderSavedList
FNDA:8,(anonymous_18)
FNDA:25,renderNoticeGrid
FNDA:8,(anonymous_20)
FNDA:25,renderStatus
FNDA:25,bindRemoveButtons
FNDA:14,(anonymous_23)
FNDA:1,(anonymous_24)
FNDA:25,bindAddScheduleButtons
FNDA:7,(anonymous_26)
FNDA:0,(anonymous_27)
FNDA:25,renderArchive
FNDA:1,handleRemoveItem
FNDA:2,(anonymous_30)
FNDA:0,handleAddScheduleFromArchive
FNDA:0,(anonymous_32)
FNDA:2,handleClearArchive
FNDA:1,handleResetFilters
FNDA:14,handleStorageSync
FNDA:16,loadUserSession
FNDA:10,fillUserChip
FNDA:6,fillProfileCard
FNDA:4,(anonymous_39)
FNDA:6,openProfileModal
FNDA:4,closeProfileModal
FNDA:2,deleteAllSchedulesViaSingleEndpoint
FNDA:1,(anonymous_43)
FNDA:1,(anonymous_44)
FNDA:1,(anonymous_45)
FNDA:2,handleLogout
FNDA:10,bindEvents
FNDA:6,(anonymous_48)
FNDA:108,(anonymous_49)
FNDA:10,init
DA:6,10
DA:9,10
DA:10,10
DA:11,10
DA:14,10
DA:58,12
DA:59,8
DA:60,8
DA:61,7
DA:62,7
DA:67,101
DA:77,40
DA:85,51
DA:86,51
DA:87,51
DA:88,10
DA:89,9
DA:91,1
DA:96,2
DA:97,2
DA:98,2
DA:106,17
DA:122,8
DA:123,5
DA:124,1
DA:125,1
DA:130,8
DA:137,8
DA:142,8
DA:147,29
DA:148,15
DA:149,3
DA:151,12
DA:152,3
DA:153,3
DA:154,3
DA:156,9
DA:157,2
DA:158,2
DA:159,2
DA:162,7
DA:167,50
DA:171,25
DA:172,25
DA:173,25
DA:175,25
DA:176,8
DA:177,8
DA:179,25
DA:188,25
DA:190,25
DA:202,25
DA:203,8
DA:204,8
DA:205,7
DA:207,1
DA:211,25
DA:212,25
DA:213,25
DA:214,25
DA:215,25
DA:216,25
DA:217,25
DA:218,25
DA:219,25
DA:220,25
DA:225,25
DA:226,20
DA:227,20
DA:230,8
DA:252,25
DA:253,20
DA:254,20
DA:257,8
DA:309,25
DA:310,20
DA:311,20
DA:312,20
DA:315,5
DA:317,5
DA:323,25
DA:324,14
DA:325,1
DA:331,25
DA:332,7
DA:333,0
DA:334,0
DA:341,25
DA:342,25
DA:344,25
DA:345,25
DA:346,25
DA:347,25
DA:348,25
DA:349,25
DA:358,2
DA:359,1
DA:360,1
DA:361,1
DA:366,0
DA:367,0
DA:369,0
DA:370,0
DA:371,0
DA:374,0
DA:375,0
DA:376,0
DA:378,0
DA:379,0
DA:380,0
DA:381,0
DA:382,0
DA:384,0
DA:386,0
DA:387,0
DA:389,0
DA:398,0
DA:403,2
DA:404,1
DA:405,1
DA:406,1
DA:411,1
DA:412,1
DA:413,1
DA:414,1
DA:419,14
DA:420,7
DA:421,7
DA:429,16
DA:430,16
DA:431,6
DA:432,6
DA:434,1
DA:439,10
DA:440,10
DA:441,10
DA:443,0
DA:447,6
DA:449,5
DA:450,5
DA:451,5
DA:453,5
DA:459,5
DA:461,5
DA:462,5
DA:463,5
DA:464,1
DA:465,1
DA:466,1
DA:467,1
DA:469,4
DA:470,4
DA:471,4
DA:472,4
DA:473,4
DA:479,6
DA:480,6
DA:481,6
DA:485,4
DA:490,2
DA:491,2
DA:492,2
DA:493,1
DA:494,1
DA:497,1
DA:498,1
DA:500,1
DA:502,1
DA:504,1
DA:508,0
DA:513,2
DA:515,2
DA:517,2
DA:518,2
DA:519,2
DA:521,2
DA:523,2
DA:524,2
DA:525,2
DA:534,10
DA:535,10
DA:536,10
DA:538,10
DA:539,10
DA:542,10
DA:545,10
DA:546,6
DA:547,6
DA:548,6
DA:551,10
DA:555,10
DA:556,108
DA:558,108
DA:560,8
DA:565,6
DA:568,2
DA:573,10
DA:574,10
DA:575,10
DA:576,10
DA:579,10
DA:581,10
DA:582,10
LF:203
LH:181
BRDA:58,0,0,4
BRDA:58,0,1,8
BRDA:58,1,0,12
BRDA:58,1,1,8
BRDA:60,2,0,1
BRDA:60,2,1,7
BRDA:67,3,0,101
BRDA:67,3,1,1
BRDA:77,4,0,40
BRDA:77,4,1,0
BRDA:87,5,0,41
BRDA:87,5,1,10
BRDA:89,6,0,9
BRDA:89,6,1,0
BRDA:107,7,0,17
BRDA:107,7,1,5
BRDA:108,8,0,17
BRDA:108,8,1,5
BRDA:109,9,0,17
BRDA:109,9,1,13
BRDA:110,10,0,17
BRDA:110,10,1,1
BRDA:111,11,0,17
BRDA:111,11,1,17
BRDA:111,11,2,17
BRDA:112,12,0,17
BRDA:112,12,1,11
BRDA:113,13,0,17
BRDA:113,13,1,11
BRDA:114,14,0,17
BRDA:114,14,1,17
BRDA:115,15,0,17
BRDA:115,15,1,11
BRDA:116,16,0,17
BRDA:116,16,1,17
BRDA:122,17,0,3
BRDA:122,17,1,5
BRDA:123,18,0,4
BRDA:123,18,1,1
BRDA:124,19,0,0
BRDA:124,19,1,1
BRDA:137,20,0,0
BRDA:137,20,1,8
BRDA:142,21,0,8
BRDA:142,21,1,0
BRDA:148,22,0,3
BRDA:148,22,1,12
BRDA:151,23,0,3
BRDA:151,23,1,9
BRDA:152,24,0,3
BRDA:152,24,1,2
BRDA:153,25,0,3
BRDA:153,25,1,0
BRDA:156,26,0,2
BRDA:156,26,1,7
BRDA:157,27,0,2
BRDA:157,27,1,1
BRDA:158,28,0,2
BRDA:158,28,1,0
BRDA:203,29,0,8
BRDA:203,29,1,0
BRDA:204,30,0,7
BRDA:204,30,1,1
BRDA:225,31,0,20
BRDA:225,31,1,5
BRDA:238,32,0,8
BRDA:238,32,1,8
BRDA:238,33,0,8
BRDA:238,33,1,0
BRDA:241,34,0,8
BRDA:241,34,1,5
BRDA:242,35,0,3
BRDA:242,35,1,5
BRDA:252,36,0,20
BRDA:252,36,1,5
BRDA:262,37,0,8
BRDA:262,37,1,8
BRDA:265,38,0,8
BRDA:265,38,1,5
BRDA:275,39,0,8
BRDA:275,39,1,0
BRDA:276,40,0,8
BRDA:276,40,1,5
BRDA:281,41,0,8
BRDA:281,41,1,5
BRDA:309,42,0,20
BRDA:309,42,1,5
BRDA:369,43,0,0
BRDA:369,43,1,0
BRDA:374,44,0,0
BRDA:374,44,1,0
BRDA:375,45,0,0
BRDA:375,45,1,0
BRDA:376,46,0,0
BRDA:376,46,1,0
BRDA:379,47,0,0
BRDA:379,47,1,0
BRDA:380,48,0,0
BRDA:380,48,1,0
BRDA:381,49,0,0
BRDA:381,49,1,0
BRDA:382,50,0,0
BRDA:382,50,1,0
BRDA:384,51,0,0
BRDA:384,51,1,0
BRDA:387,52,0,0
BRDA:387,52,1,0
BRDA:393,53,0,0
BRDA:393,53,1,0
BRDA:403,54,0,1
BRDA:403,54,1,1
BRDA:419,55,0,7
BRDA:419,55,1,7
BRDA:430,56,0,10
BRDA:430,56,1,6
BRDA:439,57,0,10
BRDA:439,57,1,0
BRDA:443,58,0,0
BRDA:443,58,1,0
BRDA:447,59,0,1
BRDA:447,59,1,5
BRDA:449,60,0,5
BRDA:449,60,1,0
BRDA:450,61,0,5
BRDA:450,61,1,5
BRDA:451,62,0,5
BRDA:451,62,1,5
BRDA:459,63,0,5
BRDA:459,63,1,0
BRDA:459,64,0,5
BRDA:459,64,1,0
BRDA:461,65,0,4
BRDA:461,65,1,1
BRDA:463,66,0,1
BRDA:463,66,1,4
BRDA:492,67,0,1
BRDA:492,67,1,1
BRDA:513,68,0,0
BRDA:513,68,1,2
BRDA:547,69,0,0
BRDA:547,69,1,6
BRDA:558,70,0,100
BRDA:558,70,1,8
BRDA:560,71,0,6
BRDA:560,71,1,2
BRDA:561,72,0,8
BRDA:561,72,1,2
BRDA:561,72,2,2
BRDA:581,73,0,10
BRDA:581,73,1,0
BRDA:581,74,0,10
BRDA:581,74,1,10
BRF:152
BRH:111
end_of_record
TN:
SF:schedule_page.js
FN:35,(anonymous_0)
FN:68,setStatus
FN:79,parseLocalDate
FN:84,(anonymous_3)
FN:91,(anonymous_4)
FN:93,(anonymous_5)
FN:98,(anonymous_6)
FN:102,normalizeRange
FN:109,getDatesInRange
FN:126,isDateInSelectedRange
FN:134,getCurrentTargetDates
FN:144,syncDateInputsFromRange
FN:158,syncRangeFromInputs
FN:186,fetchJson
FN:197,loadSchedulesFromServer
FN:202,(anonymous_15)
FN:204,(anonymous_16)
FN:232,createScheduleOnServer
FN:242,deleteScheduleOnServer
FN:248,deleteRangeUsingSingleDelete
FN:253,(anonymous_20)
FN:254,(anonymous_21)
FN:266,(anonymous_22)
FN:282,isDuplicateEventOnDate
FN:284,(anonymous_24)
FN:289,renderMainCategories
FN:292,(anonymous_26)
FN:300,renderSubCategories
FN:304,(anonymous_28)
FN:312,applyQueryToForm
FN:343,(anonymous_30)
FN:354,renderEventList
FN:363,(anonymous_32)
FN:396,(anonymous_33)
FN:424,updateSelectedDateUI
FN:445,getBadgeClass
FN:470,createDayCell
FN:489,(anonymous_37)
FN:503,(anonymous_38)
FN:526,renderCalendar
FN:561,handleMainCategoryChange
FN:565,handleEventSubmit
FN:584,(anonymous_42)
FN:623,handleDeleteAll
FN:625,(anonymous_44)
FN:652,handleNextMonth
FN:661,handlePrevMonth
FN:673,loadUserSession
FN:683,fillUserChip
FN:691,fillProfileCard
FN:713,(anonymous_50)
FN:722,openProfileModal
FN:728,closeProfileModal
FN:733,deleteAllSchedulesOnServer
FN:741,(anonymous_54)
FN:744,(anonymous_55)
FN:747,(anonymous_56)
FN:755,handleLogout
FN:783,(anonymous_58)
FN:791,(anonymous_59)
FN:812,init
FNF:61
FNH:56
FNDA:276,(anonymous_0)
FNDA:40,setStatus
FNDA:6,parseLocalDate
FNDA:3291,(anonymous_3)
FNDA:1652,(anonymous_4)
FNDA:37,(anonymous_5)
FNDA:39,(anonymous_6)
FNDA:92,normalizeRange
FNDA:2,getDatesInRange
FNDA:1639,isDateInSelectedRange
FNDA:6,getCurrentTargetDates
FNDA:3,syncDateInputsFromRange
FNDA:5,syncRangeFromInputs
FNDA:21,fetchJson
FNDA:16,loadSchedulesFromServer
FNDA:0,(anonymous_15)
FNDA:3,(anonymous_16)
FNDA:1,createScheduleOnServer
FNDA:2,deleteScheduleOnServer
FNDA:1,deleteRangeUsingSingleDelete
FNDA:1,(anonymous_20)
FNDA:1,(anonymous_21)
FNDA:0,(anonymous_22)
FNDA:2,isDuplicateEventOnDate
FNDA:2,(anonymous_24)
FNDA:12,renderMainCategories
FNDA:108,(anonymous_26)
FNDA:27,renderSubCategories
FNDA:195,(anonymous_28)
FNDA:14,applyQueryToForm
FNDA:13,(anonymous_30)
FNDA:37,renderEventList
FNDA:5,(anonymous_32)
FNDA:1,(anonymous_33)
FNDA:35,updateSelectedDateUI
FNDA:4,getBadgeClass
FNDA:1638,createDayCell
FNDA:4,(anonymous_37)
FNDA:3,(anonymous_38)
FNDA:39,renderCalendar
FNDA:1,handleMainCategoryChange
FNDA:3,handleEventSubmit
FNDA:2,(anonymous_42)
FNDA:4,handleDeleteAll
FNDA:4,(anonymous_44)
FNDA:1,handleNextMonth
FNDA:1,handlePrevMonth
FNDA:13,loadUserSession
FNDA:14,fillUserChip
FNDA:3,fillProfileCard
FNDA:1,(anonymous_50)
FNDA:0,openProfileModal
FNDA:1,closeProfileModal
FNDA:2,deleteAllSchedulesOnServer
FNDA:2,(anonymous_54)
FNDA:2,(anonymous_55)
FNDA:1,(anonymous_56)
FNDA:0,handleLogout
FNDA:0,(anonymous_58)
FNDA:35,(anonymous_59)
FNDA:12,init
DA:4,12
DA:5,12
DA:6,12
DA:7,12
DA:10,12
DA:11,12
DA:13,12
DA:14,12
DA:15,12
DA:20,12
DA:35,276
DA:37,12
DA:69,40
DA:70,40
DA:71,38
DA:72,19
DA:80,6
DA:81,6
DA:84,12
DA:85,3291
DA:86,3291
DA:87,3291
DA:88,3291
DA:91,1652
DA:93,12
DA:94,37
DA:95,37
DA:98,12
DA:99,39
DA:103,92
DA:104,91
DA:110,2
DA:112,1
DA:113,1
DA:115,1
DA:116,1
DA:118,1
DA:119,1
DA:120,1
DA:123,1
DA:127,1639
DA:128,336
DA:130,84
DA:131,84
DA:135,6
DA:136,0
DA:138,6
DA:139,4
DA:141,2
DA:145,3
DA:146,1
DA:147,1
DA:148,1
DA:149,2
DA:150,2
DA:151,2
DA:153,0
DA:154,0
DA:159,5
DA:160,5
DA:162,5
DA:163,5
DA:165,5
DA:166,1
DA:167,1
DA:168,1
DA:169,1
DA:170,1
DA:171,4
DA:172,2
DA:173,2
DA:174,2
DA:175,1
DA:176,1
DA:179,5
DA:180,5
DA:187,21
DA:188,17
DA:189,1
DA:191,16
DA:193,15
DA:194,15
DA:198,16
DA:199,16
DA:200,16
DA:202,15
DA:204,15
DA:205,3
DA:206,3
DA:208,3
DA:210,3
DA:211,3
DA:223,15
DA:224,15
DA:225,15
DA:227,1
DA:228,1
DA:233,1
DA:243,2
DA:249,1
DA:250,1
DA:252,1
DA:253,1
DA:254,1
DA:257,1
DA:258,0
DA:259,0
DA:262,1
DA:263,1
DA:264,1
DA:265,0
DA:266,0
DA:267,0
DA:268,0
DA:269,0
DA:270,0
DA:274,1
DA:278,1
DA:279,1
DA:283,2
DA:284,2
DA:290,12
DA:292,12
DA:293,108
DA:294,108
DA:295,108
DA:296,108
DA:301,27
DA:302,27
DA:304,27
DA:305,195
DA:306,195
DA:307,195
DA:308,195
DA:313,14
DA:314,14
DA:315,14
DA:316,14
DA:317,14
DA:318,14
DA:320,14
DA:321,1
DA:324,14
DA:325,1
DA:326,1
DA:327,1
DA:328,1
DA:331,14
DA:332,1
DA:335,14
DA:336,1
DA:337,1
DA:339,13
DA:342,14
DA:343,1
DA:344,13
DA:345,1
DA:355,37
DA:356,37
DA:358,37
DA:359,32
DA:360,32
DA:363,5
DA:364,5
DA:365,5
DA:368,5
DA:374,5
DA:391,5
DA:392,5
DA:393,5
DA:394,5
DA:396,5
DA:397,1
DA:399,1
DA:401,1
DA:402,1
DA:403,1
DA:405,0
DA:406,0
DA:407,0
DA:410,0
DA:411,0
DA:412,0
DA:414,1
DA:415,1
DA:419,5
DA:420,5
DA:425,35
DA:427,35
DA:428,2
DA:429,2
DA:431,33
DA:432,5
DA:433,28
DA:434,28
DA:436,0
DA:439,35
DA:446,4
DA:448,0
DA:450,0
DA:452,0
DA:454,0
DA:456,0
DA:458,0
DA:460,1
DA:462,0
DA:464,0
DA:466,3
DA:471,1638
DA:472,1638
DA:474,1638
DA:475,1638
DA:477,1638
DA:478,1638
DA:479,1638
DA:480,1638
DA:482,1638
DA:487,1638
DA:489,1638
DA:490,4
DA:491,4
DA:492,4
DA:493,4
DA:496,1638
DA:497,0
DA:498,0
DA:499,0
DA:500,0
DA:503,1638
DA:504,3
DA:506,3
DA:507,2
DA:508,2
DA:510,1
DA:511,1
DA:512,1
DA:515,3
DA:516,3
DA:518,3
DA:519,3
DA:520,3
DA:523,1638
DA:527,39
DA:528,39
DA:530,39
DA:531,39
DA:533,39
DA:534,39
DA:535,39
DA:536,39
DA:538,39
DA:539,44
DA:540,44
DA:541,44
DA:544,39
DA:545,1174
DA:546,1174
DA:549,39
DA:550,39
DA:552,39
DA:553,420
DA:554,420
DA:562,1
DA:566,3
DA:568,3
DA:569,3
DA:570,3
DA:571,3
DA:572,3
DA:574,3
DA:576,2
DA:578,2
DA:579,0
DA:580,0
DA:584,2
DA:585,2
DA:586,2
DA:589,2
DA:590,1
DA:591,1
DA:594,1
DA:595,1
DA:598,1
DA:599,1
DA:611,0
DA:612,0
DA:613,0
DA:615,0
DA:616,0
DA:618,1
DA:619,1
DA:624,4
DA:625,4
DA:627,4
DA:628,0
DA:629,0
DA:632,4
DA:633,1
DA:634,1
DA:637,3
DA:639,2
DA:640,2
DA:642,2
DA:643,2
DA:644,1
DA:645,1
DA:647,1
DA:648,1
DA:653,1
DA:658,1
DA:662,1
DA:667,1
DA:674,13
DA:675,13
DA:676,1
DA:677,1
DA:679,1
DA:684,14
DA:685,13
DA:686,13
DA:688,1
DA:692,3
DA:693,2
DA:694,2
DA:695,2
DA:697,2
DA:703,2
DA:705,2
DA:706,2
DA:707,2
DA:708,1
DA:709,1
DA:710,1
DA:711,1
DA:713,1
DA:714,1
DA:715,1
DA:716,1
DA:717,1
DA:723,0
DA:724,0
DA:725,0
DA:729,1
DA:734,2
DA:735,2
DA:736,2
DA:737,1
DA:738,1
DA:740,1
DA:741,2
DA:743,1
DA:745,2
DA:747,1
DA:751,0
DA:756,0
DA:759,0
DA:762,0
DA:763,0
DA:764,0
DA:766,0
DA:768,0
DA:769,0
DA:775,12
DA:776,12
DA:777,12
DA:778,12
DA:779,12
DA:780,12
DA:781,12
DA:783,12
DA:784,0
DA:785,0
DA:786,0
DA:789,12
DA:791,12
DA:792,35
DA:795,35
DA:798,1
DA:803,0
DA:807,1
DA:813,12
DA:814,12
DA:816,12
DA:817,12
DA:818,12
DA:819,12
DA:821,12
DA:822,12
DA:823,12
DA:824,12
DA:825,12
DA:826,12
DA:829,12
DA:831,12
DA:832,12
DA:838,12
DA:839,12
LF:397
LH:342
BRDA:68,0,0,0
BRDA:68,1,0,20
BRDA:71,2,0,19
BRDA:71,2,1,19
BRDA:103,3,0,1
BRDA:103,3,1,91
BRDA:103,4,0,92
BRDA:103,4,1,91
BRDA:104,5,0,91
BRDA:104,5,1,0
BRDA:110,6,0,1
BRDA:110,6,1,1
BRDA:110,7,0,2
BRDA:110,7,1,1
BRDA:127,8,0,1303
BRDA:127,8,1,336
BRDA:128,9,0,252
BRDA:128,9,1,84
BRDA:131,10,0,84
BRDA:131,10,1,73
BRDA:135,11,0,0
BRDA:135,11,1,6
BRDA:135,12,0,6
BRDA:135,12,1,4
BRDA:138,13,0,4
BRDA:138,13,1,2
BRDA:141,14,0,2
BRDA:141,14,1,0
BRDA:145,15,0,1
BRDA:145,15,1,2
BRDA:145,16,0,3
BRDA:145,16,1,3
BRDA:149,17,0,2
BRDA:149,17,1,0
BRDA:162,18,0,5
BRDA:162,18,1,2
BRDA:163,19,0,5
BRDA:163,19,1,3
BRDA:165,20,0,1
BRDA:165,20,1,4
BRDA:165,21,0,5
BRDA:165,21,1,3
BRDA:171,22,0,2
BRDA:171,22,1,2
BRDA:174,23,0,1
BRDA:174,23,1,1
BRDA:186,24,0,18
BRDA:188,25,0,1
BRDA:188,25,1,16
BRDA:191,26,0,1
BRDA:191,26,1,15
BRDA:194,27,0,15
BRDA:194,27,1,0
BRDA:206,28,0,0
BRDA:206,28,1,3
BRDA:210,29,0,3
BRDA:210,29,1,0
BRDA:254,30,0,1
BRDA:254,30,1,0
BRDA:257,31,0,0
BRDA:257,31,1,1
BRDA:267,32,0,0
BRDA:267,32,1,0
BRDA:269,33,0,0
BRDA:269,33,1,0
BRDA:283,34,0,2
BRDA:283,34,1,0
BRDA:301,35,0,27
BRDA:301,35,1,0
BRDA:320,36,0,1
BRDA:320,36,1,13
BRDA:324,37,0,1
BRDA:324,37,1,13
BRDA:324,38,0,14
BRDA:324,38,1,13
BRDA:326,39,0,1
BRDA:326,39,1,0
BRDA:327,40,0,1
BRDA:327,40,1,0
BRDA:331,41,0,1
BRDA:331,41,1,13
BRDA:335,42,0,1
BRDA:335,42,1,13
BRDA:335,43,0,14
BRDA:335,43,1,2
BRDA:342,44,0,1
BRDA:342,44,1,13
BRDA:344,45,0,1
BRDA:344,45,1,12
BRDA:355,46,0,37
BRDA:355,46,1,32
BRDA:358,47,0,32
BRDA:358,47,1,5
BRDA:368,48,0,0
BRDA:368,48,1,5
BRDA:370,49,0,2
BRDA:370,49,1,3
BRDA:382,50,0,0
BRDA:382,50,1,5
BRDA:383,51,0,0
BRDA:383,51,1,5
BRDA:384,52,0,0
BRDA:384,52,1,5
BRDA:386,53,0,0
BRDA:386,53,1,5
BRDA:387,54,0,0
BRDA:387,54,1,5
BRDA:399,55,0,0
BRDA:399,55,1,1
BRDA:406,56,0,0
BRDA:406,56,1,0
BRDA:425,57,0,0
BRDA:425,57,1,35
BRDA:427,58,0,2
BRDA:427,58,1,33
BRDA:427,59,0,35
BRDA:427,59,1,7
BRDA:431,60,0,5
BRDA:431,60,1,28
BRDA:433,61,0,28
BRDA:433,61,1,0
BRDA:446,62,0,0
BRDA:446,62,1,0
BRDA:446,62,2,0
BRDA:446,62,3,0
BRDA:446,62,4,0
BRDA:446,62,5,0
BRDA:446,62,6,1
BRDA:446,62,7,0
BRDA:446,62,8,0
BRDA:446,62,9,3
BRDA:472,63,0,1638
BRDA:472,63,1,1634
BRDA:477,64,0,464
BRDA:477,64,1,1174
BRDA:478,65,0,35
BRDA:478,65,1,1603
BRDA:479,66,0,17
BRDA:479,66,1,1621
BRDA:480,67,0,11
BRDA:480,67,1,1627
BRDA:480,68,0,1638
BRDA:480,68,1,1630
BRDA:496,69,0,0
BRDA:496,69,1,1638
BRDA:506,70,0,2
BRDA:506,70,1,1
BRDA:506,71,0,3
BRDA:506,71,1,2
BRDA:506,71,2,2
BRDA:572,72,0,3
BRDA:572,72,1,3
BRDA:574,73,0,1
BRDA:574,73,1,2
BRDA:578,74,0,0
BRDA:578,74,1,2
BRDA:589,75,0,1
BRDA:589,75,1,1
BRDA:627,76,0,0
BRDA:627,76,1,4
BRDA:632,77,0,1
BRDA:632,77,1,3
BRDA:637,78,0,1
BRDA:637,78,1,2
BRDA:675,79,0,12
BRDA:675,79,1,1
BRDA:684,80,0,13
BRDA:684,80,1,1
BRDA:688,81,0,1
BRDA:688,81,1,0
BRDA:692,82,0,1
BRDA:692,82,1,2
BRDA:693,83,0,2
BRDA:693,83,1,0
BRDA:694,84,0,2
BRDA:694,84,1,2
BRDA:695,85,0,2
BRDA:695,85,1,2
BRDA:703,86,0,2
BRDA:703,86,1,0
BRDA:703,87,0,2
BRDA:703,87,1,0
BRDA:705,88,0,1
BRDA:705,88,1,1
BRDA:707,89,0,1
BRDA:707,89,1,1
BRDA:736,90,0,1
BRDA:736,90,1,1
BRDA:756,91,0,0
BRDA:756,91,1,0
BRDA:785,92,0,0
BRDA:785,92,1,0
BRDA:795,93,0,34
BRDA:795,93,1,1
BRDA:798,94,0,0
BRDA:798,94,1,1
BRDA:799,95,0,1
BRDA:799,95,1,1
BRDA:799,95,2,1
BRDA:831,96,0,12
BRDA:831,96,1,0
BRDA:831,97,0,12
BRDA:831,97,1,12
BRDA:838,98,0,12
BRDA:838,98,1,0
BRDA:838,99,0,12
BRDA:838,99,1,12
BRF:207
BRH:156
end_of_record
